[2023-01-05T10:56:01.341+0000] {taskinstance.py:1171} INFO - Dependencies all met for <TaskInstance: atn_import_data_from_apis.end_emr_cluster manual__2023-01-05T10:05:00.167541+00:00 [queued]>
[2023-01-05T10:56:01.359+0000] {taskinstance.py:1171} INFO - Dependencies all met for <TaskInstance: atn_import_data_from_apis.end_emr_cluster manual__2023-01-05T10:05:00.167541+00:00 [queued]>
[2023-01-05T10:56:01.360+0000] {taskinstance.py:1368} INFO - 
--------------------------------------------------------------------------------
[2023-01-05T10:56:01.360+0000] {taskinstance.py:1369} INFO - Starting attempt 1 of 3
[2023-01-05T10:56:01.360+0000] {taskinstance.py:1370} INFO - 
--------------------------------------------------------------------------------
[2023-01-05T10:56:01.374+0000] {taskinstance.py:1389} INFO - Executing <Task(EmrTerminateJobFlowOperator): end_emr_cluster> on 2023-01-05 10:05:00.167541+00:00
[2023-01-05T10:56:01.379+0000] {standard_task_runner.py:52} INFO - Started process 241 to run task
[2023-01-05T10:56:01.382+0000] {standard_task_runner.py:79} INFO - Running: ['***', 'tasks', 'run', 'atn_import_data_from_apis', 'end_emr_cluster', 'manual__2023-01-05T10:05:00.167541+00:00', '--job-id', '3744', '--raw', '--subdir', 'DAGS_FOLDER/market_data_analytics/my_dags/import_data_from_apis.py', '--cfg-path', '/tmp/tmp7k9j3ng3', '--error-file', '/tmp/tmpjdx28ge9']
[2023-01-05T10:56:01.383+0000] {standard_task_runner.py:80} INFO - Job 3744: Subtask end_emr_cluster
[2023-01-05T10:56:01.451+0000] {task_command.py:371} INFO - Running <TaskInstance: atn_import_data_from_apis.end_emr_cluster manual__2023-01-05T10:05:00.167541+00:00 [running]> on host 370ed6868bc3
[2023-01-05T10:56:01.541+0000] {taskinstance.py:1583} INFO - Exporting the following env vars:
AIRFLOW_CTX_DAG_OWNER=atn
AIRFLOW_CTX_DAG_ID=atn_import_data_from_apis
AIRFLOW_CTX_TASK_ID=end_emr_cluster
AIRFLOW_CTX_EXECUTION_DATE=2023-01-05T10:05:00.167541+00:00
AIRFLOW_CTX_TRY_NUMBER=1
AIRFLOW_CTX_DAG_RUN_ID=manual__2023-01-05T10:05:00.167541+00:00
[2023-01-05T10:56:01.553+0000] {base.py:68} INFO - Using connection ID 'aws_credentials' for task execution.
[2023-01-05T10:56:01.553+0000] {connection_wrapper.py:210} INFO - AWS Connection (conn_id='aws_credentials', conn_type='aws') credentials retrieved from login and password.
[2023-01-05T10:56:01.603+0000] {emr.py:410} INFO - Terminating JobFlow j-275LF5U6JZLEP
[2023-01-05T10:56:02.454+0000] {emr.py:416} INFO - JobFlow with id j-275LF5U6JZLEP terminated
[2023-01-05T10:56:02.484+0000] {taskinstance.py:1412} INFO - Marking task as SUCCESS. dag_id=atn_import_data_from_apis, task_id=end_emr_cluster, execution_date=20230105T100500, start_date=20230105T105601, end_date=20230105T105602
[2023-01-05T10:56:02.523+0000] {local_task_job.py:156} INFO - Task exited with return code 0
[2023-01-05T10:56:02.575+0000] {local_task_job.py:279} INFO - 1 downstream tasks scheduled from follow-on schedule check
