[2023-01-08T16:03:02.583+0000] {taskinstance.py:1171} INFO - Dependencies all met for <TaskInstance: atn_update_datalake.check_put_tickers_shares_dim_step manual__2023-01-08T15:06:09.206673+00:00 [queued]>
[2023-01-08T16:03:02.598+0000] {taskinstance.py:1171} INFO - Dependencies all met for <TaskInstance: atn_update_datalake.check_put_tickers_shares_dim_step manual__2023-01-08T15:06:09.206673+00:00 [queued]>
[2023-01-08T16:03:02.599+0000] {taskinstance.py:1368} INFO - 
--------------------------------------------------------------------------------
[2023-01-08T16:03:02.599+0000] {taskinstance.py:1369} INFO - Starting attempt 1 of 3
[2023-01-08T16:03:02.599+0000] {taskinstance.py:1370} INFO - 
--------------------------------------------------------------------------------
[2023-01-08T16:03:02.614+0000] {taskinstance.py:1389} INFO - Executing <Task(EmrStepSensor): check_put_tickers_shares_dim_step> on 2023-01-08 15:06:09.206673+00:00
[2023-01-08T16:03:02.619+0000] {standard_task_runner.py:52} INFO - Started process 385 to run task
[2023-01-08T16:03:02.623+0000] {standard_task_runner.py:79} INFO - Running: ['***', 'tasks', 'run', 'atn_update_datalake', 'check_put_tickers_shares_dim_step', 'manual__2023-01-08T15:06:09.206673+00:00', '--job-id', '4081', '--raw', '--subdir', 'DAGS_FOLDER/market_data_analytics/my_dags/datalake_update.py', '--cfg-path', '/tmp/tmpeb9aa48n', '--error-file', '/tmp/tmp08pjbtay']
[2023-01-08T16:03:02.623+0000] {standard_task_runner.py:80} INFO - Job 4081: Subtask check_put_tickers_shares_dim_step
[2023-01-08T16:03:02.722+0000] {task_command.py:371} INFO - Running <TaskInstance: atn_update_datalake.check_put_tickers_shares_dim_step manual__2023-01-08T15:06:09.206673+00:00 [running]> on host 370ed6868bc3
[2023-01-08T16:03:02.859+0000] {taskinstance.py:1583} INFO - Exporting the following env vars:
AIRFLOW_CTX_DAG_OWNER=atn
AIRFLOW_CTX_DAG_ID=atn_update_datalake
AIRFLOW_CTX_TASK_ID=check_put_tickers_shares_dim_step
AIRFLOW_CTX_EXECUTION_DATE=2023-01-08T15:06:09.206673+00:00
AIRFLOW_CTX_TRY_NUMBER=1
AIRFLOW_CTX_DAG_RUN_ID=manual__2023-01-08T15:06:09.206673+00:00
[2023-01-08T16:03:02.870+0000] {base.py:68} INFO - Using connection ID 'aws_credentials' for task execution.
[2023-01-08T16:03:02.871+0000] {connection_wrapper.py:210} INFO - AWS Connection (conn_id='aws_credentials', conn_type='aws') credentials retrieved from login and password.
[2023-01-08T16:03:02.909+0000] {emr.py:443} INFO - Poking step s-REQQHIBI6J9A on cluster j-36MHGJC6JXK5R
[2023-01-08T16:03:03.626+0000] {emr.py:69} INFO - Job flow currently PENDING
[2023-01-08T16:04:03.672+0000] {emr.py:443} INFO - Poking step s-REQQHIBI6J9A on cluster j-36MHGJC6JXK5R
[2023-01-08T16:04:04.404+0000] {emr.py:69} INFO - Job flow currently RUNNING
[2023-01-08T16:05:04.464+0000] {emr.py:443} INFO - Poking step s-REQQHIBI6J9A on cluster j-36MHGJC6JXK5R
[2023-01-08T16:05:05.276+0000] {emr.py:69} INFO - Job flow currently RUNNING
[2023-01-08T16:06:05.337+0000] {emr.py:443} INFO - Poking step s-REQQHIBI6J9A on cluster j-36MHGJC6JXK5R
[2023-01-08T16:06:06.087+0000] {emr.py:69} INFO - Job flow currently RUNNING
[2023-01-08T16:07:06.144+0000] {emr.py:443} INFO - Poking step s-REQQHIBI6J9A on cluster j-36MHGJC6JXK5R
[2023-01-08T16:07:06.905+0000] {emr.py:69} INFO - Job flow currently COMPLETED
[2023-01-08T16:07:06.906+0000] {base.py:301} INFO - Success criteria met. Exiting.
[2023-01-08T16:07:06.946+0000] {taskinstance.py:1412} INFO - Marking task as SUCCESS. dag_id=atn_update_datalake, task_id=check_put_tickers_shares_dim_step, execution_date=20230108T150609, start_date=20230108T160302, end_date=20230108T160706
[2023-01-08T16:07:06.983+0000] {local_task_job.py:156} INFO - Task exited with return code 0
[2023-01-08T16:07:07.068+0000] {local_task_job.py:279} INFO - 1 downstream tasks scheduled from follow-on schedule check
