[2023-01-08T16:20:32.156+0000] {taskinstance.py:1171} INFO - Dependencies all met for <TaskInstance: atn_update_datalake.add_datalake_quality_ctrl_step manual__2023-01-08T15:06:09.206673+00:00 [queued]>
[2023-01-08T16:20:32.174+0000] {taskinstance.py:1171} INFO - Dependencies all met for <TaskInstance: atn_update_datalake.add_datalake_quality_ctrl_step manual__2023-01-08T15:06:09.206673+00:00 [queued]>
[2023-01-08T16:20:32.175+0000] {taskinstance.py:1368} INFO - 
--------------------------------------------------------------------------------
[2023-01-08T16:20:32.175+0000] {taskinstance.py:1369} INFO - Starting attempt 1 of 3
[2023-01-08T16:20:32.175+0000] {taskinstance.py:1370} INFO - 
--------------------------------------------------------------------------------
[2023-01-08T16:20:32.188+0000] {taskinstance.py:1389} INFO - Executing <Task(EmrAddStepsOperator): add_datalake_quality_ctrl_step> on 2023-01-08 15:06:09.206673+00:00
[2023-01-08T16:20:32.193+0000] {standard_task_runner.py:52} INFO - Started process 399 to run task
[2023-01-08T16:20:32.196+0000] {standard_task_runner.py:79} INFO - Running: ['***', 'tasks', 'run', 'atn_update_datalake', 'add_datalake_quality_ctrl_step', 'manual__2023-01-08T15:06:09.206673+00:00', '--job-id', '4088', '--raw', '--subdir', 'DAGS_FOLDER/market_data_analytics/my_dags/datalake_update.py', '--cfg-path', '/tmp/tmpmzko5dqj', '--error-file', '/tmp/tmp0eam8e2b']
[2023-01-08T16:20:32.196+0000] {standard_task_runner.py:80} INFO - Job 4088: Subtask add_datalake_quality_ctrl_step
[2023-01-08T16:20:32.261+0000] {task_command.py:371} INFO - Running <TaskInstance: atn_update_datalake.add_datalake_quality_ctrl_step manual__2023-01-08T15:06:09.206673+00:00 [running]> on host 370ed6868bc3
[2023-01-08T16:20:32.354+0000] {taskinstance.py:1583} INFO - Exporting the following env vars:
AIRFLOW_CTX_DAG_OWNER=atn
AIRFLOW_CTX_DAG_ID=atn_update_datalake
AIRFLOW_CTX_TASK_ID=add_datalake_quality_ctrl_step
AIRFLOW_CTX_EXECUTION_DATE=2023-01-08T15:06:09.206673+00:00
AIRFLOW_CTX_TRY_NUMBER=1
AIRFLOW_CTX_DAG_RUN_ID=manual__2023-01-08T15:06:09.206673+00:00
[2023-01-08T16:20:32.366+0000] {base.py:68} INFO - Using connection ID 'aws_credentials' for task execution.
[2023-01-08T16:20:32.366+0000] {connection_wrapper.py:210} INFO - AWS Connection (conn_id='aws_credentials', conn_type='aws') credentials retrieved from login and password.
[2023-01-08T16:20:32.429+0000] {emr.py:104} INFO - Adding steps to j-36MHGJC6JXK5R
[2023-01-08T16:20:33.197+0000] {emr.py:117} INFO - Steps ['s-2HKIFMK1T35WA'] added to JobFlow
[2023-01-08T16:20:33.244+0000] {taskinstance.py:1412} INFO - Marking task as SUCCESS. dag_id=atn_update_datalake, task_id=add_datalake_quality_ctrl_step, execution_date=20230108T150609, start_date=20230108T162032, end_date=20230108T162033
[2023-01-08T16:20:33.295+0000] {local_task_job.py:156} INFO - Task exited with return code 0
[2023-01-08T16:20:33.373+0000] {local_task_job.py:279} INFO - 1 downstream tasks scheduled from follow-on schedule check
