[2023-01-06T13:22:51.866+0000] {taskinstance.py:1171} INFO - Dependencies all met for <TaskInstance: atn_update_datalake.check_put_market_dim_step manual__2023-01-06T13:21:32.663212+00:00 [queued]>
[2023-01-06T13:22:51.879+0000] {taskinstance.py:1171} INFO - Dependencies all met for <TaskInstance: atn_update_datalake.check_put_market_dim_step manual__2023-01-06T13:21:32.663212+00:00 [queued]>
[2023-01-06T13:22:51.879+0000] {taskinstance.py:1368} INFO - 
--------------------------------------------------------------------------------
[2023-01-06T13:22:51.880+0000] {taskinstance.py:1369} INFO - Starting attempt 1 of 3
[2023-01-06T13:22:51.880+0000] {taskinstance.py:1370} INFO - 
--------------------------------------------------------------------------------
[2023-01-06T13:22:51.892+0000] {taskinstance.py:1389} INFO - Executing <Task(EmrStepSensor): check_put_market_dim_step> on 2023-01-06 13:21:32.663212+00:00
[2023-01-06T13:22:51.897+0000] {standard_task_runner.py:52} INFO - Started process 379 to run task
[2023-01-06T13:22:51.901+0000] {standard_task_runner.py:79} INFO - Running: ['***', 'tasks', 'run', 'atn_update_datalake', 'check_put_market_dim_step', 'manual__2023-01-06T13:21:32.663212+00:00', '--job-id', '3919', '--raw', '--subdir', 'DAGS_FOLDER/market_data_analytics/my_dags/datalake_update.py', '--cfg-path', '/tmp/tmp6p3_y0rc', '--error-file', '/tmp/tmp55gj5i41']
[2023-01-06T13:22:51.901+0000] {standard_task_runner.py:80} INFO - Job 3919: Subtask check_put_market_dim_step
[2023-01-06T13:22:51.970+0000] {task_command.py:371} INFO - Running <TaskInstance: atn_update_datalake.check_put_market_dim_step manual__2023-01-06T13:21:32.663212+00:00 [running]> on host 370ed6868bc3
[2023-01-06T13:22:52.061+0000] {taskinstance.py:1583} INFO - Exporting the following env vars:
AIRFLOW_CTX_DAG_OWNER=atn
AIRFLOW_CTX_DAG_ID=atn_update_datalake
AIRFLOW_CTX_TASK_ID=check_put_market_dim_step
AIRFLOW_CTX_EXECUTION_DATE=2023-01-06T13:21:32.663212+00:00
AIRFLOW_CTX_TRY_NUMBER=1
AIRFLOW_CTX_DAG_RUN_ID=manual__2023-01-06T13:21:32.663212+00:00
[2023-01-06T13:22:52.074+0000] {base.py:68} INFO - Using connection ID 'aws_credentials' for task execution.
[2023-01-06T13:22:52.075+0000] {connection_wrapper.py:210} INFO - AWS Connection (conn_id='aws_credentials', conn_type='aws') credentials retrieved from login and password.
[2023-01-06T13:22:52.116+0000] {emr.py:443} INFO - Poking step s-YJ75PR26R3H6 on cluster j-3G7PO8Y3OE3BT
[2023-01-06T13:22:53.074+0000] {emr.py:69} INFO - Job flow currently PENDING
[2023-01-06T13:23:53.133+0000] {emr.py:443} INFO - Poking step s-YJ75PR26R3H6 on cluster j-3G7PO8Y3OE3BT
[2023-01-06T13:23:55.541+0000] {emr.py:69} INFO - Job flow currently PENDING
[2023-01-06T13:24:55.600+0000] {emr.py:443} INFO - Poking step s-YJ75PR26R3H6 on cluster j-3G7PO8Y3OE3BT
[2023-01-06T13:25:01.380+0000] {emr.py:69} INFO - Job flow currently PENDING
[2023-01-06T13:26:01.439+0000] {emr.py:443} INFO - Poking step s-YJ75PR26R3H6 on cluster j-3G7PO8Y3OE3BT
[2023-01-06T13:26:04.571+0000] {emr.py:69} INFO - Job flow currently PENDING
[2023-01-06T13:27:04.623+0000] {emr.py:443} INFO - Poking step s-YJ75PR26R3H6 on cluster j-3G7PO8Y3OE3BT
[2023-01-06T13:27:05.990+0000] {emr.py:69} INFO - Job flow currently PENDING
[2023-01-06T13:28:06.052+0000] {emr.py:443} INFO - Poking step s-YJ75PR26R3H6 on cluster j-3G7PO8Y3OE3BT
[2023-01-06T13:28:07.565+0000] {emr.py:69} INFO - Job flow currently PENDING
[2023-01-06T13:29:07.583+0000] {emr.py:443} INFO - Poking step s-YJ75PR26R3H6 on cluster j-3G7PO8Y3OE3BT
[2023-01-06T13:29:08.921+0000] {emr.py:69} INFO - Job flow currently PENDING
[2023-01-06T13:30:08.983+0000] {emr.py:443} INFO - Poking step s-YJ75PR26R3H6 on cluster j-3G7PO8Y3OE3BT
[2023-01-06T13:30:10.169+0000] {emr.py:69} INFO - Job flow currently RUNNING
[2023-01-06T13:31:10.230+0000] {emr.py:443} INFO - Poking step s-YJ75PR26R3H6 on cluster j-3G7PO8Y3OE3BT
[2023-01-06T13:31:11.418+0000] {emr.py:69} INFO - Job flow currently RUNNING
[2023-01-06T13:32:11.458+0000] {emr.py:443} INFO - Poking step s-YJ75PR26R3H6 on cluster j-3G7PO8Y3OE3BT
[2023-01-06T13:32:13.610+0000] {emr.py:69} INFO - Job flow currently COMPLETED
[2023-01-06T13:32:13.611+0000] {base.py:301} INFO - Success criteria met. Exiting.
[2023-01-06T13:32:13.647+0000] {taskinstance.py:1412} INFO - Marking task as SUCCESS. dag_id=atn_update_datalake, task_id=check_put_market_dim_step, execution_date=20230106T132132, start_date=20230106T132251, end_date=20230106T133213
[2023-01-06T13:32:13.678+0000] {local_task_job.py:156} INFO - Task exited with return code 0
[2023-01-06T13:32:13.747+0000] {local_task_job.py:279} INFO - 1 downstream tasks scheduled from follow-on schedule check
