[2023-01-05T10:57:10.577+0000] {taskinstance.py:1171} INFO - Dependencies all met for <TaskInstance: atn_update_datalake.check_put_market_dim_step manual__2023-01-05T10:56:03.364986+00:00 [queued]>
[2023-01-05T10:57:10.590+0000] {taskinstance.py:1171} INFO - Dependencies all met for <TaskInstance: atn_update_datalake.check_put_market_dim_step manual__2023-01-05T10:56:03.364986+00:00 [queued]>
[2023-01-05T10:57:10.590+0000] {taskinstance.py:1368} INFO - 
--------------------------------------------------------------------------------
[2023-01-05T10:57:10.590+0000] {taskinstance.py:1369} INFO - Starting attempt 1 of 3
[2023-01-05T10:57:10.590+0000] {taskinstance.py:1370} INFO - 
--------------------------------------------------------------------------------
[2023-01-05T10:57:10.604+0000] {taskinstance.py:1389} INFO - Executing <Task(EmrStepSensor): check_put_market_dim_step> on 2023-01-05 10:56:03.364986+00:00
[2023-01-05T10:57:10.631+0000] {standard_task_runner.py:52} INFO - Started process 332 to run task
[2023-01-05T10:57:10.637+0000] {standard_task_runner.py:79} INFO - Running: ['***', 'tasks', 'run', 'atn_update_datalake', 'check_put_market_dim_step', 'manual__2023-01-05T10:56:03.364986+00:00', '--job-id', '3769', '--raw', '--subdir', 'DAGS_FOLDER/market_data_analytics/my_dags/datalake_update.py', '--cfg-path', '/tmp/tmpcqp9obdj', '--error-file', '/tmp/tmpgifdypi9']
[2023-01-05T10:57:10.638+0000] {standard_task_runner.py:80} INFO - Job 3769: Subtask check_put_market_dim_step
[2023-01-05T10:57:10.707+0000] {task_command.py:371} INFO - Running <TaskInstance: atn_update_datalake.check_put_market_dim_step manual__2023-01-05T10:56:03.364986+00:00 [running]> on host 370ed6868bc3
[2023-01-05T10:57:10.812+0000] {taskinstance.py:1583} INFO - Exporting the following env vars:
AIRFLOW_CTX_DAG_OWNER=atn
AIRFLOW_CTX_DAG_ID=atn_update_datalake
AIRFLOW_CTX_TASK_ID=check_put_market_dim_step
AIRFLOW_CTX_EXECUTION_DATE=2023-01-05T10:56:03.364986+00:00
AIRFLOW_CTX_TRY_NUMBER=1
AIRFLOW_CTX_DAG_RUN_ID=manual__2023-01-05T10:56:03.364986+00:00
[2023-01-05T10:57:10.825+0000] {base.py:68} INFO - Using connection ID 'aws_credentials' for task execution.
[2023-01-05T10:57:10.825+0000] {connection_wrapper.py:210} INFO - AWS Connection (conn_id='aws_credentials', conn_type='aws') credentials retrieved from login and password.
[2023-01-05T10:57:10.867+0000] {emr.py:443} INFO - Poking step s-2RADF7UX72P89 on cluster j-1Z5DDUK8PTRNA
[2023-01-05T10:57:12.119+0000] {emr.py:69} INFO - Job flow currently PENDING
[2023-01-05T10:58:12.177+0000] {emr.py:443} INFO - Poking step s-2RADF7UX72P89 on cluster j-1Z5DDUK8PTRNA
[2023-01-05T10:58:13.096+0000] {emr.py:69} INFO - Job flow currently PENDING
[2023-01-05T10:59:13.156+0000] {emr.py:443} INFO - Poking step s-2RADF7UX72P89 on cluster j-1Z5DDUK8PTRNA
[2023-01-05T10:59:14.252+0000] {emr.py:69} INFO - Job flow currently PENDING
[2023-01-05T11:00:14.263+0000] {emr.py:443} INFO - Poking step s-2RADF7UX72P89 on cluster j-1Z5DDUK8PTRNA
[2023-01-05T11:00:15.203+0000] {emr.py:69} INFO - Job flow currently PENDING
[2023-01-05T11:01:15.232+0000] {emr.py:443} INFO - Poking step s-2RADF7UX72P89 on cluster j-1Z5DDUK8PTRNA
[2023-01-05T11:01:16.376+0000] {emr.py:69} INFO - Job flow currently PENDING
[2023-01-05T11:02:16.437+0000] {emr.py:443} INFO - Poking step s-2RADF7UX72P89 on cluster j-1Z5DDUK8PTRNA
[2023-01-05T11:02:17.386+0000] {emr.py:69} INFO - Job flow currently PENDING
[2023-01-05T11:03:17.437+0000] {emr.py:443} INFO - Poking step s-2RADF7UX72P89 on cluster j-1Z5DDUK8PTRNA
[2023-01-05T11:03:18.462+0000] {emr.py:69} INFO - Job flow currently PENDING
[2023-01-05T11:04:18.516+0000] {emr.py:443} INFO - Poking step s-2RADF7UX72P89 on cluster j-1Z5DDUK8PTRNA
[2023-01-05T11:04:19.734+0000] {emr.py:69} INFO - Job flow currently RUNNING
[2023-01-05T11:05:19.791+0000] {emr.py:443} INFO - Poking step s-2RADF7UX72P89 on cluster j-1Z5DDUK8PTRNA
[2023-01-05T11:05:20.781+0000] {emr.py:69} INFO - Job flow currently RUNNING
[2023-01-05T11:06:20.840+0000] {emr.py:443} INFO - Poking step s-2RADF7UX72P89 on cluster j-1Z5DDUK8PTRNA
[2023-01-05T11:06:21.899+0000] {emr.py:69} INFO - Job flow currently COMPLETED
[2023-01-05T11:06:21.900+0000] {base.py:301} INFO - Success criteria met. Exiting.
[2023-01-05T11:06:21.924+0000] {taskinstance.py:1412} INFO - Marking task as SUCCESS. dag_id=atn_update_datalake, task_id=check_put_market_dim_step, execution_date=20230105T105603, start_date=20230105T105710, end_date=20230105T110621
[2023-01-05T11:06:21.981+0000] {local_task_job.py:156} INFO - Task exited with return code 0
[2023-01-05T11:06:22.063+0000] {local_task_job.py:279} INFO - 1 downstream tasks scheduled from follow-on schedule check
