[2023-01-08T15:33:57.649+0000] {taskinstance.py:1171} INFO - Dependencies all met for <TaskInstance: atn_update_datalake.check_put_tickers_balancesheet_dim_step manual__2023-01-08T15:06:09.206673+00:00 [queued]>
[2023-01-08T15:33:57.664+0000] {taskinstance.py:1171} INFO - Dependencies all met for <TaskInstance: atn_update_datalake.check_put_tickers_balancesheet_dim_step manual__2023-01-08T15:06:09.206673+00:00 [queued]>
[2023-01-08T15:33:57.664+0000] {taskinstance.py:1368} INFO - 
--------------------------------------------------------------------------------
[2023-01-08T15:33:57.664+0000] {taskinstance.py:1369} INFO - Starting attempt 1 of 3
[2023-01-08T15:33:57.665+0000] {taskinstance.py:1370} INFO - 
--------------------------------------------------------------------------------
[2023-01-08T15:33:57.680+0000] {taskinstance.py:1389} INFO - Executing <Task(EmrStepSensor): check_put_tickers_balancesheet_dim_step> on 2023-01-08 15:06:09.206673+00:00
[2023-01-08T15:33:57.686+0000] {standard_task_runner.py:52} INFO - Started process 353 to run task
[2023-01-08T15:33:57.689+0000] {standard_task_runner.py:79} INFO - Running: ['***', 'tasks', 'run', 'atn_update_datalake', 'check_put_tickers_balancesheet_dim_step', 'manual__2023-01-08T15:06:09.206673+00:00', '--job-id', '4065', '--raw', '--subdir', 'DAGS_FOLDER/market_data_analytics/my_dags/datalake_update.py', '--cfg-path', '/tmp/tmppg_oj0i4', '--error-file', '/tmp/tmpozfa4y1h']
[2023-01-08T15:33:57.690+0000] {standard_task_runner.py:80} INFO - Job 4065: Subtask check_put_tickers_balancesheet_dim_step
[2023-01-08T15:33:57.761+0000] {task_command.py:371} INFO - Running <TaskInstance: atn_update_datalake.check_put_tickers_balancesheet_dim_step manual__2023-01-08T15:06:09.206673+00:00 [running]> on host 370ed6868bc3
[2023-01-08T15:33:57.863+0000] {taskinstance.py:1583} INFO - Exporting the following env vars:
AIRFLOW_CTX_DAG_OWNER=atn
AIRFLOW_CTX_DAG_ID=atn_update_datalake
AIRFLOW_CTX_TASK_ID=check_put_tickers_balancesheet_dim_step
AIRFLOW_CTX_EXECUTION_DATE=2023-01-08T15:06:09.206673+00:00
AIRFLOW_CTX_TRY_NUMBER=1
AIRFLOW_CTX_DAG_RUN_ID=manual__2023-01-08T15:06:09.206673+00:00
[2023-01-08T15:33:57.875+0000] {base.py:68} INFO - Using connection ID 'aws_credentials' for task execution.
[2023-01-08T15:33:57.875+0000] {connection_wrapper.py:210} INFO - AWS Connection (conn_id='aws_credentials', conn_type='aws') credentials retrieved from login and password.
[2023-01-08T15:33:57.915+0000] {emr.py:443} INFO - Poking step s-2NW4D06HHFWGN on cluster j-36MHGJC6JXK5R
[2023-01-08T15:33:58.633+0000] {emr.py:69} INFO - Job flow currently PENDING
[2023-01-08T15:34:58.641+0000] {emr.py:443} INFO - Poking step s-2NW4D06HHFWGN on cluster j-36MHGJC6JXK5R
[2023-01-08T15:34:59.357+0000] {emr.py:69} INFO - Job flow currently RUNNING
[2023-01-08T15:35:59.365+0000] {emr.py:443} INFO - Poking step s-2NW4D06HHFWGN on cluster j-36MHGJC6JXK5R
[2023-01-08T15:36:00.124+0000] {emr.py:69} INFO - Job flow currently RUNNING
[2023-01-08T15:37:00.185+0000] {emr.py:443} INFO - Poking step s-2NW4D06HHFWGN on cluster j-36MHGJC6JXK5R
[2023-01-08T15:37:01.016+0000] {emr.py:69} INFO - Job flow currently RUNNING
[2023-01-08T15:38:01.031+0000] {emr.py:443} INFO - Poking step s-2NW4D06HHFWGN on cluster j-36MHGJC6JXK5R
[2023-01-08T15:38:01.784+0000] {emr.py:69} INFO - Job flow currently COMPLETED
[2023-01-08T15:38:01.785+0000] {base.py:301} INFO - Success criteria met. Exiting.
[2023-01-08T15:38:01.824+0000] {taskinstance.py:1412} INFO - Marking task as SUCCESS. dag_id=atn_update_datalake, task_id=check_put_tickers_balancesheet_dim_step, execution_date=20230108T150609, start_date=20230108T153357, end_date=20230108T153801
[2023-01-08T15:38:01.917+0000] {local_task_job.py:156} INFO - Task exited with return code 0
[2023-01-08T15:38:02.081+0000] {local_task_job.py:279} INFO - 1 downstream tasks scheduled from follow-on schedule check
