[2023-01-08T15:45:23.229+0000] {taskinstance.py:1171} INFO - Dependencies all met for <TaskInstance: atn_update_datalake.check_put_tickers_earnings_dim_step manual__2023-01-08T15:06:09.206673+00:00 [queued]>
[2023-01-08T15:45:23.255+0000] {taskinstance.py:1171} INFO - Dependencies all met for <TaskInstance: atn_update_datalake.check_put_tickers_earnings_dim_step manual__2023-01-08T15:06:09.206673+00:00 [queued]>
[2023-01-08T15:45:23.256+0000] {taskinstance.py:1368} INFO - 
--------------------------------------------------------------------------------
[2023-01-08T15:45:23.257+0000] {taskinstance.py:1369} INFO - Starting attempt 1 of 3
[2023-01-08T15:45:23.257+0000] {taskinstance.py:1370} INFO - 
--------------------------------------------------------------------------------
[2023-01-08T15:45:23.317+0000] {taskinstance.py:1389} INFO - Executing <Task(EmrStepSensor): check_put_tickers_earnings_dim_step> on 2023-01-08 15:06:09.206673+00:00
[2023-01-08T15:45:23.331+0000] {standard_task_runner.py:52} INFO - Started process 365 to run task
[2023-01-08T15:45:23.336+0000] {standard_task_runner.py:79} INFO - Running: ['***', 'tasks', 'run', 'atn_update_datalake', 'check_put_tickers_earnings_dim_step', 'manual__2023-01-08T15:06:09.206673+00:00', '--job-id', '4071', '--raw', '--subdir', 'DAGS_FOLDER/market_data_analytics/my_dags/datalake_update.py', '--cfg-path', '/tmp/tmpoymb9a17', '--error-file', '/tmp/tmp78u2ho9g']
[2023-01-08T15:45:23.337+0000] {standard_task_runner.py:80} INFO - Job 4071: Subtask check_put_tickers_earnings_dim_step
[2023-01-08T15:45:23.524+0000] {task_command.py:371} INFO - Running <TaskInstance: atn_update_datalake.check_put_tickers_earnings_dim_step manual__2023-01-08T15:06:09.206673+00:00 [running]> on host 370ed6868bc3
[2023-01-08T15:45:23.740+0000] {taskinstance.py:1583} INFO - Exporting the following env vars:
AIRFLOW_CTX_DAG_OWNER=atn
AIRFLOW_CTX_DAG_ID=atn_update_datalake
AIRFLOW_CTX_TASK_ID=check_put_tickers_earnings_dim_step
AIRFLOW_CTX_EXECUTION_DATE=2023-01-08T15:06:09.206673+00:00
AIRFLOW_CTX_TRY_NUMBER=1
AIRFLOW_CTX_DAG_RUN_ID=manual__2023-01-08T15:06:09.206673+00:00
[2023-01-08T15:45:23.784+0000] {base.py:68} INFO - Using connection ID 'aws_credentials' for task execution.
[2023-01-08T15:45:23.786+0000] {connection_wrapper.py:210} INFO - AWS Connection (conn_id='aws_credentials', conn_type='aws') credentials retrieved from login and password.
[2023-01-08T15:45:23.899+0000] {emr.py:443} INFO - Poking step s-1QRZZMFO9HUK on cluster j-36MHGJC6JXK5R
[2023-01-08T15:45:24.642+0000] {emr.py:69} INFO - Job flow currently PENDING
[2023-01-08T15:46:24.704+0000] {emr.py:443} INFO - Poking step s-1QRZZMFO9HUK on cluster j-36MHGJC6JXK5R
[2023-01-08T15:46:25.444+0000] {emr.py:69} INFO - Job flow currently RUNNING
[2023-01-08T15:47:25.505+0000] {emr.py:443} INFO - Poking step s-1QRZZMFO9HUK on cluster j-36MHGJC6JXK5R
[2023-01-08T15:47:26.278+0000] {emr.py:69} INFO - Job flow currently RUNNING
[2023-01-08T15:48:26.334+0000] {emr.py:443} INFO - Poking step s-1QRZZMFO9HUK on cluster j-36MHGJC6JXK5R
[2023-01-08T15:48:27.046+0000] {emr.py:69} INFO - Job flow currently RUNNING
[2023-01-08T15:49:27.104+0000] {emr.py:443} INFO - Poking step s-1QRZZMFO9HUK on cluster j-36MHGJC6JXK5R
[2023-01-08T15:49:27.854+0000] {emr.py:69} INFO - Job flow currently COMPLETED
[2023-01-08T15:49:27.855+0000] {base.py:301} INFO - Success criteria met. Exiting.
[2023-01-08T15:49:27.883+0000] {taskinstance.py:1412} INFO - Marking task as SUCCESS. dag_id=atn_update_datalake, task_id=check_put_tickers_earnings_dim_step, execution_date=20230108T150609, start_date=20230108T154523, end_date=20230108T154927
[2023-01-08T15:49:27.922+0000] {local_task_job.py:156} INFO - Task exited with return code 0
[2023-01-08T15:49:27.975+0000] {local_task_job.py:279} INFO - 1 downstream tasks scheduled from follow-on schedule check
