[2023-01-05T13:28:04.849+0000] {taskinstance.py:1171} INFO - Dependencies all met for <TaskInstance: atn_update_datalake.check_put_tickers_tweets_dim_step manual__2023-01-05T10:56:03.364986+00:00 [queued]>
[2023-01-05T13:28:04.861+0000] {taskinstance.py:1171} INFO - Dependencies all met for <TaskInstance: atn_update_datalake.check_put_tickers_tweets_dim_step manual__2023-01-05T10:56:03.364986+00:00 [queued]>
[2023-01-05T13:28:04.861+0000] {taskinstance.py:1368} INFO - 
--------------------------------------------------------------------------------
[2023-01-05T13:28:04.861+0000] {taskinstance.py:1369} INFO - Starting attempt 2 of 3
[2023-01-05T13:28:04.861+0000] {taskinstance.py:1370} INFO - 
--------------------------------------------------------------------------------
[2023-01-05T13:28:04.873+0000] {taskinstance.py:1389} INFO - Executing <Task(EmrStepSensor): check_put_tickers_tweets_dim_step> on 2023-01-05 10:56:03.364986+00:00
[2023-01-05T13:28:04.878+0000] {standard_task_runner.py:52} INFO - Started process 400 to run task
[2023-01-05T13:28:04.880+0000] {standard_task_runner.py:79} INFO - Running: ['***', 'tasks', 'run', 'atn_update_datalake', 'check_put_tickers_tweets_dim_step', 'manual__2023-01-05T10:56:03.364986+00:00', '--job-id', '3802', '--raw', '--subdir', 'DAGS_FOLDER/market_data_analytics/my_dags/datalake_update.py', '--cfg-path', '/tmp/tmpr3x5n9ve', '--error-file', '/tmp/tmptmjbqwm8']
[2023-01-05T13:28:04.881+0000] {standard_task_runner.py:80} INFO - Job 3802: Subtask check_put_tickers_tweets_dim_step
[2023-01-05T13:28:04.938+0000] {task_command.py:371} INFO - Running <TaskInstance: atn_update_datalake.check_put_tickers_tweets_dim_step manual__2023-01-05T10:56:03.364986+00:00 [running]> on host 370ed6868bc3
[2023-01-05T13:28:05.024+0000] {taskinstance.py:1583} INFO - Exporting the following env vars:
AIRFLOW_CTX_DAG_OWNER=atn
AIRFLOW_CTX_DAG_ID=atn_update_datalake
AIRFLOW_CTX_TASK_ID=check_put_tickers_tweets_dim_step
AIRFLOW_CTX_EXECUTION_DATE=2023-01-05T10:56:03.364986+00:00
AIRFLOW_CTX_TRY_NUMBER=2
AIRFLOW_CTX_DAG_RUN_ID=manual__2023-01-05T10:56:03.364986+00:00
[2023-01-05T13:28:05.033+0000] {base.py:68} INFO - Using connection ID 'aws_credentials' for task execution.
[2023-01-05T13:28:05.034+0000] {connection_wrapper.py:210} INFO - AWS Connection (conn_id='aws_credentials', conn_type='aws') credentials retrieved from login and password.
[2023-01-05T13:28:05.066+0000] {emr.py:443} INFO - Poking step s-1SXOW33WD98XO on cluster j-1Z5DDUK8PTRNA
[2023-01-05T13:28:38.801+0000] {emr.py:69} INFO - Job flow currently COMPLETED
[2023-01-05T13:28:38.802+0000] {base.py:301} INFO - Success criteria met. Exiting.
[2023-01-05T13:28:38.828+0000] {taskinstance.py:1412} INFO - Marking task as SUCCESS. dag_id=atn_update_datalake, task_id=check_put_tickers_tweets_dim_step, execution_date=20230105T105603, start_date=20230105T132804, end_date=20230105T132838
[2023-01-05T13:28:38.896+0000] {local_task_job.py:156} INFO - Task exited with return code 0
[2023-01-05T13:28:38.958+0000] {local_task_job.py:279} INFO - 1 downstream tasks scheduled from follow-on schedule check
