[2023-01-06T14:06:44.834+0000] {taskinstance.py:1171} INFO - Dependencies all met for <TaskInstance: atn_update_datalake.check_put_tickers_actions_dim_step manual__2023-01-06T13:21:32.663212+00:00 [queued]>
[2023-01-06T14:06:44.849+0000] {taskinstance.py:1171} INFO - Dependencies all met for <TaskInstance: atn_update_datalake.check_put_tickers_actions_dim_step manual__2023-01-06T13:21:32.663212+00:00 [queued]>
[2023-01-06T14:06:44.849+0000] {taskinstance.py:1368} INFO - 
--------------------------------------------------------------------------------
[2023-01-06T14:06:44.849+0000] {taskinstance.py:1369} INFO - Starting attempt 1 of 3
[2023-01-06T14:06:44.849+0000] {taskinstance.py:1370} INFO - 
--------------------------------------------------------------------------------
[2023-01-06T14:06:44.865+0000] {taskinstance.py:1389} INFO - Executing <Task(EmrStepSensor): check_put_tickers_actions_dim_step> on 2023-01-06 13:21:32.663212+00:00
[2023-01-06T14:06:44.870+0000] {standard_task_runner.py:52} INFO - Started process 415 to run task
[2023-01-06T14:06:44.874+0000] {standard_task_runner.py:79} INFO - Running: ['***', 'tasks', 'run', 'atn_update_datalake', 'check_put_tickers_actions_dim_step', 'manual__2023-01-06T13:21:32.663212+00:00', '--job-id', '3937', '--raw', '--subdir', 'DAGS_FOLDER/market_data_analytics/my_dags/datalake_update.py', '--cfg-path', '/tmp/tmpmy42rz38', '--error-file', '/tmp/tmpyqntebaf']
[2023-01-06T14:06:44.874+0000] {standard_task_runner.py:80} INFO - Job 3937: Subtask check_put_tickers_actions_dim_step
[2023-01-06T14:06:44.944+0000] {task_command.py:371} INFO - Running <TaskInstance: atn_update_datalake.check_put_tickers_actions_dim_step manual__2023-01-06T13:21:32.663212+00:00 [running]> on host 370ed6868bc3
[2023-01-06T14:06:45.044+0000] {taskinstance.py:1583} INFO - Exporting the following env vars:
AIRFLOW_CTX_DAG_OWNER=atn
AIRFLOW_CTX_DAG_ID=atn_update_datalake
AIRFLOW_CTX_TASK_ID=check_put_tickers_actions_dim_step
AIRFLOW_CTX_EXECUTION_DATE=2023-01-06T13:21:32.663212+00:00
AIRFLOW_CTX_TRY_NUMBER=1
AIRFLOW_CTX_DAG_RUN_ID=manual__2023-01-06T13:21:32.663212+00:00
[2023-01-06T14:06:45.056+0000] {base.py:68} INFO - Using connection ID 'aws_credentials' for task execution.
[2023-01-06T14:06:45.056+0000] {connection_wrapper.py:210} INFO - AWS Connection (conn_id='aws_credentials', conn_type='aws') credentials retrieved from login and password.
[2023-01-06T14:06:45.095+0000] {emr.py:443} INFO - Poking step s-146WIGEBUU2ZQ on cluster j-3G7PO8Y3OE3BT
[2023-01-06T14:06:45.974+0000] {emr.py:69} INFO - Job flow currently PENDING
[2023-01-06T14:07:46.033+0000] {emr.py:443} INFO - Poking step s-146WIGEBUU2ZQ on cluster j-3G7PO8Y3OE3BT
[2023-01-06T14:07:46.978+0000] {emr.py:69} INFO - Job flow currently RUNNING
[2023-01-06T14:08:47.023+0000] {emr.py:443} INFO - Poking step s-146WIGEBUU2ZQ on cluster j-3G7PO8Y3OE3BT
[2023-01-06T14:08:49.063+0000] {emr.py:69} INFO - Job flow currently RUNNING
[2023-01-06T14:09:49.124+0000] {emr.py:443} INFO - Poking step s-146WIGEBUU2ZQ on cluster j-3G7PO8Y3OE3BT
[2023-01-06T14:09:51.130+0000] {emr.py:69} INFO - Job flow currently COMPLETED
[2023-01-06T14:09:51.131+0000] {base.py:301} INFO - Success criteria met. Exiting.
[2023-01-06T14:09:51.155+0000] {taskinstance.py:1412} INFO - Marking task as SUCCESS. dag_id=atn_update_datalake, task_id=check_put_tickers_actions_dim_step, execution_date=20230106T132132, start_date=20230106T140644, end_date=20230106T140951
[2023-01-06T14:09:51.194+0000] {local_task_job.py:156} INFO - Task exited with return code 0
[2023-01-06T14:09:51.244+0000] {local_task_job.py:279} INFO - 1 downstream tasks scheduled from follow-on schedule check
