[2023-01-05T10:07:11.208+0000] {taskinstance.py:1171} INFO - Dependencies all met for <TaskInstance: atn_import_data_from_apis.add_init_step manual__2023-01-05T10:05:00.167541+00:00 [queued]>
[2023-01-05T10:07:11.222+0000] {taskinstance.py:1171} INFO - Dependencies all met for <TaskInstance: atn_import_data_from_apis.add_init_step manual__2023-01-05T10:05:00.167541+00:00 [queued]>
[2023-01-05T10:07:11.222+0000] {taskinstance.py:1368} INFO - 
--------------------------------------------------------------------------------
[2023-01-05T10:07:11.222+0000] {taskinstance.py:1369} INFO - Starting attempt 1 of 3
[2023-01-05T10:07:11.222+0000] {taskinstance.py:1370} INFO - 
--------------------------------------------------------------------------------
[2023-01-05T10:07:11.238+0000] {taskinstance.py:1389} INFO - Executing <Task(EmrAddStepsOperator): add_init_step> on 2023-01-05 10:05:00.167541+00:00
[2023-01-05T10:07:11.243+0000] {standard_task_runner.py:52} INFO - Started process 159 to run task
[2023-01-05T10:07:11.246+0000] {standard_task_runner.py:79} INFO - Running: ['***', 'tasks', 'run', 'atn_import_data_from_apis', 'add_init_step', 'manual__2023-01-05T10:05:00.167541+00:00', '--job-id', '3703', '--raw', '--subdir', 'DAGS_FOLDER/market_data_analytics/my_dags/import_data_from_apis.py', '--cfg-path', '/tmp/tmps9wykzg3', '--error-file', '/tmp/tmppwhx5t7f']
[2023-01-05T10:07:11.246+0000] {standard_task_runner.py:80} INFO - Job 3703: Subtask add_init_step
[2023-01-05T10:07:11.321+0000] {task_command.py:371} INFO - Running <TaskInstance: atn_import_data_from_apis.add_init_step manual__2023-01-05T10:05:00.167541+00:00 [running]> on host 370ed6868bc3
[2023-01-05T10:07:11.443+0000] {taskinstance.py:1583} INFO - Exporting the following env vars:
AIRFLOW_CTX_DAG_OWNER=atn
AIRFLOW_CTX_DAG_ID=atn_import_data_from_apis
AIRFLOW_CTX_TASK_ID=add_init_step
AIRFLOW_CTX_EXECUTION_DATE=2023-01-05T10:05:00.167541+00:00
AIRFLOW_CTX_TRY_NUMBER=1
AIRFLOW_CTX_DAG_RUN_ID=manual__2023-01-05T10:05:00.167541+00:00
[2023-01-05T10:07:11.454+0000] {base.py:68} INFO - Using connection ID 'aws_credentials' for task execution.
[2023-01-05T10:07:11.454+0000] {connection_wrapper.py:210} INFO - AWS Connection (conn_id='aws_credentials', conn_type='aws') credentials retrieved from login and password.
[2023-01-05T10:07:11.528+0000] {emr.py:104} INFO - Adding steps to j-275LF5U6JZLEP
[2023-01-05T10:07:13.225+0000] {emr.py:117} INFO - Steps ['s-1KWNXOKJWCQOA', 's-3T27K93RU6J7M', 's-20C6JZZLP1U8', 's-2Q7CPKLEOXJNO', 's-2Y2XFFH3BLF9M', 's-2QGISBJ5EU20L', 's-QFTKB5GZOBWU', 's-2BSX8UFY64SDO', 's-22RVCC1N6ICJ', 's-3LZPT33BC0JOR'] added to JobFlow
[2023-01-05T10:07:13.265+0000] {taskinstance.py:1412} INFO - Marking task as SUCCESS. dag_id=atn_import_data_from_apis, task_id=add_init_step, execution_date=20230105T100500, start_date=20230105T100711, end_date=20230105T100713
[2023-01-05T10:07:13.310+0000] {local_task_job.py:156} INFO - Task exited with return code 0
[2023-01-05T10:07:13.380+0000] {local_task_job.py:279} INFO - 1 downstream tasks scheduled from follow-on schedule check
