[2023-01-05T10:06:14.875+0000] {taskinstance.py:1171} INFO - Dependencies all met for <TaskInstance: atn_import_data_from_apis.upload_tickers_major_holders_to_s3 manual__2023-01-05T10:05:00.167541+00:00 [queued]>
[2023-01-05T10:06:14.887+0000] {taskinstance.py:1171} INFO - Dependencies all met for <TaskInstance: atn_import_data_from_apis.upload_tickers_major_holders_to_s3 manual__2023-01-05T10:05:00.167541+00:00 [queued]>
[2023-01-05T10:06:14.888+0000] {taskinstance.py:1368} INFO - 
--------------------------------------------------------------------------------
[2023-01-05T10:06:14.888+0000] {taskinstance.py:1369} INFO - Starting attempt 1 of 3
[2023-01-05T10:06:14.888+0000] {taskinstance.py:1370} INFO - 
--------------------------------------------------------------------------------
[2023-01-05T10:06:14.904+0000] {taskinstance.py:1389} INFO - Executing <Task(LocalFilesystemToS3Operator): upload_tickers_major_holders_to_s3> on 2023-01-05 10:05:00.167541+00:00
[2023-01-05T10:06:14.909+0000] {standard_task_runner.py:52} INFO - Started process 113 to run task
[2023-01-05T10:06:14.913+0000] {standard_task_runner.py:79} INFO - Running: ['***', 'tasks', 'run', 'atn_import_data_from_apis', 'upload_tickers_major_holders_to_s3', 'manual__2023-01-05T10:05:00.167541+00:00', '--job-id', '3691', '--raw', '--subdir', 'DAGS_FOLDER/market_data_analytics/my_dags/import_data_from_apis.py', '--cfg-path', '/tmp/tmpn7sdyff9', '--error-file', '/tmp/tmp58mqdyg_']
[2023-01-05T10:06:14.914+0000] {standard_task_runner.py:80} INFO - Job 3691: Subtask upload_tickers_major_holders_to_s3
[2023-01-05T10:06:14.983+0000] {task_command.py:371} INFO - Running <TaskInstance: atn_import_data_from_apis.upload_tickers_major_holders_to_s3 manual__2023-01-05T10:05:00.167541+00:00 [running]> on host 370ed6868bc3
[2023-01-05T10:06:15.071+0000] {taskinstance.py:1583} INFO - Exporting the following env vars:
AIRFLOW_CTX_DAG_OWNER=atn
AIRFLOW_CTX_DAG_ID=atn_import_data_from_apis
AIRFLOW_CTX_TASK_ID=upload_tickers_major_holders_to_s3
AIRFLOW_CTX_EXECUTION_DATE=2023-01-05T10:05:00.167541+00:00
AIRFLOW_CTX_TRY_NUMBER=1
AIRFLOW_CTX_DAG_RUN_ID=manual__2023-01-05T10:05:00.167541+00:00
[2023-01-05T10:06:15.086+0000] {base.py:68} INFO - Using connection ID 'aws_credentials' for task execution.
[2023-01-05T10:06:15.087+0000] {connection_wrapper.py:210} INFO - AWS Connection (conn_id='aws_credentials', conn_type='aws') credentials retrieved from login and password.
[2023-01-05T10:06:16.772+0000] {taskinstance.py:1412} INFO - Marking task as SUCCESS. dag_id=atn_import_data_from_apis, task_id=upload_tickers_major_holders_to_s3, execution_date=20230105T100500, start_date=20230105T100614, end_date=20230105T100616
[2023-01-05T10:06:16.818+0000] {local_task_job.py:156} INFO - Task exited with return code 0
[2023-01-05T10:06:16.934+0000] {local_task_job.py:279} INFO - 0 downstream tasks scheduled from follow-on schedule check
