[2023-01-08T14:21:38.741+0000] {taskinstance.py:1171} INFO - Dependencies all met for <TaskInstance: atn_import_data_from_apis.upload_tickers_recommendations_to_s3 manual__2023-01-08T14:20:41.774645+00:00 [queued]>
[2023-01-08T14:21:38.754+0000] {taskinstance.py:1171} INFO - Dependencies all met for <TaskInstance: atn_import_data_from_apis.upload_tickers_recommendations_to_s3 manual__2023-01-08T14:20:41.774645+00:00 [queued]>
[2023-01-08T14:21:38.754+0000] {taskinstance.py:1368} INFO - 
--------------------------------------------------------------------------------
[2023-01-08T14:21:38.755+0000] {taskinstance.py:1369} INFO - Starting attempt 1 of 3
[2023-01-08T14:21:38.755+0000] {taskinstance.py:1370} INFO - 
--------------------------------------------------------------------------------
[2023-01-08T14:21:38.770+0000] {taskinstance.py:1389} INFO - Executing <Task(LocalFilesystemToS3Operator): upload_tickers_recommendations_to_s3> on 2023-01-08 14:20:41.774645+00:00
[2023-01-08T14:21:38.774+0000] {standard_task_runner.py:52} INFO - Started process 134 to run task
[2023-01-08T14:21:38.777+0000] {standard_task_runner.py:79} INFO - Running: ['***', 'tasks', 'run', 'atn_import_data_from_apis', 'upload_tickers_recommendations_to_s3', 'manual__2023-01-08T14:20:41.774645+00:00', '--job-id', '3982', '--raw', '--subdir', 'DAGS_FOLDER/market_data_analytics/my_dags/import_data_from_apis.py', '--cfg-path', '/tmp/tmpt39gmsdj', '--error-file', '/tmp/tmpmq1klo77']
[2023-01-08T14:21:38.778+0000] {standard_task_runner.py:80} INFO - Job 3982: Subtask upload_tickers_recommendations_to_s3
[2023-01-08T14:21:38.878+0000] {task_command.py:371} INFO - Running <TaskInstance: atn_import_data_from_apis.upload_tickers_recommendations_to_s3 manual__2023-01-08T14:20:41.774645+00:00 [running]> on host 370ed6868bc3
[2023-01-08T14:21:38.964+0000] {taskinstance.py:1583} INFO - Exporting the following env vars:
AIRFLOW_CTX_DAG_OWNER=atn
AIRFLOW_CTX_DAG_ID=atn_import_data_from_apis
AIRFLOW_CTX_TASK_ID=upload_tickers_recommendations_to_s3
AIRFLOW_CTX_EXECUTION_DATE=2023-01-08T14:20:41.774645+00:00
AIRFLOW_CTX_TRY_NUMBER=1
AIRFLOW_CTX_DAG_RUN_ID=manual__2023-01-08T14:20:41.774645+00:00
[2023-01-08T14:21:38.977+0000] {base.py:68} INFO - Using connection ID 'aws_credentials' for task execution.
[2023-01-08T14:21:38.977+0000] {connection_wrapper.py:210} INFO - AWS Connection (conn_id='aws_credentials', conn_type='aws') credentials retrieved from login and password.
[2023-01-08T14:21:39.953+0000] {taskinstance.py:1412} INFO - Marking task as SUCCESS. dag_id=atn_import_data_from_apis, task_id=upload_tickers_recommendations_to_s3, execution_date=20230108T142041, start_date=20230108T142138, end_date=20230108T142139
[2023-01-08T14:21:39.997+0000] {local_task_job.py:156} INFO - Task exited with return code 0
[2023-01-08T14:21:40.069+0000] {local_task_job.py:279} INFO - 1 downstream tasks scheduled from follow-on schedule check
