[2023-01-06T12:29:05.761+0000] {taskinstance.py:1171} INFO - Dependencies all met for <TaskInstance: atn_import_data_from_apis.upload_get_stocksymbol_data_py_to_s3 scheduled__2023-01-06T00:00:00+00:00 [queued]>
[2023-01-06T12:29:05.773+0000] {taskinstance.py:1171} INFO - Dependencies all met for <TaskInstance: atn_import_data_from_apis.upload_get_stocksymbol_data_py_to_s3 scheduled__2023-01-06T00:00:00+00:00 [queued]>
[2023-01-06T12:29:05.773+0000] {taskinstance.py:1368} INFO - 
--------------------------------------------------------------------------------
[2023-01-06T12:29:05.773+0000] {taskinstance.py:1369} INFO - Starting attempt 1 of 3
[2023-01-06T12:29:05.773+0000] {taskinstance.py:1370} INFO - 
--------------------------------------------------------------------------------
[2023-01-06T12:29:05.787+0000] {taskinstance.py:1389} INFO - Executing <Task(LocalFilesystemToS3Operator): upload_get_stocksymbol_data_py_to_s3> on 2023-01-06 00:00:00+00:00
[2023-01-06T12:29:05.791+0000] {standard_task_runner.py:52} INFO - Started process 80 to run task
[2023-01-06T12:29:05.794+0000] {standard_task_runner.py:79} INFO - Running: ['***', 'tasks', 'run', 'atn_import_data_from_apis', 'upload_get_stocksymbol_data_py_to_s3', 'scheduled__2023-01-06T00:00:00+00:00', '--job-id', '3818', '--raw', '--subdir', 'DAGS_FOLDER/market_data_analytics/my_dags/import_data_from_apis.py', '--cfg-path', '/tmp/tmpnl9xlldz', '--error-file', '/tmp/tmpv09b9q5n']
[2023-01-06T12:29:05.795+0000] {standard_task_runner.py:80} INFO - Job 3818: Subtask upload_get_stocksymbol_data_py_to_s3
[2023-01-06T12:29:05.808+0000] {warnings.py:110} WARNING - /home/***/.local/lib/python3.7/site-packages/***/configuration.py:538: DeprecationWarning: The sql_alchemy_conn option in [core] has been moved to the sql_alchemy_conn option in [database] - the old setting has been used, but please update your config.
  option = self._get_environment_variables(deprecated_key, deprecated_section, key, section)

[2023-01-06T12:29:05.859+0000] {task_command.py:371} INFO - Running <TaskInstance: atn_import_data_from_apis.upload_get_stocksymbol_data_py_to_s3 scheduled__2023-01-06T00:00:00+00:00 [running]> on host 370ed6868bc3
[2023-01-06T12:29:05.959+0000] {taskinstance.py:1583} INFO - Exporting the following env vars:
AIRFLOW_CTX_DAG_OWNER=atn
AIRFLOW_CTX_DAG_ID=atn_import_data_from_apis
AIRFLOW_CTX_TASK_ID=upload_get_stocksymbol_data_py_to_s3
AIRFLOW_CTX_EXECUTION_DATE=2023-01-06T00:00:00+00:00
AIRFLOW_CTX_TRY_NUMBER=1
AIRFLOW_CTX_DAG_RUN_ID=scheduled__2023-01-06T00:00:00+00:00
[2023-01-06T12:29:05.971+0000] {base.py:68} INFO - Using connection ID 'aws_credentials' for task execution.
[2023-01-06T12:29:05.972+0000] {connection_wrapper.py:210} INFO - AWS Connection (conn_id='aws_credentials', conn_type='aws') credentials retrieved from login and password.
[2023-01-06T12:29:07.255+0000] {taskinstance.py:1412} INFO - Marking task as SUCCESS. dag_id=atn_import_data_from_apis, task_id=upload_get_stocksymbol_data_py_to_s3, execution_date=20230106T000000, start_date=20230106T122905, end_date=20230106T122907
[2023-01-06T12:29:07.298+0000] {local_task_job.py:156} INFO - Task exited with return code 0
[2023-01-06T12:29:07.384+0000] {local_task_job.py:279} INFO - 1 downstream tasks scheduled from follow-on schedule check
[2023-01-06T12:33:10.027+0000] {taskinstance.py:1171} INFO - Dependencies all met for <TaskInstance: atn_import_data_from_apis.upload_get_stocksymbol_data_py_to_s3 scheduled__2023-01-06T00:00:00+00:00 [queued]>
[2023-01-06T12:33:10.039+0000] {taskinstance.py:1171} INFO - Dependencies all met for <TaskInstance: atn_import_data_from_apis.upload_get_stocksymbol_data_py_to_s3 scheduled__2023-01-06T00:00:00+00:00 [queued]>
[2023-01-06T12:33:10.040+0000] {taskinstance.py:1368} INFO - 
--------------------------------------------------------------------------------
[2023-01-06T12:33:10.040+0000] {taskinstance.py:1369} INFO - Starting attempt 1 of 3
[2023-01-06T12:33:10.040+0000] {taskinstance.py:1370} INFO - 
--------------------------------------------------------------------------------
[2023-01-06T12:33:10.056+0000] {taskinstance.py:1389} INFO - Executing <Task(LocalFilesystemToS3Operator): upload_get_stocksymbol_data_py_to_s3> on 2023-01-06 00:00:00+00:00
[2023-01-06T12:33:10.060+0000] {standard_task_runner.py:52} INFO - Started process 122 to run task
[2023-01-06T12:33:10.064+0000] {standard_task_runner.py:79} INFO - Running: ['***', 'tasks', 'run', 'atn_import_data_from_apis', 'upload_get_stocksymbol_data_py_to_s3', 'scheduled__2023-01-06T00:00:00+00:00', '--job-id', '3831', '--raw', '--subdir', 'DAGS_FOLDER/market_data_analytics/my_dags/import_data_from_apis.py', '--cfg-path', '/tmp/tmp8zvh7sli', '--error-file', '/tmp/tmp2xyxs78_']
[2023-01-06T12:33:10.064+0000] {standard_task_runner.py:80} INFO - Job 3831: Subtask upload_get_stocksymbol_data_py_to_s3
[2023-01-06T12:33:10.076+0000] {warnings.py:110} WARNING - /home/***/.local/lib/python3.7/site-packages/***/configuration.py:538: DeprecationWarning: The sql_alchemy_conn option in [core] has been moved to the sql_alchemy_conn option in [database] - the old setting has been used, but please update your config.
  option = self._get_environment_variables(deprecated_key, deprecated_section, key, section)

[2023-01-06T12:33:10.126+0000] {task_command.py:371} INFO - Running <TaskInstance: atn_import_data_from_apis.upload_get_stocksymbol_data_py_to_s3 scheduled__2023-01-06T00:00:00+00:00 [running]> on host 370ed6868bc3
[2023-01-06T12:33:10.199+0000] {taskinstance.py:1583} INFO - Exporting the following env vars:
AIRFLOW_CTX_DAG_OWNER=atn
AIRFLOW_CTX_DAG_ID=atn_import_data_from_apis
AIRFLOW_CTX_TASK_ID=upload_get_stocksymbol_data_py_to_s3
AIRFLOW_CTX_EXECUTION_DATE=2023-01-06T00:00:00+00:00
AIRFLOW_CTX_TRY_NUMBER=1
AIRFLOW_CTX_DAG_RUN_ID=scheduled__2023-01-06T00:00:00+00:00
[2023-01-06T12:33:10.211+0000] {base.py:68} INFO - Using connection ID 'aws_credentials' for task execution.
[2023-01-06T12:33:10.212+0000] {connection_wrapper.py:210} INFO - AWS Connection (conn_id='aws_credentials', conn_type='aws') credentials retrieved from login and password.
[2023-01-06T12:33:11.392+0000] {taskinstance.py:1412} INFO - Marking task as SUCCESS. dag_id=atn_import_data_from_apis, task_id=upload_get_stocksymbol_data_py_to_s3, execution_date=20230106T000000, start_date=20230106T123310, end_date=20230106T123311
[2023-01-06T12:33:11.444+0000] {local_task_job.py:156} INFO - Task exited with return code 0
[2023-01-06T12:33:11.541+0000] {local_task_job.py:279} INFO - 1 downstream tasks scheduled from follow-on schedule check
