[2023-01-06T13:22:39.303+0000] {taskinstance.py:1171} INFO - Dependencies all met for <TaskInstance: atn_update_datalake.upload_put_tickers_historical_prices_to_s3 manual__2023-01-06T13:21:32.663212+00:00 [queued]>
[2023-01-06T13:22:39.313+0000] {taskinstance.py:1171} INFO - Dependencies all met for <TaskInstance: atn_update_datalake.upload_put_tickers_historical_prices_to_s3 manual__2023-01-06T13:21:32.663212+00:00 [queued]>
[2023-01-06T13:22:39.314+0000] {taskinstance.py:1368} INFO - 
--------------------------------------------------------------------------------
[2023-01-06T13:22:39.314+0000] {taskinstance.py:1369} INFO - Starting attempt 1 of 3
[2023-01-06T13:22:39.314+0000] {taskinstance.py:1370} INFO - 
--------------------------------------------------------------------------------
[2023-01-06T13:22:39.327+0000] {taskinstance.py:1389} INFO - Executing <Task(LocalFilesystemToS3Operator): upload_put_tickers_historical_prices_to_s3> on 2023-01-06 13:21:32.663212+00:00
[2023-01-06T13:22:39.331+0000] {standard_task_runner.py:52} INFO - Started process 365 to run task
[2023-01-06T13:22:39.334+0000] {standard_task_runner.py:79} INFO - Running: ['***', 'tasks', 'run', 'atn_update_datalake', 'upload_put_tickers_historical_prices_to_s3', 'manual__2023-01-06T13:21:32.663212+00:00', '--job-id', '3914', '--raw', '--subdir', 'DAGS_FOLDER/market_data_analytics/my_dags/datalake_update.py', '--cfg-path', '/tmp/tmpz5uv3_jr', '--error-file', '/tmp/tmp1inn_1o6']
[2023-01-06T13:22:39.334+0000] {standard_task_runner.py:80} INFO - Job 3914: Subtask upload_put_tickers_historical_prices_to_s3
[2023-01-06T13:22:39.399+0000] {task_command.py:371} INFO - Running <TaskInstance: atn_update_datalake.upload_put_tickers_historical_prices_to_s3 manual__2023-01-06T13:21:32.663212+00:00 [running]> on host 370ed6868bc3
[2023-01-06T13:22:39.474+0000] {taskinstance.py:1583} INFO - Exporting the following env vars:
AIRFLOW_CTX_DAG_OWNER=atn
AIRFLOW_CTX_DAG_ID=atn_update_datalake
AIRFLOW_CTX_TASK_ID=upload_put_tickers_historical_prices_to_s3
AIRFLOW_CTX_EXECUTION_DATE=2023-01-06T13:21:32.663212+00:00
AIRFLOW_CTX_TRY_NUMBER=1
AIRFLOW_CTX_DAG_RUN_ID=manual__2023-01-06T13:21:32.663212+00:00
[2023-01-06T13:22:39.486+0000] {base.py:68} INFO - Using connection ID 'aws_credentials' for task execution.
[2023-01-06T13:22:39.486+0000] {connection_wrapper.py:210} INFO - AWS Connection (conn_id='aws_credentials', conn_type='aws') credentials retrieved from login and password.
[2023-01-06T13:22:41.195+0000] {taskinstance.py:1412} INFO - Marking task as SUCCESS. dag_id=atn_update_datalake, task_id=upload_put_tickers_historical_prices_to_s3, execution_date=20230106T132132, start_date=20230106T132239, end_date=20230106T132241
[2023-01-06T13:22:41.243+0000] {local_task_job.py:156} INFO - Task exited with return code 0
[2023-01-06T13:22:41.310+0000] {local_task_job.py:279} INFO - 1 downstream tasks scheduled from follow-on schedule check
