[2023-01-08T14:20:58.365+0000] {taskinstance.py:1171} INFO - Dependencies all met for <TaskInstance: atn_import_data_from_apis.upload_common_modules_py_to_s3 manual__2023-01-08T14:20:41.774645+00:00 [queued]>
[2023-01-08T14:20:58.377+0000] {taskinstance.py:1171} INFO - Dependencies all met for <TaskInstance: atn_import_data_from_apis.upload_common_modules_py_to_s3 manual__2023-01-08T14:20:41.774645+00:00 [queued]>
[2023-01-08T14:20:58.377+0000] {taskinstance.py:1368} INFO - 
--------------------------------------------------------------------------------
[2023-01-08T14:20:58.377+0000] {taskinstance.py:1369} INFO - Starting attempt 1 of 3
[2023-01-08T14:20:58.377+0000] {taskinstance.py:1370} INFO - 
--------------------------------------------------------------------------------
[2023-01-08T14:20:58.391+0000] {taskinstance.py:1389} INFO - Executing <Task(LocalFilesystemToS3Operator): upload_common_modules_py_to_s3> on 2023-01-08 14:20:41.774645+00:00
[2023-01-08T14:20:58.395+0000] {standard_task_runner.py:52} INFO - Started process 70 to run task
[2023-01-08T14:20:58.398+0000] {standard_task_runner.py:79} INFO - Running: ['***', 'tasks', 'run', 'atn_import_data_from_apis', 'upload_common_modules_py_to_s3', 'manual__2023-01-08T14:20:41.774645+00:00', '--job-id', '3966', '--raw', '--subdir', 'DAGS_FOLDER/market_data_analytics/my_dags/import_data_from_apis.py', '--cfg-path', '/tmp/tmpnrn7zfsa', '--error-file', '/tmp/tmpjnr9ymro']
[2023-01-08T14:20:58.399+0000] {standard_task_runner.py:80} INFO - Job 3966: Subtask upload_common_modules_py_to_s3
[2023-01-08T14:20:58.468+0000] {task_command.py:371} INFO - Running <TaskInstance: atn_import_data_from_apis.upload_common_modules_py_to_s3 manual__2023-01-08T14:20:41.774645+00:00 [running]> on host 370ed6868bc3
[2023-01-08T14:20:58.592+0000] {taskinstance.py:1583} INFO - Exporting the following env vars:
AIRFLOW_CTX_DAG_OWNER=atn
AIRFLOW_CTX_DAG_ID=atn_import_data_from_apis
AIRFLOW_CTX_TASK_ID=upload_common_modules_py_to_s3
AIRFLOW_CTX_EXECUTION_DATE=2023-01-08T14:20:41.774645+00:00
AIRFLOW_CTX_TRY_NUMBER=1
AIRFLOW_CTX_DAG_RUN_ID=manual__2023-01-08T14:20:41.774645+00:00
[2023-01-08T14:20:58.613+0000] {base.py:68} INFO - Using connection ID 'aws_credentials' for task execution.
[2023-01-08T14:20:58.614+0000] {connection_wrapper.py:210} INFO - AWS Connection (conn_id='aws_credentials', conn_type='aws') credentials retrieved from login and password.
[2023-01-08T14:20:59.651+0000] {taskinstance.py:1412} INFO - Marking task as SUCCESS. dag_id=atn_import_data_from_apis, task_id=upload_common_modules_py_to_s3, execution_date=20230108T142041, start_date=20230108T142058, end_date=20230108T142059
[2023-01-08T14:20:59.699+0000] {local_task_job.py:156} INFO - Task exited with return code 0
[2023-01-08T14:20:59.782+0000] {local_task_job.py:279} INFO - 1 downstream tasks scheduled from follow-on schedule check
