[2023-01-05T12:01:32.233+0000] {taskinstance.py:1171} INFO - Dependencies all met for <TaskInstance: atn_update_datalake.add_put_tickers_historical_prices_dim_step manual__2023-01-05T10:56:03.364986+00:00 [queued]>
[2023-01-05T12:01:32.248+0000] {taskinstance.py:1171} INFO - Dependencies all met for <TaskInstance: atn_update_datalake.add_put_tickers_historical_prices_dim_step manual__2023-01-05T10:56:03.364986+00:00 [queued]>
[2023-01-05T12:01:32.248+0000] {taskinstance.py:1368} INFO - 
--------------------------------------------------------------------------------
[2023-01-05T12:01:32.248+0000] {taskinstance.py:1369} INFO - Starting attempt 1 of 3
[2023-01-05T12:01:32.249+0000] {taskinstance.py:1370} INFO - 
--------------------------------------------------------------------------------
[2023-01-05T12:01:32.266+0000] {taskinstance.py:1389} INFO - Executing <Task(EmrAddStepsOperator): add_put_tickers_historical_prices_dim_step> on 2023-01-05 10:56:03.364986+00:00
[2023-01-05T12:01:32.271+0000] {standard_task_runner.py:52} INFO - Started process 390 to run task
[2023-01-05T12:01:32.274+0000] {standard_task_runner.py:79} INFO - Running: ['***', 'tasks', 'run', 'atn_update_datalake', 'add_put_tickers_historical_prices_dim_step', 'manual__2023-01-05T10:56:03.364986+00:00', '--job-id', '3798', '--raw', '--subdir', 'DAGS_FOLDER/market_data_analytics/my_dags/datalake_update.py', '--cfg-path', '/tmp/tmp1r4h5b1v', '--error-file', '/tmp/tmp6dm0ziys']
[2023-01-05T12:01:32.275+0000] {standard_task_runner.py:80} INFO - Job 3798: Subtask add_put_tickers_historical_prices_dim_step
[2023-01-05T12:01:32.350+0000] {task_command.py:371} INFO - Running <TaskInstance: atn_update_datalake.add_put_tickers_historical_prices_dim_step manual__2023-01-05T10:56:03.364986+00:00 [running]> on host 370ed6868bc3
[2023-01-05T12:01:32.446+0000] {taskinstance.py:1583} INFO - Exporting the following env vars:
AIRFLOW_CTX_DAG_OWNER=atn
AIRFLOW_CTX_DAG_ID=atn_update_datalake
AIRFLOW_CTX_TASK_ID=add_put_tickers_historical_prices_dim_step
AIRFLOW_CTX_EXECUTION_DATE=2023-01-05T10:56:03.364986+00:00
AIRFLOW_CTX_TRY_NUMBER=1
AIRFLOW_CTX_DAG_RUN_ID=manual__2023-01-05T10:56:03.364986+00:00
[2023-01-05T12:01:32.458+0000] {base.py:68} INFO - Using connection ID 'aws_credentials' for task execution.
[2023-01-05T12:01:32.459+0000] {connection_wrapper.py:210} INFO - AWS Connection (conn_id='aws_credentials', conn_type='aws') credentials retrieved from login and password.
[2023-01-05T12:01:32.524+0000] {emr.py:104} INFO - Adding steps to j-1Z5DDUK8PTRNA
[2023-01-05T12:01:33.394+0000] {emr.py:117} INFO - Steps ['s-20YVX31BXLHB0'] added to JobFlow
[2023-01-05T12:01:33.444+0000] {taskinstance.py:1412} INFO - Marking task as SUCCESS. dag_id=atn_update_datalake, task_id=add_put_tickers_historical_prices_dim_step, execution_date=20230105T105603, start_date=20230105T120132, end_date=20230105T120133
[2023-01-05T12:01:33.494+0000] {local_task_job.py:156} INFO - Task exited with return code 0
[2023-01-05T12:01:33.551+0000] {local_task_job.py:279} INFO - 1 downstream tasks scheduled from follow-on schedule check
