[2023-01-06T13:22:47.370+0000] {taskinstance.py:1171} INFO - Dependencies all met for <TaskInstance: atn_update_datalake.add_init_step_to_second_emr manual__2023-01-06T13:21:32.663212+00:00 [queued]>
[2023-01-06T13:22:47.383+0000] {taskinstance.py:1171} INFO - Dependencies all met for <TaskInstance: atn_update_datalake.add_init_step_to_second_emr manual__2023-01-06T13:21:32.663212+00:00 [queued]>
[2023-01-06T13:22:47.383+0000] {taskinstance.py:1368} INFO - 
--------------------------------------------------------------------------------
[2023-01-06T13:22:47.383+0000] {taskinstance.py:1369} INFO - Starting attempt 1 of 3
[2023-01-06T13:22:47.383+0000] {taskinstance.py:1370} INFO - 
--------------------------------------------------------------------------------
[2023-01-06T13:22:47.397+0000] {taskinstance.py:1389} INFO - Executing <Task(EmrAddStepsOperator): add_init_step_to_second_emr> on 2023-01-06 13:21:32.663212+00:00
[2023-01-06T13:22:47.402+0000] {standard_task_runner.py:52} INFO - Started process 375 to run task
[2023-01-06T13:22:47.405+0000] {standard_task_runner.py:79} INFO - Running: ['***', 'tasks', 'run', 'atn_update_datalake', 'add_init_step_to_second_emr', 'manual__2023-01-06T13:21:32.663212+00:00', '--job-id', '3917', '--raw', '--subdir', 'DAGS_FOLDER/market_data_analytics/my_dags/datalake_update.py', '--cfg-path', '/tmp/tmpe78t60k5', '--error-file', '/tmp/tmpribwe_iz']
[2023-01-06T13:22:47.405+0000] {standard_task_runner.py:80} INFO - Job 3917: Subtask add_init_step_to_second_emr
[2023-01-06T13:22:47.471+0000] {task_command.py:371} INFO - Running <TaskInstance: atn_update_datalake.add_init_step_to_second_emr manual__2023-01-06T13:21:32.663212+00:00 [running]> on host 370ed6868bc3
[2023-01-06T13:22:47.598+0000] {taskinstance.py:1583} INFO - Exporting the following env vars:
AIRFLOW_CTX_DAG_OWNER=atn
AIRFLOW_CTX_DAG_ID=atn_update_datalake
AIRFLOW_CTX_TASK_ID=add_init_step_to_second_emr
AIRFLOW_CTX_EXECUTION_DATE=2023-01-06T13:21:32.663212+00:00
AIRFLOW_CTX_TRY_NUMBER=1
AIRFLOW_CTX_DAG_RUN_ID=manual__2023-01-06T13:21:32.663212+00:00
[2023-01-06T13:22:47.608+0000] {base.py:68} INFO - Using connection ID 'aws_credentials' for task execution.
[2023-01-06T13:22:47.609+0000] {connection_wrapper.py:210} INFO - AWS Connection (conn_id='aws_credentials', conn_type='aws') credentials retrieved from login and password.
[2023-01-06T13:22:47.668+0000] {emr.py:104} INFO - Adding steps to j-3G7PO8Y3OE3BT
[2023-01-06T13:22:48.957+0000] {emr.py:117} INFO - Steps ['s-3O3TUWYXUUKOQ', 's-1K2XPL902LHKG', 's-2FF24J849UYOH', 's-QBY6D1XZQ0GW', 's-2YZ5RB56Y0VUQ', 's-L4MTZEESZ2K2', 's-17J7TOXW7URKY'] added to JobFlow
[2023-01-06T13:22:49.014+0000] {taskinstance.py:1412} INFO - Marking task as SUCCESS. dag_id=atn_update_datalake, task_id=add_init_step_to_second_emr, execution_date=20230106T132132, start_date=20230106T132247, end_date=20230106T132249
[2023-01-06T13:22:49.071+0000] {local_task_job.py:156} INFO - Task exited with return code 0
[2023-01-06T13:22:49.147+0000] {local_task_job.py:279} INFO - 1 downstream tasks scheduled from follow-on schedule check
