[2023-01-05T10:07:16.261+0000] {taskinstance.py:1171} INFO - Dependencies all met for <TaskInstance: atn_import_data_from_apis.check_stocksymbol_step manual__2023-01-05T10:05:00.167541+00:00 [queued]>
[2023-01-05T10:07:16.276+0000] {taskinstance.py:1171} INFO - Dependencies all met for <TaskInstance: atn_import_data_from_apis.check_stocksymbol_step manual__2023-01-05T10:05:00.167541+00:00 [queued]>
[2023-01-05T10:07:16.276+0000] {taskinstance.py:1368} INFO - 
--------------------------------------------------------------------------------
[2023-01-05T10:07:16.276+0000] {taskinstance.py:1369} INFO - Starting attempt 1 of 3
[2023-01-05T10:07:16.276+0000] {taskinstance.py:1370} INFO - 
--------------------------------------------------------------------------------
[2023-01-05T10:07:16.291+0000] {taskinstance.py:1389} INFO - Executing <Task(EmrStepSensor): check_stocksymbol_step> on 2023-01-05 10:05:00.167541+00:00
[2023-01-05T10:07:16.297+0000] {standard_task_runner.py:52} INFO - Started process 163 to run task
[2023-01-05T10:07:16.301+0000] {standard_task_runner.py:79} INFO - Running: ['***', 'tasks', 'run', 'atn_import_data_from_apis', 'check_stocksymbol_step', 'manual__2023-01-05T10:05:00.167541+00:00', '--job-id', '3705', '--raw', '--subdir', 'DAGS_FOLDER/market_data_analytics/my_dags/import_data_from_apis.py', '--cfg-path', '/tmp/tmpyq114se2', '--error-file', '/tmp/tmpirduc67w']
[2023-01-05T10:07:16.301+0000] {standard_task_runner.py:80} INFO - Job 3705: Subtask check_stocksymbol_step
[2023-01-05T10:07:16.367+0000] {task_command.py:371} INFO - Running <TaskInstance: atn_import_data_from_apis.check_stocksymbol_step manual__2023-01-05T10:05:00.167541+00:00 [running]> on host 370ed6868bc3
[2023-01-05T10:07:16.475+0000] {taskinstance.py:1583} INFO - Exporting the following env vars:
AIRFLOW_CTX_DAG_OWNER=atn
AIRFLOW_CTX_DAG_ID=atn_import_data_from_apis
AIRFLOW_CTX_TASK_ID=check_stocksymbol_step
AIRFLOW_CTX_EXECUTION_DATE=2023-01-05T10:05:00.167541+00:00
AIRFLOW_CTX_TRY_NUMBER=1
AIRFLOW_CTX_DAG_RUN_ID=manual__2023-01-05T10:05:00.167541+00:00
[2023-01-05T10:07:16.487+0000] {base.py:68} INFO - Using connection ID 'aws_credentials' for task execution.
[2023-01-05T10:07:16.487+0000] {connection_wrapper.py:210} INFO - AWS Connection (conn_id='aws_credentials', conn_type='aws') credentials retrieved from login and password.
[2023-01-05T10:07:16.524+0000] {emr.py:443} INFO - Poking step s-2MKINM30W8W0Z on cluster j-275LF5U6JZLEP
[2023-01-05T10:07:17.949+0000] {emr.py:69} INFO - Job flow currently PENDING
[2023-01-05T10:08:18.001+0000] {emr.py:443} INFO - Poking step s-2MKINM30W8W0Z on cluster j-275LF5U6JZLEP
[2023-01-05T10:08:19.785+0000] {emr.py:69} INFO - Job flow currently PENDING
[2023-01-05T10:09:19.840+0000] {emr.py:443} INFO - Poking step s-2MKINM30W8W0Z on cluster j-275LF5U6JZLEP
[2023-01-05T10:09:22.414+0000] {emr.py:69} INFO - Job flow currently PENDING
[2023-01-05T10:10:22.439+0000] {emr.py:443} INFO - Poking step s-2MKINM30W8W0Z on cluster j-275LF5U6JZLEP
[2023-01-05T10:10:24.098+0000] {emr.py:69} INFO - Job flow currently PENDING
[2023-01-05T10:11:24.144+0000] {emr.py:443} INFO - Poking step s-2MKINM30W8W0Z on cluster j-275LF5U6JZLEP
[2023-01-05T10:11:26.583+0000] {emr.py:69} INFO - Job flow currently PENDING
[2023-01-05T10:12:26.640+0000] {emr.py:443} INFO - Poking step s-2MKINM30W8W0Z on cluster j-275LF5U6JZLEP
[2023-01-05T10:12:28.428+0000] {emr.py:69} INFO - Job flow currently PENDING
[2023-01-05T10:13:28.443+0000] {emr.py:443} INFO - Poking step s-2MKINM30W8W0Z on cluster j-275LF5U6JZLEP
[2023-01-05T10:13:30.090+0000] {emr.py:69} INFO - Job flow currently PENDING
[2023-01-05T10:14:30.124+0000] {emr.py:443} INFO - Poking step s-2MKINM30W8W0Z on cluster j-275LF5U6JZLEP
[2023-01-05T10:14:31.705+0000] {emr.py:69} INFO - Job flow currently RUNNING
[2023-01-05T10:15:31.765+0000] {emr.py:443} INFO - Poking step s-2MKINM30W8W0Z on cluster j-275LF5U6JZLEP
[2023-01-05T10:15:33.716+0000] {emr.py:69} INFO - Job flow currently RUNNING
[2023-01-05T10:16:33.752+0000] {emr.py:443} INFO - Poking step s-2MKINM30W8W0Z on cluster j-275LF5U6JZLEP
[2023-01-05T10:16:35.317+0000] {emr.py:69} INFO - Job flow currently COMPLETED
[2023-01-05T10:16:35.318+0000] {base.py:301} INFO - Success criteria met. Exiting.
[2023-01-05T10:16:35.335+0000] {taskinstance.py:1412} INFO - Marking task as SUCCESS. dag_id=atn_import_data_from_apis, task_id=check_stocksymbol_step, execution_date=20230105T100500, start_date=20230105T100716, end_date=20230105T101635
[2023-01-05T10:16:35.386+0000] {local_task_job.py:156} INFO - Task exited with return code 0
[2023-01-05T10:16:35.464+0000] {local_task_job.py:279} INFO - 1 downstream tasks scheduled from follow-on schedule check
