[2023-01-08T16:13:24.103+0000] {taskinstance.py:1171} INFO - Dependencies all met for <TaskInstance: atn_update_datalake.check_put_tickers_tweets_dim_step manual__2023-01-08T15:06:09.206673+00:00 [queued]>
[2023-01-08T16:13:24.118+0000] {taskinstance.py:1171} INFO - Dependencies all met for <TaskInstance: atn_update_datalake.check_put_tickers_tweets_dim_step manual__2023-01-08T15:06:09.206673+00:00 [queued]>
[2023-01-08T16:13:24.118+0000] {taskinstance.py:1368} INFO - 
--------------------------------------------------------------------------------
[2023-01-08T16:13:24.118+0000] {taskinstance.py:1369} INFO - Starting attempt 1 of 3
[2023-01-08T16:13:24.119+0000] {taskinstance.py:1370} INFO - 
--------------------------------------------------------------------------------
[2023-01-08T16:13:24.133+0000] {taskinstance.py:1389} INFO - Executing <Task(EmrStepSensor): check_put_tickers_tweets_dim_step> on 2023-01-08 15:06:09.206673+00:00
[2023-01-08T16:13:24.138+0000] {standard_task_runner.py:52} INFO - Started process 397 to run task
[2023-01-08T16:13:24.141+0000] {standard_task_runner.py:79} INFO - Running: ['***', 'tasks', 'run', 'atn_update_datalake', 'check_put_tickers_tweets_dim_step', 'manual__2023-01-08T15:06:09.206673+00:00', '--job-id', '4087', '--raw', '--subdir', 'DAGS_FOLDER/market_data_analytics/my_dags/datalake_update.py', '--cfg-path', '/tmp/tmp9j2ffua5', '--error-file', '/tmp/tmp2jsq3d4l']
[2023-01-08T16:13:24.141+0000] {standard_task_runner.py:80} INFO - Job 4087: Subtask check_put_tickers_tweets_dim_step
[2023-01-08T16:13:24.209+0000] {task_command.py:371} INFO - Running <TaskInstance: atn_update_datalake.check_put_tickers_tweets_dim_step manual__2023-01-08T15:06:09.206673+00:00 [running]> on host 370ed6868bc3
[2023-01-08T16:13:24.445+0000] {taskinstance.py:1583} INFO - Exporting the following env vars:
AIRFLOW_CTX_DAG_OWNER=atn
AIRFLOW_CTX_DAG_ID=atn_update_datalake
AIRFLOW_CTX_TASK_ID=check_put_tickers_tweets_dim_step
AIRFLOW_CTX_EXECUTION_DATE=2023-01-08T15:06:09.206673+00:00
AIRFLOW_CTX_TRY_NUMBER=1
AIRFLOW_CTX_DAG_RUN_ID=manual__2023-01-08T15:06:09.206673+00:00
[2023-01-08T16:13:24.459+0000] {base.py:68} INFO - Using connection ID 'aws_credentials' for task execution.
[2023-01-08T16:13:24.460+0000] {connection_wrapper.py:210} INFO - AWS Connection (conn_id='aws_credentials', conn_type='aws') credentials retrieved from login and password.
[2023-01-08T16:13:24.541+0000] {emr.py:443} INFO - Poking step s-3A5S8XO0FK6GI on cluster j-36MHGJC6JXK5R
[2023-01-08T16:13:25.237+0000] {emr.py:69} INFO - Job flow currently PENDING
[2023-01-08T16:14:25.295+0000] {emr.py:443} INFO - Poking step s-3A5S8XO0FK6GI on cluster j-36MHGJC6JXK5R
[2023-01-08T16:14:26.075+0000] {emr.py:69} INFO - Job flow currently RUNNING
[2023-01-08T16:15:26.136+0000] {emr.py:443} INFO - Poking step s-3A5S8XO0FK6GI on cluster j-36MHGJC6JXK5R
[2023-01-08T16:15:26.907+0000] {emr.py:69} INFO - Job flow currently RUNNING
[2023-01-08T16:16:26.912+0000] {emr.py:443} INFO - Poking step s-3A5S8XO0FK6GI on cluster j-36MHGJC6JXK5R
[2023-01-08T16:16:27.673+0000] {emr.py:69} INFO - Job flow currently RUNNING
[2023-01-08T16:17:27.729+0000] {emr.py:443} INFO - Poking step s-3A5S8XO0FK6GI on cluster j-36MHGJC6JXK5R
[2023-01-08T16:17:28.573+0000] {emr.py:69} INFO - Job flow currently RUNNING
[2023-01-08T16:18:28.623+0000] {emr.py:443} INFO - Poking step s-3A5S8XO0FK6GI on cluster j-36MHGJC6JXK5R
[2023-01-08T16:18:29.409+0000] {emr.py:69} INFO - Job flow currently RUNNING
[2023-01-08T16:19:29.452+0000] {emr.py:443} INFO - Poking step s-3A5S8XO0FK6GI on cluster j-36MHGJC6JXK5R
[2023-01-08T16:19:30.231+0000] {emr.py:69} INFO - Job flow currently RUNNING
[2023-01-08T16:20:30.284+0000] {emr.py:443} INFO - Poking step s-3A5S8XO0FK6GI on cluster j-36MHGJC6JXK5R
[2023-01-08T16:20:31.085+0000] {emr.py:69} INFO - Job flow currently COMPLETED
[2023-01-08T16:20:31.087+0000] {base.py:301} INFO - Success criteria met. Exiting.
[2023-01-08T16:20:31.122+0000] {taskinstance.py:1412} INFO - Marking task as SUCCESS. dag_id=atn_update_datalake, task_id=check_put_tickers_tweets_dim_step, execution_date=20230108T150609, start_date=20230108T161324, end_date=20230108T162031
[2023-01-08T16:20:31.162+0000] {local_task_job.py:156} INFO - Task exited with return code 0
[2023-01-08T16:20:31.213+0000] {local_task_job.py:279} INFO - 1 downstream tasks scheduled from follow-on schedule check
