[2023-01-06T14:27:47.344+0000] {taskinstance.py:1171} INFO - Dependencies all met for <TaskInstance: atn_update_datalake.add_put_tickers_historical_prices_dim_step manual__2023-01-06T13:21:32.663212+00:00 [queued]>
[2023-01-06T14:27:47.359+0000] {taskinstance.py:1171} INFO - Dependencies all met for <TaskInstance: atn_update_datalake.add_put_tickers_historical_prices_dim_step manual__2023-01-06T13:21:32.663212+00:00 [queued]>
[2023-01-06T14:27:47.359+0000] {taskinstance.py:1368} INFO - 
--------------------------------------------------------------------------------
[2023-01-06T14:27:47.359+0000] {taskinstance.py:1369} INFO - Starting attempt 1 of 3
[2023-01-06T14:27:47.359+0000] {taskinstance.py:1370} INFO - 
--------------------------------------------------------------------------------
[2023-01-06T14:27:47.373+0000] {taskinstance.py:1389} INFO - Executing <Task(EmrAddStepsOperator): add_put_tickers_historical_prices_dim_step> on 2023-01-06 13:21:32.663212+00:00
[2023-01-06T14:27:47.379+0000] {standard_task_runner.py:52} INFO - Started process 437 to run task
[2023-01-06T14:27:47.381+0000] {standard_task_runner.py:79} INFO - Running: ['***', 'tasks', 'run', 'atn_update_datalake', 'add_put_tickers_historical_prices_dim_step', 'manual__2023-01-06T13:21:32.663212+00:00', '--job-id', '3948', '--raw', '--subdir', 'DAGS_FOLDER/market_data_analytics/my_dags/datalake_update.py', '--cfg-path', '/tmp/tmp9p67sxt0', '--error-file', '/tmp/tmpwjhn049f']
[2023-01-06T14:27:47.382+0000] {standard_task_runner.py:80} INFO - Job 3948: Subtask add_put_tickers_historical_prices_dim_step
[2023-01-06T14:27:47.447+0000] {task_command.py:371} INFO - Running <TaskInstance: atn_update_datalake.add_put_tickers_historical_prices_dim_step manual__2023-01-06T13:21:32.663212+00:00 [running]> on host 370ed6868bc3
[2023-01-06T14:27:47.529+0000] {taskinstance.py:1583} INFO - Exporting the following env vars:
AIRFLOW_CTX_DAG_OWNER=atn
AIRFLOW_CTX_DAG_ID=atn_update_datalake
AIRFLOW_CTX_TASK_ID=add_put_tickers_historical_prices_dim_step
AIRFLOW_CTX_EXECUTION_DATE=2023-01-06T13:21:32.663212+00:00
AIRFLOW_CTX_TRY_NUMBER=1
AIRFLOW_CTX_DAG_RUN_ID=manual__2023-01-06T13:21:32.663212+00:00
[2023-01-06T14:27:47.540+0000] {base.py:68} INFO - Using connection ID 'aws_credentials' for task execution.
[2023-01-06T14:27:47.541+0000] {connection_wrapper.py:210} INFO - AWS Connection (conn_id='aws_credentials', conn_type='aws') credentials retrieved from login and password.
[2023-01-06T14:27:47.605+0000] {emr.py:104} INFO - Adding steps to j-3G7PO8Y3OE3BT
[2023-01-06T14:27:48.565+0000] {emr.py:117} INFO - Steps ['s-3A9A9TTAOVVD9'] added to JobFlow
[2023-01-06T14:27:48.628+0000] {taskinstance.py:1412} INFO - Marking task as SUCCESS. dag_id=atn_update_datalake, task_id=add_put_tickers_historical_prices_dim_step, execution_date=20230106T132132, start_date=20230106T142747, end_date=20230106T142748
[2023-01-06T14:27:48.685+0000] {local_task_job.py:156} INFO - Task exited with return code 0
[2023-01-06T14:27:48.730+0000] {local_task_job.py:279} INFO - 1 downstream tasks scheduled from follow-on schedule check
