[2023-01-08T15:42:14.882+0000] {taskinstance.py:1171} INFO - Dependencies all met for <TaskInstance: atn_update_datalake.check_put_tickers_eps_dim_step manual__2023-01-08T15:06:09.206673+00:00 [queued]>
[2023-01-08T15:42:14.897+0000] {taskinstance.py:1171} INFO - Dependencies all met for <TaskInstance: atn_update_datalake.check_put_tickers_eps_dim_step manual__2023-01-08T15:06:09.206673+00:00 [queued]>
[2023-01-08T15:42:14.897+0000] {taskinstance.py:1368} INFO - 
--------------------------------------------------------------------------------
[2023-01-08T15:42:14.897+0000] {taskinstance.py:1369} INFO - Starting attempt 1 of 3
[2023-01-08T15:42:14.897+0000] {taskinstance.py:1370} INFO - 
--------------------------------------------------------------------------------
[2023-01-08T15:42:14.913+0000] {taskinstance.py:1389} INFO - Executing <Task(EmrStepSensor): check_put_tickers_eps_dim_step> on 2023-01-08 15:06:09.206673+00:00
[2023-01-08T15:42:14.918+0000] {standard_task_runner.py:52} INFO - Started process 361 to run task
[2023-01-08T15:42:14.921+0000] {standard_task_runner.py:79} INFO - Running: ['***', 'tasks', 'run', 'atn_update_datalake', 'check_put_tickers_eps_dim_step', 'manual__2023-01-08T15:06:09.206673+00:00', '--job-id', '4069', '--raw', '--subdir', 'DAGS_FOLDER/market_data_analytics/my_dags/datalake_update.py', '--cfg-path', '/tmp/tmpwoww5g7z', '--error-file', '/tmp/tmpvx3jhaoa']
[2023-01-08T15:42:14.922+0000] {standard_task_runner.py:80} INFO - Job 4069: Subtask check_put_tickers_eps_dim_step
[2023-01-08T15:42:14.987+0000] {task_command.py:371} INFO - Running <TaskInstance: atn_update_datalake.check_put_tickers_eps_dim_step manual__2023-01-08T15:06:09.206673+00:00 [running]> on host 370ed6868bc3
[2023-01-08T15:42:15.082+0000] {taskinstance.py:1583} INFO - Exporting the following env vars:
AIRFLOW_CTX_DAG_OWNER=atn
AIRFLOW_CTX_DAG_ID=atn_update_datalake
AIRFLOW_CTX_TASK_ID=check_put_tickers_eps_dim_step
AIRFLOW_CTX_EXECUTION_DATE=2023-01-08T15:06:09.206673+00:00
AIRFLOW_CTX_TRY_NUMBER=1
AIRFLOW_CTX_DAG_RUN_ID=manual__2023-01-08T15:06:09.206673+00:00
[2023-01-08T15:42:15.092+0000] {base.py:68} INFO - Using connection ID 'aws_credentials' for task execution.
[2023-01-08T15:42:15.093+0000] {connection_wrapper.py:210} INFO - AWS Connection (conn_id='aws_credentials', conn_type='aws') credentials retrieved from login and password.
[2023-01-08T15:42:15.131+0000] {emr.py:443} INFO - Poking step s-1OZFW7Z7U1EA4 on cluster j-36MHGJC6JXK5R
[2023-01-08T15:42:15.823+0000] {emr.py:69} INFO - Job flow currently PENDING
[2023-01-08T15:43:15.853+0000] {emr.py:443} INFO - Poking step s-1OZFW7Z7U1EA4 on cluster j-36MHGJC6JXK5R
[2023-01-08T15:43:16.625+0000] {emr.py:69} INFO - Job flow currently RUNNING
[2023-01-08T15:44:16.653+0000] {emr.py:443} INFO - Poking step s-1OZFW7Z7U1EA4 on cluster j-36MHGJC6JXK5R
[2023-01-08T15:44:17.353+0000] {emr.py:69} INFO - Job flow currently RUNNING
[2023-01-08T15:45:17.414+0000] {emr.py:443} INFO - Poking step s-1OZFW7Z7U1EA4 on cluster j-36MHGJC6JXK5R
[2023-01-08T15:45:18.328+0000] {emr.py:69} INFO - Job flow currently COMPLETED
[2023-01-08T15:45:18.328+0000] {base.py:301} INFO - Success criteria met. Exiting.
[2023-01-08T15:45:18.349+0000] {taskinstance.py:1412} INFO - Marking task as SUCCESS. dag_id=atn_update_datalake, task_id=check_put_tickers_eps_dim_step, execution_date=20230108T150609, start_date=20230108T154214, end_date=20230108T154518
[2023-01-08T15:45:18.430+0000] {local_task_job.py:156} INFO - Task exited with return code 0
[2023-01-08T15:45:18.543+0000] {local_task_job.py:279} INFO - 1 downstream tasks scheduled from follow-on schedule check
