[2023-01-08T14:44:53.973+0000] {taskinstance.py:1171} INFO - Dependencies all met for <TaskInstance: atn_import_data_from_apis.check_get_tickers_actions_step manual__2023-01-08T14:20:41.774645+00:00 [queued]>
[2023-01-08T14:44:53.986+0000] {taskinstance.py:1171} INFO - Dependencies all met for <TaskInstance: atn_import_data_from_apis.check_get_tickers_actions_step manual__2023-01-08T14:20:41.774645+00:00 [queued]>
[2023-01-08T14:44:53.986+0000] {taskinstance.py:1368} INFO - 
--------------------------------------------------------------------------------
[2023-01-08T14:44:53.986+0000] {taskinstance.py:1369} INFO - Starting attempt 1 of 3
[2023-01-08T14:44:53.986+0000] {taskinstance.py:1370} INFO - 
--------------------------------------------------------------------------------
[2023-01-08T14:44:53.999+0000] {taskinstance.py:1389} INFO - Executing <Task(EmrStepSensor): check_get_tickers_actions_step> on 2023-01-08 14:20:41.774645+00:00
[2023-01-08T14:44:54.004+0000] {standard_task_runner.py:52} INFO - Started process 192 to run task
[2023-01-08T14:44:54.007+0000] {standard_task_runner.py:79} INFO - Running: ['***', 'tasks', 'run', 'atn_import_data_from_apis', 'check_get_tickers_actions_step', 'manual__2023-01-08T14:20:41.774645+00:00', '--job-id', '4005', '--raw', '--subdir', 'DAGS_FOLDER/market_data_analytics/my_dags/import_data_from_apis.py', '--cfg-path', '/tmp/tmpd9d6_z4f', '--error-file', '/tmp/tmphiq78cia']
[2023-01-08T14:44:54.008+0000] {standard_task_runner.py:80} INFO - Job 4005: Subtask check_get_tickers_actions_step
[2023-01-08T14:44:54.079+0000] {task_command.py:371} INFO - Running <TaskInstance: atn_import_data_from_apis.check_get_tickers_actions_step manual__2023-01-08T14:20:41.774645+00:00 [running]> on host 370ed6868bc3
[2023-01-08T14:44:54.180+0000] {taskinstance.py:1583} INFO - Exporting the following env vars:
AIRFLOW_CTX_DAG_OWNER=atn
AIRFLOW_CTX_DAG_ID=atn_import_data_from_apis
AIRFLOW_CTX_TASK_ID=check_get_tickers_actions_step
AIRFLOW_CTX_EXECUTION_DATE=2023-01-08T14:20:41.774645+00:00
AIRFLOW_CTX_TRY_NUMBER=1
AIRFLOW_CTX_DAG_RUN_ID=manual__2023-01-08T14:20:41.774645+00:00
[2023-01-08T14:44:54.192+0000] {base.py:68} INFO - Using connection ID 'aws_credentials' for task execution.
[2023-01-08T14:44:54.192+0000] {connection_wrapper.py:210} INFO - AWS Connection (conn_id='aws_credentials', conn_type='aws') credentials retrieved from login and password.
[2023-01-08T14:44:54.230+0000] {emr.py:443} INFO - Poking step s-3NGR9D315Y0LO on cluster j-9LEVRHTCP62
[2023-01-08T14:44:54.960+0000] {emr.py:69} INFO - Job flow currently PENDING
[2023-01-08T14:45:55.010+0000] {emr.py:443} INFO - Poking step s-3NGR9D315Y0LO on cluster j-9LEVRHTCP62
[2023-01-08T14:45:55.781+0000] {emr.py:69} INFO - Job flow currently COMPLETED
[2023-01-08T14:45:55.781+0000] {base.py:301} INFO - Success criteria met. Exiting.
[2023-01-08T14:45:55.797+0000] {taskinstance.py:1412} INFO - Marking task as SUCCESS. dag_id=atn_import_data_from_apis, task_id=check_get_tickers_actions_step, execution_date=20230108T142041, start_date=20230108T144453, end_date=20230108T144555
[2023-01-08T14:45:55.834+0000] {local_task_job.py:156} INFO - Task exited with return code 0
[2023-01-08T14:45:55.896+0000] {local_task_job.py:279} INFO - 1 downstream tasks scheduled from follow-on schedule check
