[2023-01-06T12:57:34.359+0000] {taskinstance.py:1171} INFO - Dependencies all met for <TaskInstance: atn_import_data_from_apis.add_get_tickers_holders_step scheduled__2023-01-06T00:00:00+00:00 [queued]>
[2023-01-06T12:57:34.374+0000] {taskinstance.py:1171} INFO - Dependencies all met for <TaskInstance: atn_import_data_from_apis.add_get_tickers_holders_step scheduled__2023-01-06T00:00:00+00:00 [queued]>
[2023-01-06T12:57:34.374+0000] {taskinstance.py:1368} INFO - 
--------------------------------------------------------------------------------
[2023-01-06T12:57:34.374+0000] {taskinstance.py:1369} INFO - Starting attempt 1 of 3
[2023-01-06T12:57:34.374+0000] {taskinstance.py:1370} INFO - 
--------------------------------------------------------------------------------
[2023-01-06T12:57:34.388+0000] {taskinstance.py:1389} INFO - Executing <Task(EmrAddStepsOperator): add_get_tickers_holders_step> on 2023-01-06 00:00:00+00:00
[2023-01-06T12:57:34.392+0000] {standard_task_runner.py:52} INFO - Started process 242 to run task
[2023-01-06T12:57:34.396+0000] {standard_task_runner.py:79} INFO - Running: ['***', 'tasks', 'run', 'atn_import_data_from_apis', 'add_get_tickers_holders_step', 'scheduled__2023-01-06T00:00:00+00:00', '--job-id', '3871', '--raw', '--subdir', 'DAGS_FOLDER/market_data_analytics/my_dags/import_data_from_apis.py', '--cfg-path', '/tmp/tmpag3a53uk', '--error-file', '/tmp/tmpkt5v_axn']
[2023-01-06T12:57:34.396+0000] {standard_task_runner.py:80} INFO - Job 3871: Subtask add_get_tickers_holders_step
[2023-01-06T12:57:34.410+0000] {warnings.py:110} WARNING - /home/***/.local/lib/python3.7/site-packages/***/configuration.py:538: DeprecationWarning: The sql_alchemy_conn option in [core] has been moved to the sql_alchemy_conn option in [database] - the old setting has been used, but please update your config.
  option = self._get_environment_variables(deprecated_key, deprecated_section, key, section)

[2023-01-06T12:57:34.458+0000] {task_command.py:371} INFO - Running <TaskInstance: atn_import_data_from_apis.add_get_tickers_holders_step scheduled__2023-01-06T00:00:00+00:00 [running]> on host 370ed6868bc3
[2023-01-06T12:57:34.539+0000] {taskinstance.py:1583} INFO - Exporting the following env vars:
AIRFLOW_CTX_DAG_OWNER=atn
AIRFLOW_CTX_DAG_ID=atn_import_data_from_apis
AIRFLOW_CTX_TASK_ID=add_get_tickers_holders_step
AIRFLOW_CTX_EXECUTION_DATE=2023-01-06T00:00:00+00:00
AIRFLOW_CTX_TRY_NUMBER=1
AIRFLOW_CTX_DAG_RUN_ID=scheduled__2023-01-06T00:00:00+00:00
[2023-01-06T12:57:34.549+0000] {base.py:68} INFO - Using connection ID 'aws_credentials' for task execution.
[2023-01-06T12:57:34.550+0000] {connection_wrapper.py:210} INFO - AWS Connection (conn_id='aws_credentials', conn_type='aws') credentials retrieved from login and password.
[2023-01-06T12:57:34.612+0000] {emr.py:104} INFO - Adding steps to j-3J07UP5RPSGPC
[2023-01-06T12:57:35.961+0000] {emr.py:117} INFO - Steps ['s-13MOGJKBPW0KD'] added to JobFlow
[2023-01-06T12:57:36.012+0000] {taskinstance.py:1412} INFO - Marking task as SUCCESS. dag_id=atn_import_data_from_apis, task_id=add_get_tickers_holders_step, execution_date=20230106T000000, start_date=20230106T125734, end_date=20230106T125736
[2023-01-06T12:57:36.060+0000] {local_task_job.py:156} INFO - Task exited with return code 0
[2023-01-06T12:57:36.126+0000] {local_task_job.py:279} INFO - 1 downstream tasks scheduled from follow-on schedule check
