[2023-01-06T12:29:13.612+0000] {taskinstance.py:1171} INFO - Dependencies all met for <TaskInstance: atn_import_data_from_apis.upload_tickers_financials_to_s3 scheduled__2023-01-06T00:00:00+00:00 [queued]>
[2023-01-06T12:29:13.624+0000] {taskinstance.py:1171} INFO - Dependencies all met for <TaskInstance: atn_import_data_from_apis.upload_tickers_financials_to_s3 scheduled__2023-01-06T00:00:00+00:00 [queued]>
[2023-01-06T12:29:13.625+0000] {taskinstance.py:1368} INFO - 
--------------------------------------------------------------------------------
[2023-01-06T12:29:13.625+0000] {taskinstance.py:1369} INFO - Starting attempt 1 of 3
[2023-01-06T12:29:13.625+0000] {taskinstance.py:1370} INFO - 
--------------------------------------------------------------------------------
[2023-01-06T12:29:13.640+0000] {taskinstance.py:1389} INFO - Executing <Task(LocalFilesystemToS3Operator): upload_tickers_financials_to_s3> on 2023-01-06 00:00:00+00:00
[2023-01-06T12:29:13.644+0000] {standard_task_runner.py:52} INFO - Started process 92 to run task
[2023-01-06T12:29:13.647+0000] {standard_task_runner.py:79} INFO - Running: ['***', 'tasks', 'run', 'atn_import_data_from_apis', 'upload_tickers_financials_to_s3', 'scheduled__2023-01-06T00:00:00+00:00', '--job-id', '3821', '--raw', '--subdir', 'DAGS_FOLDER/market_data_analytics/my_dags/import_data_from_apis.py', '--cfg-path', '/tmp/tmp32d8wvy7', '--error-file', '/tmp/tmpcaod6dok']
[2023-01-06T12:29:13.648+0000] {standard_task_runner.py:80} INFO - Job 3821: Subtask upload_tickers_financials_to_s3
[2023-01-06T12:29:13.663+0000] {warnings.py:110} WARNING - /home/***/.local/lib/python3.7/site-packages/***/configuration.py:538: DeprecationWarning: The sql_alchemy_conn option in [core] has been moved to the sql_alchemy_conn option in [database] - the old setting has been used, but please update your config.
  option = self._get_environment_variables(deprecated_key, deprecated_section, key, section)

[2023-01-06T12:29:13.713+0000] {task_command.py:371} INFO - Running <TaskInstance: atn_import_data_from_apis.upload_tickers_financials_to_s3 scheduled__2023-01-06T00:00:00+00:00 [running]> on host 370ed6868bc3
[2023-01-06T12:29:13.784+0000] {taskinstance.py:1583} INFO - Exporting the following env vars:
AIRFLOW_CTX_DAG_OWNER=atn
AIRFLOW_CTX_DAG_ID=atn_import_data_from_apis
AIRFLOW_CTX_TASK_ID=upload_tickers_financials_to_s3
AIRFLOW_CTX_EXECUTION_DATE=2023-01-06T00:00:00+00:00
AIRFLOW_CTX_TRY_NUMBER=1
AIRFLOW_CTX_DAG_RUN_ID=scheduled__2023-01-06T00:00:00+00:00
[2023-01-06T12:29:13.796+0000] {base.py:68} INFO - Using connection ID 'aws_credentials' for task execution.
[2023-01-06T12:29:13.796+0000] {connection_wrapper.py:210} INFO - AWS Connection (conn_id='aws_credentials', conn_type='aws') credentials retrieved from login and password.
[2023-01-06T12:29:15.474+0000] {taskinstance.py:1412} INFO - Marking task as SUCCESS. dag_id=atn_import_data_from_apis, task_id=upload_tickers_financials_to_s3, execution_date=20230106T000000, start_date=20230106T122913, end_date=20230106T122915
[2023-01-06T12:29:15.514+0000] {local_task_job.py:156} INFO - Task exited with return code 0
[2023-01-06T12:29:15.586+0000] {local_task_job.py:279} INFO - 1 downstream tasks scheduled from follow-on schedule check
[2023-01-06T12:33:17.438+0000] {taskinstance.py:1171} INFO - Dependencies all met for <TaskInstance: atn_import_data_from_apis.upload_tickers_financials_to_s3 scheduled__2023-01-06T00:00:00+00:00 [queued]>
[2023-01-06T12:33:17.450+0000] {taskinstance.py:1171} INFO - Dependencies all met for <TaskInstance: atn_import_data_from_apis.upload_tickers_financials_to_s3 scheduled__2023-01-06T00:00:00+00:00 [queued]>
[2023-01-06T12:33:17.450+0000] {taskinstance.py:1368} INFO - 
--------------------------------------------------------------------------------
[2023-01-06T12:33:17.451+0000] {taskinstance.py:1369} INFO - Starting attempt 1 of 3
[2023-01-06T12:33:17.451+0000] {taskinstance.py:1370} INFO - 
--------------------------------------------------------------------------------
[2023-01-06T12:33:17.463+0000] {taskinstance.py:1389} INFO - Executing <Task(LocalFilesystemToS3Operator): upload_tickers_financials_to_s3> on 2023-01-06 00:00:00+00:00
[2023-01-06T12:33:17.468+0000] {standard_task_runner.py:52} INFO - Started process 134 to run task
[2023-01-06T12:33:17.471+0000] {standard_task_runner.py:79} INFO - Running: ['***', 'tasks', 'run', 'atn_import_data_from_apis', 'upload_tickers_financials_to_s3', 'scheduled__2023-01-06T00:00:00+00:00', '--job-id', '3834', '--raw', '--subdir', 'DAGS_FOLDER/market_data_analytics/my_dags/import_data_from_apis.py', '--cfg-path', '/tmp/tmpfo8k0oju', '--error-file', '/tmp/tmplxyhiaug']
[2023-01-06T12:33:17.471+0000] {standard_task_runner.py:80} INFO - Job 3834: Subtask upload_tickers_financials_to_s3
[2023-01-06T12:33:17.483+0000] {warnings.py:110} WARNING - /home/***/.local/lib/python3.7/site-packages/***/configuration.py:538: DeprecationWarning: The sql_alchemy_conn option in [core] has been moved to the sql_alchemy_conn option in [database] - the old setting has been used, but please update your config.
  option = self._get_environment_variables(deprecated_key, deprecated_section, key, section)

[2023-01-06T12:33:17.530+0000] {task_command.py:371} INFO - Running <TaskInstance: atn_import_data_from_apis.upload_tickers_financials_to_s3 scheduled__2023-01-06T00:00:00+00:00 [running]> on host 370ed6868bc3
[2023-01-06T12:33:17.596+0000] {taskinstance.py:1583} INFO - Exporting the following env vars:
AIRFLOW_CTX_DAG_OWNER=atn
AIRFLOW_CTX_DAG_ID=atn_import_data_from_apis
AIRFLOW_CTX_TASK_ID=upload_tickers_financials_to_s3
AIRFLOW_CTX_EXECUTION_DATE=2023-01-06T00:00:00+00:00
AIRFLOW_CTX_TRY_NUMBER=1
AIRFLOW_CTX_DAG_RUN_ID=scheduled__2023-01-06T00:00:00+00:00
[2023-01-06T12:33:17.608+0000] {base.py:68} INFO - Using connection ID 'aws_credentials' for task execution.
[2023-01-06T12:33:17.608+0000] {connection_wrapper.py:210} INFO - AWS Connection (conn_id='aws_credentials', conn_type='aws') credentials retrieved from login and password.
[2023-01-06T12:33:18.909+0000] {taskinstance.py:1412} INFO - Marking task as SUCCESS. dag_id=atn_import_data_from_apis, task_id=upload_tickers_financials_to_s3, execution_date=20230106T000000, start_date=20230106T123317, end_date=20230106T123318
[2023-01-06T12:33:18.930+0000] {local_task_job.py:156} INFO - Task exited with return code 0
[2023-01-06T12:33:18.990+0000] {local_task_job.py:279} INFO - 1 downstream tasks scheduled from follow-on schedule check
