[2023-01-05T10:06:29.180+0000] {taskinstance.py:1171} INFO - Dependencies all met for <TaskInstance: atn_import_data_from_apis.upload_tickers_news_to_s3 manual__2023-01-05T10:05:00.167541+00:00 [queued]>
[2023-01-05T10:06:29.193+0000] {taskinstance.py:1171} INFO - Dependencies all met for <TaskInstance: atn_import_data_from_apis.upload_tickers_news_to_s3 manual__2023-01-05T10:05:00.167541+00:00 [queued]>
[2023-01-05T10:06:29.193+0000] {taskinstance.py:1368} INFO - 
--------------------------------------------------------------------------------
[2023-01-05T10:06:29.194+0000] {taskinstance.py:1369} INFO - Starting attempt 1 of 3
[2023-01-05T10:06:29.194+0000] {taskinstance.py:1370} INFO - 
--------------------------------------------------------------------------------
[2023-01-05T10:06:29.209+0000] {taskinstance.py:1389} INFO - Executing <Task(LocalFilesystemToS3Operator): upload_tickers_news_to_s3> on 2023-01-05 10:05:00.167541+00:00
[2023-01-05T10:06:29.214+0000] {standard_task_runner.py:52} INFO - Started process 129 to run task
[2023-01-05T10:06:29.217+0000] {standard_task_runner.py:79} INFO - Running: ['***', 'tasks', 'run', 'atn_import_data_from_apis', 'upload_tickers_news_to_s3', 'manual__2023-01-05T10:05:00.167541+00:00', '--job-id', '3695', '--raw', '--subdir', 'DAGS_FOLDER/market_data_analytics/my_dags/import_data_from_apis.py', '--cfg-path', '/tmp/tmp4eepme50', '--error-file', '/tmp/tmp6nm5ep8u']
[2023-01-05T10:06:29.217+0000] {standard_task_runner.py:80} INFO - Job 3695: Subtask upload_tickers_news_to_s3
[2023-01-05T10:06:29.285+0000] {task_command.py:371} INFO - Running <TaskInstance: atn_import_data_from_apis.upload_tickers_news_to_s3 manual__2023-01-05T10:05:00.167541+00:00 [running]> on host 370ed6868bc3
[2023-01-05T10:06:29.370+0000] {taskinstance.py:1583} INFO - Exporting the following env vars:
AIRFLOW_CTX_DAG_OWNER=atn
AIRFLOW_CTX_DAG_ID=atn_import_data_from_apis
AIRFLOW_CTX_TASK_ID=upload_tickers_news_to_s3
AIRFLOW_CTX_EXECUTION_DATE=2023-01-05T10:05:00.167541+00:00
AIRFLOW_CTX_TRY_NUMBER=1
AIRFLOW_CTX_DAG_RUN_ID=manual__2023-01-05T10:05:00.167541+00:00
[2023-01-05T10:06:29.383+0000] {base.py:68} INFO - Using connection ID 'aws_credentials' for task execution.
[2023-01-05T10:06:29.384+0000] {connection_wrapper.py:210} INFO - AWS Connection (conn_id='aws_credentials', conn_type='aws') credentials retrieved from login and password.
[2023-01-05T10:06:31.516+0000] {taskinstance.py:1412} INFO - Marking task as SUCCESS. dag_id=atn_import_data_from_apis, task_id=upload_tickers_news_to_s3, execution_date=20230105T100500, start_date=20230105T100629, end_date=20230105T100631
[2023-01-05T10:06:31.565+0000] {local_task_job.py:156} INFO - Task exited with return code 0
[2023-01-05T10:06:31.645+0000] {local_task_job.py:279} INFO - 1 downstream tasks scheduled from follow-on schedule check
