[2023-01-08T14:41:42.806+0000] {taskinstance.py:1171} INFO - Dependencies all met for <TaskInstance: atn_import_data_from_apis.check_get_tickers_eps_step manual__2023-01-08T14:20:41.774645+00:00 [queued]>
[2023-01-08T14:41:42.821+0000] {taskinstance.py:1171} INFO - Dependencies all met for <TaskInstance: atn_import_data_from_apis.check_get_tickers_eps_step manual__2023-01-08T14:20:41.774645+00:00 [queued]>
[2023-01-08T14:41:42.821+0000] {taskinstance.py:1368} INFO - 
--------------------------------------------------------------------------------
[2023-01-08T14:41:42.821+0000] {taskinstance.py:1369} INFO - Starting attempt 1 of 3
[2023-01-08T14:41:42.821+0000] {taskinstance.py:1370} INFO - 
--------------------------------------------------------------------------------
[2023-01-08T14:41:42.835+0000] {taskinstance.py:1389} INFO - Executing <Task(EmrStepSensor): check_get_tickers_eps_step> on 2023-01-08 14:20:41.774645+00:00
[2023-01-08T14:41:42.840+0000] {standard_task_runner.py:52} INFO - Started process 184 to run task
[2023-01-08T14:41:42.843+0000] {standard_task_runner.py:79} INFO - Running: ['***', 'tasks', 'run', 'atn_import_data_from_apis', 'check_get_tickers_eps_step', 'manual__2023-01-08T14:20:41.774645+00:00', '--job-id', '4001', '--raw', '--subdir', 'DAGS_FOLDER/market_data_analytics/my_dags/import_data_from_apis.py', '--cfg-path', '/tmp/tmp0qc8ptji', '--error-file', '/tmp/tmpx0p9za4x']
[2023-01-08T14:41:42.844+0000] {standard_task_runner.py:80} INFO - Job 4001: Subtask check_get_tickers_eps_step
[2023-01-08T14:41:42.916+0000] {task_command.py:371} INFO - Running <TaskInstance: atn_import_data_from_apis.check_get_tickers_eps_step manual__2023-01-08T14:20:41.774645+00:00 [running]> on host 370ed6868bc3
[2023-01-08T14:41:43.014+0000] {taskinstance.py:1583} INFO - Exporting the following env vars:
AIRFLOW_CTX_DAG_OWNER=atn
AIRFLOW_CTX_DAG_ID=atn_import_data_from_apis
AIRFLOW_CTX_TASK_ID=check_get_tickers_eps_step
AIRFLOW_CTX_EXECUTION_DATE=2023-01-08T14:20:41.774645+00:00
AIRFLOW_CTX_TRY_NUMBER=1
AIRFLOW_CTX_DAG_RUN_ID=manual__2023-01-08T14:20:41.774645+00:00
[2023-01-08T14:41:43.024+0000] {base.py:68} INFO - Using connection ID 'aws_credentials' for task execution.
[2023-01-08T14:41:43.025+0000] {connection_wrapper.py:210} INFO - AWS Connection (conn_id='aws_credentials', conn_type='aws') credentials retrieved from login and password.
[2023-01-08T14:41:43.066+0000] {emr.py:443} INFO - Poking step s-1QM0KJUC4PG7J on cluster j-9LEVRHTCP62
[2023-01-08T14:41:43.784+0000] {emr.py:69} INFO - Job flow currently PENDING
[2023-01-08T14:42:43.844+0000] {emr.py:443} INFO - Poking step s-1QM0KJUC4PG7J on cluster j-9LEVRHTCP62
[2023-01-08T14:42:44.610+0000] {emr.py:69} INFO - Job flow currently RUNNING
[2023-01-08T14:43:44.664+0000] {emr.py:443} INFO - Poking step s-1QM0KJUC4PG7J on cluster j-9LEVRHTCP62
[2023-01-08T14:43:45.391+0000] {emr.py:69} INFO - Job flow currently COMPLETED
[2023-01-08T14:43:45.392+0000] {base.py:301} INFO - Success criteria met. Exiting.
[2023-01-08T14:43:45.428+0000] {taskinstance.py:1412} INFO - Marking task as SUCCESS. dag_id=atn_import_data_from_apis, task_id=check_get_tickers_eps_step, execution_date=20230108T142041, start_date=20230108T144142, end_date=20230108T144345
[2023-01-08T14:43:45.498+0000] {local_task_job.py:156} INFO - Task exited with return code 0
[2023-01-08T14:43:45.566+0000] {local_task_job.py:279} INFO - 1 downstream tasks scheduled from follow-on schedule check
