[2023-01-06T13:55:16.200+0000] {taskinstance.py:1171} INFO - Dependencies all met for <TaskInstance: atn_update_datalake.check_put_tickers_cashflow_dim_step manual__2023-01-06T13:21:32.663212+00:00 [queued]>
[2023-01-06T13:55:16.222+0000] {taskinstance.py:1171} INFO - Dependencies all met for <TaskInstance: atn_update_datalake.check_put_tickers_cashflow_dim_step manual__2023-01-06T13:21:32.663212+00:00 [queued]>
[2023-01-06T13:55:16.222+0000] {taskinstance.py:1368} INFO - 
--------------------------------------------------------------------------------
[2023-01-06T13:55:16.222+0000] {taskinstance.py:1369} INFO - Starting attempt 1 of 3
[2023-01-06T13:55:16.222+0000] {taskinstance.py:1370} INFO - 
--------------------------------------------------------------------------------
[2023-01-06T13:55:16.235+0000] {taskinstance.py:1389} INFO - Executing <Task(EmrStepSensor): check_put_tickers_cashflow_dim_step> on 2023-01-06 13:21:32.663212+00:00
[2023-01-06T13:55:16.240+0000] {standard_task_runner.py:52} INFO - Started process 403 to run task
[2023-01-06T13:55:16.243+0000] {standard_task_runner.py:79} INFO - Running: ['***', 'tasks', 'run', 'atn_update_datalake', 'check_put_tickers_cashflow_dim_step', 'manual__2023-01-06T13:21:32.663212+00:00', '--job-id', '3931', '--raw', '--subdir', 'DAGS_FOLDER/market_data_analytics/my_dags/datalake_update.py', '--cfg-path', '/tmp/tmpfhoazg43', '--error-file', '/tmp/tmpe2vw198z']
[2023-01-06T13:55:16.243+0000] {standard_task_runner.py:80} INFO - Job 3931: Subtask check_put_tickers_cashflow_dim_step
[2023-01-06T13:55:16.306+0000] {task_command.py:371} INFO - Running <TaskInstance: atn_update_datalake.check_put_tickers_cashflow_dim_step manual__2023-01-06T13:21:32.663212+00:00 [running]> on host 370ed6868bc3
[2023-01-06T13:55:16.406+0000] {taskinstance.py:1583} INFO - Exporting the following env vars:
AIRFLOW_CTX_DAG_OWNER=atn
AIRFLOW_CTX_DAG_ID=atn_update_datalake
AIRFLOW_CTX_TASK_ID=check_put_tickers_cashflow_dim_step
AIRFLOW_CTX_EXECUTION_DATE=2023-01-06T13:21:32.663212+00:00
AIRFLOW_CTX_TRY_NUMBER=1
AIRFLOW_CTX_DAG_RUN_ID=manual__2023-01-06T13:21:32.663212+00:00
[2023-01-06T13:55:16.417+0000] {base.py:68} INFO - Using connection ID 'aws_credentials' for task execution.
[2023-01-06T13:55:16.417+0000] {connection_wrapper.py:210} INFO - AWS Connection (conn_id='aws_credentials', conn_type='aws') credentials retrieved from login and password.
[2023-01-06T13:55:16.490+0000] {emr.py:443} INFO - Poking step s-BWFG2517C59B on cluster j-3G7PO8Y3OE3BT
[2023-01-06T13:55:17.643+0000] {emr.py:69} INFO - Job flow currently PENDING
[2023-01-06T13:56:17.673+0000] {emr.py:443} INFO - Poking step s-BWFG2517C59B on cluster j-3G7PO8Y3OE3BT
[2023-01-06T13:56:18.543+0000] {emr.py:69} INFO - Job flow currently RUNNING
[2023-01-06T13:57:18.603+0000] {emr.py:443} INFO - Poking step s-BWFG2517C59B on cluster j-3G7PO8Y3OE3BT
[2023-01-06T13:57:20.212+0000] {emr.py:69} INFO - Job flow currently RUNNING
[2023-01-06T13:58:20.272+0000] {emr.py:443} INFO - Poking step s-BWFG2517C59B on cluster j-3G7PO8Y3OE3BT
[2023-01-06T13:58:21.655+0000] {emr.py:69} INFO - Job flow currently RUNNING
[2023-01-06T13:59:21.707+0000] {emr.py:443} INFO - Poking step s-BWFG2517C59B on cluster j-3G7PO8Y3OE3BT
[2023-01-06T13:59:22.947+0000] {emr.py:69} INFO - Job flow currently COMPLETED
[2023-01-06T13:59:22.948+0000] {base.py:301} INFO - Success criteria met. Exiting.
[2023-01-06T13:59:22.995+0000] {taskinstance.py:1412} INFO - Marking task as SUCCESS. dag_id=atn_update_datalake, task_id=check_put_tickers_cashflow_dim_step, execution_date=20230106T132132, start_date=20230106T135516, end_date=20230106T135922
[2023-01-06T13:59:23.119+0000] {local_task_job.py:156} INFO - Task exited with return code 0
[2023-01-06T13:59:23.165+0000] {local_task_job.py:279} INFO - 0 downstream tasks scheduled from follow-on schedule check
