[2023-01-06T14:24:41.770+0000] {taskinstance.py:1171} INFO - Dependencies all met for <TaskInstance: atn_update_datalake.check_put_tickers_options_dim_step manual__2023-01-06T13:21:32.663212+00:00 [queued]>
[2023-01-06T14:24:41.784+0000] {taskinstance.py:1171} INFO - Dependencies all met for <TaskInstance: atn_update_datalake.check_put_tickers_options_dim_step manual__2023-01-06T13:21:32.663212+00:00 [queued]>
[2023-01-06T14:24:41.784+0000] {taskinstance.py:1368} INFO - 
--------------------------------------------------------------------------------
[2023-01-06T14:24:41.784+0000] {taskinstance.py:1369} INFO - Starting attempt 1 of 3
[2023-01-06T14:24:41.784+0000] {taskinstance.py:1370} INFO - 
--------------------------------------------------------------------------------
[2023-01-06T14:24:41.798+0000] {taskinstance.py:1389} INFO - Executing <Task(EmrStepSensor): check_put_tickers_options_dim_step> on 2023-01-06 13:21:32.663212+00:00
[2023-01-06T14:24:41.804+0000] {standard_task_runner.py:52} INFO - Started process 435 to run task
[2023-01-06T14:24:41.807+0000] {standard_task_runner.py:79} INFO - Running: ['***', 'tasks', 'run', 'atn_update_datalake', 'check_put_tickers_options_dim_step', 'manual__2023-01-06T13:21:32.663212+00:00', '--job-id', '3947', '--raw', '--subdir', 'DAGS_FOLDER/market_data_analytics/my_dags/datalake_update.py', '--cfg-path', '/tmp/tmpzgv_d6hd', '--error-file', '/tmp/tmp3nd8a7l3']
[2023-01-06T14:24:41.807+0000] {standard_task_runner.py:80} INFO - Job 3947: Subtask check_put_tickers_options_dim_step
[2023-01-06T14:24:41.875+0000] {task_command.py:371} INFO - Running <TaskInstance: atn_update_datalake.check_put_tickers_options_dim_step manual__2023-01-06T13:21:32.663212+00:00 [running]> on host 370ed6868bc3
[2023-01-06T14:24:41.978+0000] {taskinstance.py:1583} INFO - Exporting the following env vars:
AIRFLOW_CTX_DAG_OWNER=atn
AIRFLOW_CTX_DAG_ID=atn_update_datalake
AIRFLOW_CTX_TASK_ID=check_put_tickers_options_dim_step
AIRFLOW_CTX_EXECUTION_DATE=2023-01-06T13:21:32.663212+00:00
AIRFLOW_CTX_TRY_NUMBER=1
AIRFLOW_CTX_DAG_RUN_ID=manual__2023-01-06T13:21:32.663212+00:00
[2023-01-06T14:24:41.989+0000] {base.py:68} INFO - Using connection ID 'aws_credentials' for task execution.
[2023-01-06T14:24:41.990+0000] {connection_wrapper.py:210} INFO - AWS Connection (conn_id='aws_credentials', conn_type='aws') credentials retrieved from login and password.
[2023-01-06T14:24:42.030+0000] {emr.py:443} INFO - Poking step s-1T6TCADCO71OA on cluster j-3G7PO8Y3OE3BT
[2023-01-06T14:24:42.838+0000] {emr.py:69} INFO - Job flow currently PENDING
[2023-01-06T14:25:42.899+0000] {emr.py:443} INFO - Poking step s-1T6TCADCO71OA on cluster j-3G7PO8Y3OE3BT
[2023-01-06T14:25:44.132+0000] {emr.py:69} INFO - Job flow currently RUNNING
[2023-01-06T14:26:44.193+0000] {emr.py:443} INFO - Poking step s-1T6TCADCO71OA on cluster j-3G7PO8Y3OE3BT
[2023-01-06T14:26:45.303+0000] {emr.py:69} INFO - Job flow currently RUNNING
[2023-01-06T14:27:45.362+0000] {emr.py:443} INFO - Poking step s-1T6TCADCO71OA on cluster j-3G7PO8Y3OE3BT
[2023-01-06T14:27:46.312+0000] {emr.py:69} INFO - Job flow currently COMPLETED
[2023-01-06T14:27:46.313+0000] {base.py:301} INFO - Success criteria met. Exiting.
[2023-01-06T14:27:46.345+0000] {taskinstance.py:1412} INFO - Marking task as SUCCESS. dag_id=atn_update_datalake, task_id=check_put_tickers_options_dim_step, execution_date=20230106T132132, start_date=20230106T142441, end_date=20230106T142746
[2023-01-06T14:27:46.417+0000] {local_task_job.py:156} INFO - Task exited with return code 0
[2023-01-06T14:27:46.493+0000] {local_task_job.py:279} INFO - 1 downstream tasks scheduled from follow-on schedule check
