[2023-01-08T14:48:03.277+0000] {taskinstance.py:1171} INFO - Dependencies all met for <TaskInstance: atn_import_data_from_apis.add_get_tickers_holders_step manual__2023-01-08T14:20:41.774645+00:00 [queued]>
[2023-01-08T14:48:03.292+0000] {taskinstance.py:1171} INFO - Dependencies all met for <TaskInstance: atn_import_data_from_apis.add_get_tickers_holders_step manual__2023-01-08T14:20:41.774645+00:00 [queued]>
[2023-01-08T14:48:03.292+0000] {taskinstance.py:1368} INFO - 
--------------------------------------------------------------------------------
[2023-01-08T14:48:03.292+0000] {taskinstance.py:1369} INFO - Starting attempt 1 of 3
[2023-01-08T14:48:03.292+0000] {taskinstance.py:1370} INFO - 
--------------------------------------------------------------------------------
[2023-01-08T14:48:03.305+0000] {taskinstance.py:1389} INFO - Executing <Task(EmrAddStepsOperator): add_get_tickers_holders_step> on 2023-01-08 14:20:41.774645+00:00
[2023-01-08T14:48:03.309+0000] {standard_task_runner.py:52} INFO - Started process 198 to run task
[2023-01-08T14:48:03.312+0000] {standard_task_runner.py:79} INFO - Running: ['***', 'tasks', 'run', 'atn_import_data_from_apis', 'add_get_tickers_holders_step', 'manual__2023-01-08T14:20:41.774645+00:00', '--job-id', '4008', '--raw', '--subdir', 'DAGS_FOLDER/market_data_analytics/my_dags/import_data_from_apis.py', '--cfg-path', '/tmp/tmpt1c__ub4', '--error-file', '/tmp/tmp4d8ozwbc']
[2023-01-08T14:48:03.313+0000] {standard_task_runner.py:80} INFO - Job 4008: Subtask add_get_tickers_holders_step
[2023-01-08T14:48:03.382+0000] {task_command.py:371} INFO - Running <TaskInstance: atn_import_data_from_apis.add_get_tickers_holders_step manual__2023-01-08T14:20:41.774645+00:00 [running]> on host 370ed6868bc3
[2023-01-08T14:48:03.472+0000] {taskinstance.py:1583} INFO - Exporting the following env vars:
AIRFLOW_CTX_DAG_OWNER=atn
AIRFLOW_CTX_DAG_ID=atn_import_data_from_apis
AIRFLOW_CTX_TASK_ID=add_get_tickers_holders_step
AIRFLOW_CTX_EXECUTION_DATE=2023-01-08T14:20:41.774645+00:00
AIRFLOW_CTX_TRY_NUMBER=1
AIRFLOW_CTX_DAG_RUN_ID=manual__2023-01-08T14:20:41.774645+00:00
[2023-01-08T14:48:03.484+0000] {base.py:68} INFO - Using connection ID 'aws_credentials' for task execution.
[2023-01-08T14:48:03.485+0000] {connection_wrapper.py:210} INFO - AWS Connection (conn_id='aws_credentials', conn_type='aws') credentials retrieved from login and password.
[2023-01-08T14:48:03.559+0000] {emr.py:104} INFO - Adding steps to j-9LEVRHTCP62
[2023-01-08T14:48:04.351+0000] {emr.py:117} INFO - Steps ['s-2WL8SK3UFIT90'] added to JobFlow
[2023-01-08T14:48:04.402+0000] {taskinstance.py:1412} INFO - Marking task as SUCCESS. dag_id=atn_import_data_from_apis, task_id=add_get_tickers_holders_step, execution_date=20230108T142041, start_date=20230108T144803, end_date=20230108T144804
[2023-01-08T14:48:04.452+0000] {local_task_job.py:156} INFO - Task exited with return code 0
[2023-01-08T14:48:04.526+0000] {local_task_job.py:279} INFO - 1 downstream tasks scheduled from follow-on schedule check
