[2023-01-08T15:16:23.672+0000] {taskinstance.py:1171} INFO - Dependencies all met for <TaskInstance: atn_update_datalake.add_put_exchanges_dim_step manual__2023-01-08T15:06:09.206673+00:00 [queued]>
[2023-01-08T15:16:23.688+0000] {taskinstance.py:1171} INFO - Dependencies all met for <TaskInstance: atn_update_datalake.add_put_exchanges_dim_step manual__2023-01-08T15:06:09.206673+00:00 [queued]>
[2023-01-08T15:16:23.688+0000] {taskinstance.py:1368} INFO - 
--------------------------------------------------------------------------------
[2023-01-08T15:16:23.689+0000] {taskinstance.py:1369} INFO - Starting attempt 1 of 3
[2023-01-08T15:16:23.689+0000] {taskinstance.py:1370} INFO - 
--------------------------------------------------------------------------------
[2023-01-08T15:16:23.702+0000] {taskinstance.py:1389} INFO - Executing <Task(EmrAddStepsOperator): add_put_exchanges_dim_step> on 2023-01-08 15:06:09.206673+00:00
[2023-01-08T15:16:23.707+0000] {standard_task_runner.py:52} INFO - Started process 335 to run task
[2023-01-08T15:16:23.710+0000] {standard_task_runner.py:79} INFO - Running: ['***', 'tasks', 'run', 'atn_update_datalake', 'add_put_exchanges_dim_step', 'manual__2023-01-08T15:06:09.206673+00:00', '--job-id', '4056', '--raw', '--subdir', 'DAGS_FOLDER/market_data_analytics/my_dags/datalake_update.py', '--cfg-path', '/tmp/tmpf_qlh9dx', '--error-file', '/tmp/tmp8qvfy_7w']
[2023-01-08T15:16:23.711+0000] {standard_task_runner.py:80} INFO - Job 4056: Subtask add_put_exchanges_dim_step
[2023-01-08T15:16:23.782+0000] {task_command.py:371} INFO - Running <TaskInstance: atn_update_datalake.add_put_exchanges_dim_step manual__2023-01-08T15:06:09.206673+00:00 [running]> on host 370ed6868bc3
[2023-01-08T15:16:23.872+0000] {taskinstance.py:1583} INFO - Exporting the following env vars:
AIRFLOW_CTX_DAG_OWNER=atn
AIRFLOW_CTX_DAG_ID=atn_update_datalake
AIRFLOW_CTX_TASK_ID=add_put_exchanges_dim_step
AIRFLOW_CTX_EXECUTION_DATE=2023-01-08T15:06:09.206673+00:00
AIRFLOW_CTX_TRY_NUMBER=1
AIRFLOW_CTX_DAG_RUN_ID=manual__2023-01-08T15:06:09.206673+00:00
[2023-01-08T15:16:23.886+0000] {base.py:68} INFO - Using connection ID 'aws_credentials' for task execution.
[2023-01-08T15:16:23.887+0000] {connection_wrapper.py:210} INFO - AWS Connection (conn_id='aws_credentials', conn_type='aws') credentials retrieved from login and password.
[2023-01-08T15:16:23.954+0000] {emr.py:104} INFO - Adding steps to j-36MHGJC6JXK5R
[2023-01-08T15:16:24.729+0000] {emr.py:117} INFO - Steps ['s-3LVAOKC1A81EW'] added to JobFlow
[2023-01-08T15:16:24.765+0000] {taskinstance.py:1412} INFO - Marking task as SUCCESS. dag_id=atn_update_datalake, task_id=add_put_exchanges_dim_step, execution_date=20230108T150609, start_date=20230108T151623, end_date=20230108T151624
[2023-01-08T15:16:24.808+0000] {local_task_job.py:156} INFO - Task exited with return code 0
[2023-01-08T15:16:24.945+0000] {local_task_job.py:279} INFO - 0 downstream tasks scheduled from follow-on schedule check
