[2023-01-08T15:52:38.627+0000] {taskinstance.py:1171} INFO - Dependencies all met for <TaskInstance: atn_update_datalake.check_put_tickers_holders_dim_step manual__2023-01-08T15:06:09.206673+00:00 [queued]>
[2023-01-08T15:52:38.642+0000] {taskinstance.py:1171} INFO - Dependencies all met for <TaskInstance: atn_update_datalake.check_put_tickers_holders_dim_step manual__2023-01-08T15:06:09.206673+00:00 [queued]>
[2023-01-08T15:52:38.642+0000] {taskinstance.py:1368} INFO - 
--------------------------------------------------------------------------------
[2023-01-08T15:52:38.642+0000] {taskinstance.py:1369} INFO - Starting attempt 1 of 3
[2023-01-08T15:52:38.642+0000] {taskinstance.py:1370} INFO - 
--------------------------------------------------------------------------------
[2023-01-08T15:52:38.658+0000] {taskinstance.py:1389} INFO - Executing <Task(EmrStepSensor): check_put_tickers_holders_dim_step> on 2023-01-08 15:06:09.206673+00:00
[2023-01-08T15:52:38.663+0000] {standard_task_runner.py:52} INFO - Started process 373 to run task
[2023-01-08T15:52:38.667+0000] {standard_task_runner.py:79} INFO - Running: ['***', 'tasks', 'run', 'atn_update_datalake', 'check_put_tickers_holders_dim_step', 'manual__2023-01-08T15:06:09.206673+00:00', '--job-id', '4075', '--raw', '--subdir', 'DAGS_FOLDER/market_data_analytics/my_dags/datalake_update.py', '--cfg-path', '/tmp/tmp9ucwoblp', '--error-file', '/tmp/tmpqslffoge']
[2023-01-08T15:52:38.668+0000] {standard_task_runner.py:80} INFO - Job 4075: Subtask check_put_tickers_holders_dim_step
[2023-01-08T15:52:38.739+0000] {task_command.py:371} INFO - Running <TaskInstance: atn_update_datalake.check_put_tickers_holders_dim_step manual__2023-01-08T15:06:09.206673+00:00 [running]> on host 370ed6868bc3
[2023-01-08T15:52:38.841+0000] {taskinstance.py:1583} INFO - Exporting the following env vars:
AIRFLOW_CTX_DAG_OWNER=atn
AIRFLOW_CTX_DAG_ID=atn_update_datalake
AIRFLOW_CTX_TASK_ID=check_put_tickers_holders_dim_step
AIRFLOW_CTX_EXECUTION_DATE=2023-01-08T15:06:09.206673+00:00
AIRFLOW_CTX_TRY_NUMBER=1
AIRFLOW_CTX_DAG_RUN_ID=manual__2023-01-08T15:06:09.206673+00:00
[2023-01-08T15:52:38.853+0000] {base.py:68} INFO - Using connection ID 'aws_credentials' for task execution.
[2023-01-08T15:52:38.853+0000] {connection_wrapper.py:210} INFO - AWS Connection (conn_id='aws_credentials', conn_type='aws') credentials retrieved from login and password.
[2023-01-08T15:52:38.892+0000] {emr.py:443} INFO - Poking step s-3UHOLY3QDTA9R on cluster j-36MHGJC6JXK5R
[2023-01-08T15:52:39.603+0000] {emr.py:69} INFO - Job flow currently PENDING
[2023-01-08T15:53:39.617+0000] {emr.py:443} INFO - Poking step s-3UHOLY3QDTA9R on cluster j-36MHGJC6JXK5R
[2023-01-08T15:53:40.455+0000] {emr.py:69} INFO - Job flow currently RUNNING
[2023-01-08T15:54:40.514+0000] {emr.py:443} INFO - Poking step s-3UHOLY3QDTA9R on cluster j-36MHGJC6JXK5R
[2023-01-08T15:54:41.337+0000] {emr.py:69} INFO - Job flow currently RUNNING
[2023-01-08T15:55:41.354+0000] {emr.py:443} INFO - Poking step s-3UHOLY3QDTA9R on cluster j-36MHGJC6JXK5R
[2023-01-08T15:55:42.077+0000] {emr.py:69} INFO - Job flow currently RUNNING
[2023-01-08T15:56:42.134+0000] {emr.py:443} INFO - Poking step s-3UHOLY3QDTA9R on cluster j-36MHGJC6JXK5R
[2023-01-08T15:56:42.932+0000] {emr.py:69} INFO - Job flow currently COMPLETED
[2023-01-08T15:56:42.933+0000] {base.py:301} INFO - Success criteria met. Exiting.
[2023-01-08T15:56:42.974+0000] {taskinstance.py:1412} INFO - Marking task as SUCCESS. dag_id=atn_update_datalake, task_id=check_put_tickers_holders_dim_step, execution_date=20230108T150609, start_date=20230108T155238, end_date=20230108T155642
[2023-01-08T15:56:42.996+0000] {local_task_job.py:156} INFO - Task exited with return code 0
[2023-01-08T15:56:43.050+0000] {local_task_job.py:279} INFO - 1 downstream tasks scheduled from follow-on schedule check
