[2023-01-05T10:47:37.659+0000] {taskinstance.py:1171} INFO - Dependencies all met for <TaskInstance: atn_import_data_from_apis.add_get_tickers_historical_prices_step manual__2023-01-05T10:05:00.167541+00:00 [queued]>
[2023-01-05T10:47:37.680+0000] {taskinstance.py:1171} INFO - Dependencies all met for <TaskInstance: atn_import_data_from_apis.add_get_tickers_historical_prices_step manual__2023-01-05T10:05:00.167541+00:00 [queued]>
[2023-01-05T10:47:37.681+0000] {taskinstance.py:1368} INFO - 
--------------------------------------------------------------------------------
[2023-01-05T10:47:37.681+0000] {taskinstance.py:1369} INFO - Starting attempt 1 of 3
[2023-01-05T10:47:37.681+0000] {taskinstance.py:1370} INFO - 
--------------------------------------------------------------------------------
[2023-01-05T10:47:37.696+0000] {taskinstance.py:1389} INFO - Executing <Task(EmrAddStepsOperator): add_get_tickers_historical_prices_step> on 2023-01-05 10:05:00.167541+00:00
[2023-01-05T10:47:37.700+0000] {standard_task_runner.py:52} INFO - Started process 225 to run task
[2023-01-05T10:47:37.705+0000] {standard_task_runner.py:79} INFO - Running: ['***', 'tasks', 'run', 'atn_import_data_from_apis', 'add_get_tickers_historical_prices_step', 'manual__2023-01-05T10:05:00.167541+00:00', '--job-id', '3736', '--raw', '--subdir', 'DAGS_FOLDER/market_data_analytics/my_dags/import_data_from_apis.py', '--cfg-path', '/tmp/tmpdwve34o9', '--error-file', '/tmp/tmpmr_nj52q']
[2023-01-05T10:47:37.705+0000] {standard_task_runner.py:80} INFO - Job 3736: Subtask add_get_tickers_historical_prices_step
[2023-01-05T10:47:37.776+0000] {task_command.py:371} INFO - Running <TaskInstance: atn_import_data_from_apis.add_get_tickers_historical_prices_step manual__2023-01-05T10:05:00.167541+00:00 [running]> on host 370ed6868bc3
[2023-01-05T10:47:37.873+0000] {taskinstance.py:1583} INFO - Exporting the following env vars:
AIRFLOW_CTX_DAG_OWNER=atn
AIRFLOW_CTX_DAG_ID=atn_import_data_from_apis
AIRFLOW_CTX_TASK_ID=add_get_tickers_historical_prices_step
AIRFLOW_CTX_EXECUTION_DATE=2023-01-05T10:05:00.167541+00:00
AIRFLOW_CTX_TRY_NUMBER=1
AIRFLOW_CTX_DAG_RUN_ID=manual__2023-01-05T10:05:00.167541+00:00
[2023-01-05T10:47:37.885+0000] {base.py:68} INFO - Using connection ID 'aws_credentials' for task execution.
[2023-01-05T10:47:37.887+0000] {connection_wrapper.py:210} INFO - AWS Connection (conn_id='aws_credentials', conn_type='aws') credentials retrieved from login and password.
[2023-01-05T10:47:37.951+0000] {emr.py:104} INFO - Adding steps to j-275LF5U6JZLEP
[2023-01-05T10:47:38.826+0000] {emr.py:117} INFO - Steps ['s-VEL84YQSDAFS'] added to JobFlow
[2023-01-05T10:47:38.880+0000] {taskinstance.py:1412} INFO - Marking task as SUCCESS. dag_id=atn_import_data_from_apis, task_id=add_get_tickers_historical_prices_step, execution_date=20230105T100500, start_date=20230105T104737, end_date=20230105T104738
[2023-01-05T10:47:38.923+0000] {local_task_job.py:156} INFO - Task exited with return code 0
[2023-01-05T10:47:38.975+0000] {local_task_job.py:279} INFO - 1 downstream tasks scheduled from follow-on schedule check
