[2023-01-05T10:29:34.600+0000] {taskinstance.py:1171} INFO - Dependencies all met for <TaskInstance: atn_import_data_from_apis.add_get_tickers_actions_step manual__2023-01-05T10:05:00.167541+00:00 [queued]>
[2023-01-05T10:29:34.618+0000] {taskinstance.py:1171} INFO - Dependencies all met for <TaskInstance: atn_import_data_from_apis.add_get_tickers_actions_step manual__2023-01-05T10:05:00.167541+00:00 [queued]>
[2023-01-05T10:29:34.618+0000] {taskinstance.py:1368} INFO - 
--------------------------------------------------------------------------------
[2023-01-05T10:29:34.618+0000] {taskinstance.py:1369} INFO - Starting attempt 1 of 3
[2023-01-05T10:29:34.618+0000] {taskinstance.py:1370} INFO - 
--------------------------------------------------------------------------------
[2023-01-05T10:29:34.638+0000] {taskinstance.py:1389} INFO - Executing <Task(EmrAddStepsOperator): add_get_tickers_actions_step> on 2023-01-05 10:05:00.167541+00:00
[2023-01-05T10:29:34.642+0000] {standard_task_runner.py:52} INFO - Started process 189 to run task
[2023-01-05T10:29:34.646+0000] {standard_task_runner.py:79} INFO - Running: ['***', 'tasks', 'run', 'atn_import_data_from_apis', 'add_get_tickers_actions_step', 'manual__2023-01-05T10:05:00.167541+00:00', '--job-id', '3718', '--raw', '--subdir', 'DAGS_FOLDER/market_data_analytics/my_dags/import_data_from_apis.py', '--cfg-path', '/tmp/tmpz4xi1ung', '--error-file', '/tmp/tmprudkzwjv']
[2023-01-05T10:29:34.646+0000] {standard_task_runner.py:80} INFO - Job 3718: Subtask add_get_tickers_actions_step
[2023-01-05T10:29:34.717+0000] {task_command.py:371} INFO - Running <TaskInstance: atn_import_data_from_apis.add_get_tickers_actions_step manual__2023-01-05T10:05:00.167541+00:00 [running]> on host 370ed6868bc3
[2023-01-05T10:29:34.813+0000] {taskinstance.py:1583} INFO - Exporting the following env vars:
AIRFLOW_CTX_DAG_OWNER=atn
AIRFLOW_CTX_DAG_ID=atn_import_data_from_apis
AIRFLOW_CTX_TASK_ID=add_get_tickers_actions_step
AIRFLOW_CTX_EXECUTION_DATE=2023-01-05T10:05:00.167541+00:00
AIRFLOW_CTX_TRY_NUMBER=1
AIRFLOW_CTX_DAG_RUN_ID=manual__2023-01-05T10:05:00.167541+00:00
[2023-01-05T10:29:34.825+0000] {base.py:68} INFO - Using connection ID 'aws_credentials' for task execution.
[2023-01-05T10:29:34.826+0000] {connection_wrapper.py:210} INFO - AWS Connection (conn_id='aws_credentials', conn_type='aws') credentials retrieved from login and password.
[2023-01-05T10:29:34.895+0000] {emr.py:104} INFO - Adding steps to j-275LF5U6JZLEP
[2023-01-05T10:29:35.802+0000] {emr.py:117} INFO - Steps ['s-W4LIR5SA56F5'] added to JobFlow
[2023-01-05T10:29:35.840+0000] {taskinstance.py:1412} INFO - Marking task as SUCCESS. dag_id=atn_import_data_from_apis, task_id=add_get_tickers_actions_step, execution_date=20230105T100500, start_date=20230105T102934, end_date=20230105T102935
[2023-01-05T10:29:35.866+0000] {local_task_job.py:156} INFO - Task exited with return code 0
[2023-01-05T10:29:35.936+0000] {local_task_job.py:279} INFO - 1 downstream tasks scheduled from follow-on schedule check
