[2023-01-06T13:51:01.424+0000] {taskinstance.py:1171} INFO - Dependencies all met for <TaskInstance: atn_update_datalake.add_put_tickers_balancesheet_dim_step manual__2023-01-06T13:21:32.663212+00:00 [queued]>
[2023-01-06T13:51:01.439+0000] {taskinstance.py:1171} INFO - Dependencies all met for <TaskInstance: atn_update_datalake.add_put_tickers_balancesheet_dim_step manual__2023-01-06T13:21:32.663212+00:00 [queued]>
[2023-01-06T13:51:01.439+0000] {taskinstance.py:1368} INFO - 
--------------------------------------------------------------------------------
[2023-01-06T13:51:01.440+0000] {taskinstance.py:1369} INFO - Starting attempt 1 of 3
[2023-01-06T13:51:01.440+0000] {taskinstance.py:1370} INFO - 
--------------------------------------------------------------------------------
[2023-01-06T13:51:01.452+0000] {taskinstance.py:1389} INFO - Executing <Task(EmrAddStepsOperator): add_put_tickers_balancesheet_dim_step> on 2023-01-06 13:21:32.663212+00:00
[2023-01-06T13:51:01.458+0000] {standard_task_runner.py:52} INFO - Started process 397 to run task
[2023-01-06T13:51:01.461+0000] {standard_task_runner.py:79} INFO - Running: ['***', 'tasks', 'run', 'atn_update_datalake', 'add_put_tickers_balancesheet_dim_step', 'manual__2023-01-06T13:21:32.663212+00:00', '--job-id', '3928', '--raw', '--subdir', 'DAGS_FOLDER/market_data_analytics/my_dags/datalake_update.py', '--cfg-path', '/tmp/tmp8grnt4bd', '--error-file', '/tmp/tmp0p7v90q2']
[2023-01-06T13:51:01.461+0000] {standard_task_runner.py:80} INFO - Job 3928: Subtask add_put_tickers_balancesheet_dim_step
[2023-01-06T13:51:01.527+0000] {task_command.py:371} INFO - Running <TaskInstance: atn_update_datalake.add_put_tickers_balancesheet_dim_step manual__2023-01-06T13:21:32.663212+00:00 [running]> on host 370ed6868bc3
[2023-01-06T13:51:01.645+0000] {taskinstance.py:1583} INFO - Exporting the following env vars:
AIRFLOW_CTX_DAG_OWNER=atn
AIRFLOW_CTX_DAG_ID=atn_update_datalake
AIRFLOW_CTX_TASK_ID=add_put_tickers_balancesheet_dim_step
AIRFLOW_CTX_EXECUTION_DATE=2023-01-06T13:21:32.663212+00:00
AIRFLOW_CTX_TRY_NUMBER=1
AIRFLOW_CTX_DAG_RUN_ID=manual__2023-01-06T13:21:32.663212+00:00
[2023-01-06T13:51:01.657+0000] {base.py:68} INFO - Using connection ID 'aws_credentials' for task execution.
[2023-01-06T13:51:01.657+0000] {connection_wrapper.py:210} INFO - AWS Connection (conn_id='aws_credentials', conn_type='aws') credentials retrieved from login and password.
[2023-01-06T13:51:01.718+0000] {emr.py:104} INFO - Adding steps to j-3G7PO8Y3OE3BT
[2023-01-06T13:51:03.441+0000] {emr.py:117} INFO - Steps ['s-11XBC5LTVTAUX'] added to JobFlow
[2023-01-06T13:51:03.465+0000] {taskinstance.py:1412} INFO - Marking task as SUCCESS. dag_id=atn_update_datalake, task_id=add_put_tickers_balancesheet_dim_step, execution_date=20230106T132132, start_date=20230106T135101, end_date=20230106T135103
[2023-01-06T13:51:03.492+0000] {local_task_job.py:156} INFO - Task exited with return code 0
[2023-01-06T13:51:03.548+0000] {local_task_job.py:279} INFO - 1 downstream tasks scheduled from follow-on schedule check
