[2023-01-08T14:35:21.242+0000] {taskinstance.py:1171} INFO - Dependencies all met for <TaskInstance: atn_import_data_from_apis.add_get_tickers_financials_step manual__2023-01-08T14:20:41.774645+00:00 [queued]>
[2023-01-08T14:35:21.257+0000] {taskinstance.py:1171} INFO - Dependencies all met for <TaskInstance: atn_import_data_from_apis.add_get_tickers_financials_step manual__2023-01-08T14:20:41.774645+00:00 [queued]>
[2023-01-08T14:35:21.257+0000] {taskinstance.py:1368} INFO - 
--------------------------------------------------------------------------------
[2023-01-08T14:35:21.257+0000] {taskinstance.py:1369} INFO - Starting attempt 1 of 3
[2023-01-08T14:35:21.257+0000] {taskinstance.py:1370} INFO - 
--------------------------------------------------------------------------------
[2023-01-08T14:35:21.271+0000] {taskinstance.py:1389} INFO - Executing <Task(EmrAddStepsOperator): add_get_tickers_financials_step> on 2023-01-08 14:20:41.774645+00:00
[2023-01-08T14:35:21.276+0000] {standard_task_runner.py:52} INFO - Started process 170 to run task
[2023-01-08T14:35:21.279+0000] {standard_task_runner.py:79} INFO - Running: ['***', 'tasks', 'run', 'atn_import_data_from_apis', 'add_get_tickers_financials_step', 'manual__2023-01-08T14:20:41.774645+00:00', '--job-id', '3994', '--raw', '--subdir', 'DAGS_FOLDER/market_data_analytics/my_dags/import_data_from_apis.py', '--cfg-path', '/tmp/tmpfjss7qw3', '--error-file', '/tmp/tmp0npvh8om']
[2023-01-08T14:35:21.279+0000] {standard_task_runner.py:80} INFO - Job 3994: Subtask add_get_tickers_financials_step
[2023-01-08T14:35:21.344+0000] {task_command.py:371} INFO - Running <TaskInstance: atn_import_data_from_apis.add_get_tickers_financials_step manual__2023-01-08T14:20:41.774645+00:00 [running]> on host 370ed6868bc3
[2023-01-08T14:35:21.432+0000] {taskinstance.py:1583} INFO - Exporting the following env vars:
AIRFLOW_CTX_DAG_OWNER=atn
AIRFLOW_CTX_DAG_ID=atn_import_data_from_apis
AIRFLOW_CTX_TASK_ID=add_get_tickers_financials_step
AIRFLOW_CTX_EXECUTION_DATE=2023-01-08T14:20:41.774645+00:00
AIRFLOW_CTX_TRY_NUMBER=1
AIRFLOW_CTX_DAG_RUN_ID=manual__2023-01-08T14:20:41.774645+00:00
[2023-01-08T14:35:21.443+0000] {base.py:68} INFO - Using connection ID 'aws_credentials' for task execution.
[2023-01-08T14:35:21.443+0000] {connection_wrapper.py:210} INFO - AWS Connection (conn_id='aws_credentials', conn_type='aws') credentials retrieved from login and password.
[2023-01-08T14:35:21.510+0000] {emr.py:104} INFO - Adding steps to j-9LEVRHTCP62
[2023-01-08T14:35:22.306+0000] {emr.py:117} INFO - Steps ['s-JZ3HCGFZKRGC'] added to JobFlow
[2023-01-08T14:35:22.349+0000] {taskinstance.py:1412} INFO - Marking task as SUCCESS. dag_id=atn_import_data_from_apis, task_id=add_get_tickers_financials_step, execution_date=20230108T142041, start_date=20230108T143521, end_date=20230108T143522
[2023-01-08T14:35:22.377+0000] {local_task_job.py:156} INFO - Task exited with return code 0
[2023-01-08T14:35:22.441+0000] {local_task_job.py:279} INFO - 1 downstream tasks scheduled from follow-on schedule check
