[2023-01-05T11:28:12.900+0000] {taskinstance.py:1171} INFO - Dependencies all met for <TaskInstance: atn_update_datalake.check_put_tickers_cashflow_dim_step manual__2023-01-05T10:56:03.364986+00:00 [queued]>
[2023-01-05T11:28:12.915+0000] {taskinstance.py:1171} INFO - Dependencies all met for <TaskInstance: atn_update_datalake.check_put_tickers_cashflow_dim_step manual__2023-01-05T10:56:03.364986+00:00 [queued]>
[2023-01-05T11:28:12.915+0000] {taskinstance.py:1368} INFO - 
--------------------------------------------------------------------------------
[2023-01-05T11:28:12.915+0000] {taskinstance.py:1369} INFO - Starting attempt 1 of 3
[2023-01-05T11:28:12.915+0000] {taskinstance.py:1370} INFO - 
--------------------------------------------------------------------------------
[2023-01-05T11:28:12.931+0000] {taskinstance.py:1389} INFO - Executing <Task(EmrStepSensor): check_put_tickers_cashflow_dim_step> on 2023-01-05 10:56:03.364986+00:00
[2023-01-05T11:28:12.936+0000] {standard_task_runner.py:52} INFO - Started process 356 to run task
[2023-01-05T11:28:12.940+0000] {standard_task_runner.py:79} INFO - Running: ['***', 'tasks', 'run', 'atn_update_datalake', 'check_put_tickers_cashflow_dim_step', 'manual__2023-01-05T10:56:03.364986+00:00', '--job-id', '3781', '--raw', '--subdir', 'DAGS_FOLDER/market_data_analytics/my_dags/datalake_update.py', '--cfg-path', '/tmp/tmp_zxmddts', '--error-file', '/tmp/tmpzflbyh9h']
[2023-01-05T11:28:12.940+0000] {standard_task_runner.py:80} INFO - Job 3781: Subtask check_put_tickers_cashflow_dim_step
[2023-01-05T11:28:13.012+0000] {task_command.py:371} INFO - Running <TaskInstance: atn_update_datalake.check_put_tickers_cashflow_dim_step manual__2023-01-05T10:56:03.364986+00:00 [running]> on host 370ed6868bc3
[2023-01-05T11:28:13.118+0000] {taskinstance.py:1583} INFO - Exporting the following env vars:
AIRFLOW_CTX_DAG_OWNER=atn
AIRFLOW_CTX_DAG_ID=atn_update_datalake
AIRFLOW_CTX_TASK_ID=check_put_tickers_cashflow_dim_step
AIRFLOW_CTX_EXECUTION_DATE=2023-01-05T10:56:03.364986+00:00
AIRFLOW_CTX_TRY_NUMBER=1
AIRFLOW_CTX_DAG_RUN_ID=manual__2023-01-05T10:56:03.364986+00:00
[2023-01-05T11:28:13.129+0000] {base.py:68} INFO - Using connection ID 'aws_credentials' for task execution.
[2023-01-05T11:28:13.130+0000] {connection_wrapper.py:210} INFO - AWS Connection (conn_id='aws_credentials', conn_type='aws') credentials retrieved from login and password.
[2023-01-05T11:28:13.172+0000] {emr.py:443} INFO - Poking step s-845HK2VPOYBP on cluster j-1Z5DDUK8PTRNA
[2023-01-05T11:28:14.156+0000] {emr.py:69} INFO - Job flow currently PENDING
[2023-01-05T11:29:14.215+0000] {emr.py:443} INFO - Poking step s-845HK2VPOYBP on cluster j-1Z5DDUK8PTRNA
[2023-01-05T11:29:15.090+0000] {emr.py:69} INFO - Job flow currently RUNNING
[2023-01-05T11:30:15.150+0000] {emr.py:443} INFO - Poking step s-845HK2VPOYBP on cluster j-1Z5DDUK8PTRNA
[2023-01-05T11:30:16.336+0000] {emr.py:69} INFO - Job flow currently RUNNING
[2023-01-05T11:31:16.391+0000] {emr.py:443} INFO - Poking step s-845HK2VPOYBP on cluster j-1Z5DDUK8PTRNA
[2023-01-05T11:31:17.252+0000] {emr.py:69} INFO - Job flow currently RUNNING
[2023-01-05T11:32:17.282+0000] {emr.py:443} INFO - Poking step s-845HK2VPOYBP on cluster j-1Z5DDUK8PTRNA
[2023-01-05T11:32:18.464+0000] {emr.py:69} INFO - Job flow currently RUNNING
[2023-01-05T11:33:18.525+0000] {emr.py:443} INFO - Poking step s-845HK2VPOYBP on cluster j-1Z5DDUK8PTRNA
[2023-01-05T11:33:19.649+0000] {emr.py:69} INFO - Job flow currently COMPLETED
[2023-01-05T11:33:19.650+0000] {base.py:301} INFO - Success criteria met. Exiting.
[2023-01-05T11:33:19.678+0000] {taskinstance.py:1412} INFO - Marking task as SUCCESS. dag_id=atn_update_datalake, task_id=check_put_tickers_cashflow_dim_step, execution_date=20230105T105603, start_date=20230105T112812, end_date=20230105T113319
[2023-01-05T11:33:19.736+0000] {local_task_job.py:156} INFO - Task exited with return code 0
[2023-01-05T11:33:19.811+0000] {local_task_job.py:279} INFO - 1 downstream tasks scheduled from follow-on schedule check
