[2023-01-05T11:06:25.173+0000] {taskinstance.py:1171} INFO - Dependencies all met for <TaskInstance: atn_update_datalake.check_put_exchanges_dim_step manual__2023-01-05T10:56:03.364986+00:00 [queued]>
[2023-01-05T11:06:25.185+0000] {taskinstance.py:1171} INFO - Dependencies all met for <TaskInstance: atn_update_datalake.check_put_exchanges_dim_step manual__2023-01-05T10:56:03.364986+00:00 [queued]>
[2023-01-05T11:06:25.186+0000] {taskinstance.py:1368} INFO - 
--------------------------------------------------------------------------------
[2023-01-05T11:06:25.186+0000] {taskinstance.py:1369} INFO - Starting attempt 1 of 3
[2023-01-05T11:06:25.186+0000] {taskinstance.py:1370} INFO - 
--------------------------------------------------------------------------------
[2023-01-05T11:06:25.200+0000] {taskinstance.py:1389} INFO - Executing <Task(EmrStepSensor): check_put_exchanges_dim_step> on 2023-01-05 10:56:03.364986+00:00
[2023-01-05T11:06:25.206+0000] {standard_task_runner.py:52} INFO - Started process 336 to run task
[2023-01-05T11:06:25.209+0000] {standard_task_runner.py:79} INFO - Running: ['***', 'tasks', 'run', 'atn_update_datalake', 'check_put_exchanges_dim_step', 'manual__2023-01-05T10:56:03.364986+00:00', '--job-id', '3771', '--raw', '--subdir', 'DAGS_FOLDER/market_data_analytics/my_dags/datalake_update.py', '--cfg-path', '/tmp/tmphsbfqvc5', '--error-file', '/tmp/tmpfmiytnti']
[2023-01-05T11:06:25.209+0000] {standard_task_runner.py:80} INFO - Job 3771: Subtask check_put_exchanges_dim_step
[2023-01-05T11:06:25.282+0000] {task_command.py:371} INFO - Running <TaskInstance: atn_update_datalake.check_put_exchanges_dim_step manual__2023-01-05T10:56:03.364986+00:00 [running]> on host 370ed6868bc3
[2023-01-05T11:06:25.384+0000] {taskinstance.py:1583} INFO - Exporting the following env vars:
AIRFLOW_CTX_DAG_OWNER=atn
AIRFLOW_CTX_DAG_ID=atn_update_datalake
AIRFLOW_CTX_TASK_ID=check_put_exchanges_dim_step
AIRFLOW_CTX_EXECUTION_DATE=2023-01-05T10:56:03.364986+00:00
AIRFLOW_CTX_TRY_NUMBER=1
AIRFLOW_CTX_DAG_RUN_ID=manual__2023-01-05T10:56:03.364986+00:00
[2023-01-05T11:06:25.397+0000] {base.py:68} INFO - Using connection ID 'aws_credentials' for task execution.
[2023-01-05T11:06:25.398+0000] {connection_wrapper.py:210} INFO - AWS Connection (conn_id='aws_credentials', conn_type='aws') credentials retrieved from login and password.
[2023-01-05T11:06:25.436+0000] {emr.py:443} INFO - Poking step s-8V7BYN9GKK1O on cluster j-1Z5DDUK8PTRNA
[2023-01-05T11:06:26.363+0000] {emr.py:69} INFO - Job flow currently PENDING
[2023-01-05T11:07:26.421+0000] {emr.py:443} INFO - Poking step s-8V7BYN9GKK1O on cluster j-1Z5DDUK8PTRNA
[2023-01-05T11:07:27.549+0000] {emr.py:69} INFO - Job flow currently RUNNING
[2023-01-05T11:08:27.600+0000] {emr.py:443} INFO - Poking step s-8V7BYN9GKK1O on cluster j-1Z5DDUK8PTRNA
[2023-01-05T11:08:28.439+0000] {emr.py:69} INFO - Job flow currently RUNNING
[2023-01-05T11:09:28.495+0000] {emr.py:443} INFO - Poking step s-8V7BYN9GKK1O on cluster j-1Z5DDUK8PTRNA
[2023-01-05T11:09:29.444+0000] {emr.py:69} INFO - Job flow currently COMPLETED
[2023-01-05T11:09:29.444+0000] {base.py:301} INFO - Success criteria met. Exiting.
[2023-01-05T11:09:29.468+0000] {taskinstance.py:1412} INFO - Marking task as SUCCESS. dag_id=atn_update_datalake, task_id=check_put_exchanges_dim_step, execution_date=20230105T105603, start_date=20230105T110625, end_date=20230105T110929
[2023-01-05T11:09:29.537+0000] {local_task_job.py:156} INFO - Task exited with return code 0
[2023-01-05T11:09:29.601+0000] {local_task_job.py:279} INFO - 1 downstream tasks scheduled from follow-on schedule check
