[2023-01-05T10:23:11.140+0000] {taskinstance.py:1171} INFO - Dependencies all met for <TaskInstance: atn_import_data_from_apis.check_get_tickers_cashflow_step manual__2023-01-05T10:05:00.167541+00:00 [queued]>
[2023-01-05T10:23:11.155+0000] {taskinstance.py:1171} INFO - Dependencies all met for <TaskInstance: atn_import_data_from_apis.check_get_tickers_cashflow_step manual__2023-01-05T10:05:00.167541+00:00 [queued]>
[2023-01-05T10:23:11.155+0000] {taskinstance.py:1368} INFO - 
--------------------------------------------------------------------------------
[2023-01-05T10:23:11.155+0000] {taskinstance.py:1369} INFO - Starting attempt 1 of 3
[2023-01-05T10:23:11.155+0000] {taskinstance.py:1370} INFO - 
--------------------------------------------------------------------------------
[2023-01-05T10:23:11.171+0000] {taskinstance.py:1389} INFO - Executing <Task(EmrStepSensor): check_get_tickers_cashflow_step> on 2023-01-05 10:05:00.167541+00:00
[2023-01-05T10:23:11.177+0000] {standard_task_runner.py:52} INFO - Started process 179 to run task
[2023-01-05T10:23:11.179+0000] {standard_task_runner.py:79} INFO - Running: ['***', 'tasks', 'run', 'atn_import_data_from_apis', 'check_get_tickers_cashflow_step', 'manual__2023-01-05T10:05:00.167541+00:00', '--job-id', '3713', '--raw', '--subdir', 'DAGS_FOLDER/market_data_analytics/my_dags/import_data_from_apis.py', '--cfg-path', '/tmp/tmpuac4d3_d', '--error-file', '/tmp/tmp70qotujn']
[2023-01-05T10:23:11.180+0000] {standard_task_runner.py:80} INFO - Job 3713: Subtask check_get_tickers_cashflow_step
[2023-01-05T10:23:11.245+0000] {task_command.py:371} INFO - Running <TaskInstance: atn_import_data_from_apis.check_get_tickers_cashflow_step manual__2023-01-05T10:05:00.167541+00:00 [running]> on host 370ed6868bc3
[2023-01-05T10:23:11.344+0000] {taskinstance.py:1583} INFO - Exporting the following env vars:
AIRFLOW_CTX_DAG_OWNER=atn
AIRFLOW_CTX_DAG_ID=atn_import_data_from_apis
AIRFLOW_CTX_TASK_ID=check_get_tickers_cashflow_step
AIRFLOW_CTX_EXECUTION_DATE=2023-01-05T10:05:00.167541+00:00
AIRFLOW_CTX_TRY_NUMBER=1
AIRFLOW_CTX_DAG_RUN_ID=manual__2023-01-05T10:05:00.167541+00:00
[2023-01-05T10:23:11.354+0000] {base.py:68} INFO - Using connection ID 'aws_credentials' for task execution.
[2023-01-05T10:23:11.355+0000] {connection_wrapper.py:210} INFO - AWS Connection (conn_id='aws_credentials', conn_type='aws') credentials retrieved from login and password.
[2023-01-05T10:23:11.393+0000] {emr.py:443} INFO - Poking step s-9F36MVSAKGTX on cluster j-275LF5U6JZLEP
[2023-01-05T10:23:13.031+0000] {emr.py:69} INFO - Job flow currently PENDING
[2023-01-05T10:24:13.091+0000] {emr.py:443} INFO - Poking step s-9F36MVSAKGTX on cluster j-275LF5U6JZLEP
[2023-01-05T10:24:14.888+0000] {emr.py:69} INFO - Job flow currently RUNNING
[2023-01-05T10:25:14.940+0000] {emr.py:443} INFO - Poking step s-9F36MVSAKGTX on cluster j-275LF5U6JZLEP
[2023-01-05T10:25:16.587+0000] {emr.py:69} INFO - Job flow currently COMPLETED
[2023-01-05T10:25:16.588+0000] {base.py:301} INFO - Success criteria met. Exiting.
[2023-01-05T10:25:16.607+0000] {taskinstance.py:1412} INFO - Marking task as SUCCESS. dag_id=atn_import_data_from_apis, task_id=check_get_tickers_cashflow_step, execution_date=20230105T100500, start_date=20230105T102311, end_date=20230105T102516
[2023-01-05T10:25:16.643+0000] {local_task_job.py:156} INFO - Task exited with return code 0
[2023-01-05T10:25:16.706+0000] {local_task_job.py:279} INFO - 1 downstream tasks scheduled from follow-on schedule check
