[2023-01-06T12:34:07.298+0000] {taskinstance.py:1171} INFO - Dependencies all met for <TaskInstance: atn_import_data_from_apis.upload_api_data_quality_py_to_s3 scheduled__2023-01-06T00:00:00+00:00 [queued]>
[2023-01-06T12:34:07.313+0000] {taskinstance.py:1171} INFO - Dependencies all met for <TaskInstance: atn_import_data_from_apis.upload_api_data_quality_py_to_s3 scheduled__2023-01-06T00:00:00+00:00 [queued]>
[2023-01-06T12:34:07.313+0000] {taskinstance.py:1368} INFO - 
--------------------------------------------------------------------------------
[2023-01-06T12:34:07.313+0000] {taskinstance.py:1369} INFO - Starting attempt 1 of 3
[2023-01-06T12:34:07.313+0000] {taskinstance.py:1370} INFO - 
--------------------------------------------------------------------------------
[2023-01-06T12:34:07.326+0000] {taskinstance.py:1389} INFO - Executing <Task(LocalFilesystemToS3Operator): upload_api_data_quality_py_to_s3> on 2023-01-06 00:00:00+00:00
[2023-01-06T12:34:07.330+0000] {standard_task_runner.py:52} INFO - Started process 198 to run task
[2023-01-06T12:34:07.333+0000] {standard_task_runner.py:79} INFO - Running: ['***', 'tasks', 'run', 'atn_import_data_from_apis', 'upload_api_data_quality_py_to_s3', 'scheduled__2023-01-06T00:00:00+00:00', '--job-id', '3850', '--raw', '--subdir', 'DAGS_FOLDER/market_data_analytics/my_dags/import_data_from_apis.py', '--cfg-path', '/tmp/tmpdon5jizh', '--error-file', '/tmp/tmpyvx9xyob']
[2023-01-06T12:34:07.334+0000] {standard_task_runner.py:80} INFO - Job 3850: Subtask upload_api_data_quality_py_to_s3
[2023-01-06T12:34:07.347+0000] {warnings.py:110} WARNING - /home/***/.local/lib/python3.7/site-packages/***/configuration.py:538: DeprecationWarning: The sql_alchemy_conn option in [core] has been moved to the sql_alchemy_conn option in [database] - the old setting has been used, but please update your config.
  option = self._get_environment_variables(deprecated_key, deprecated_section, key, section)

[2023-01-06T12:34:07.397+0000] {task_command.py:371} INFO - Running <TaskInstance: atn_import_data_from_apis.upload_api_data_quality_py_to_s3 scheduled__2023-01-06T00:00:00+00:00 [running]> on host 370ed6868bc3
[2023-01-06T12:34:07.466+0000] {taskinstance.py:1583} INFO - Exporting the following env vars:
AIRFLOW_CTX_DAG_OWNER=atn
AIRFLOW_CTX_DAG_ID=atn_import_data_from_apis
AIRFLOW_CTX_TASK_ID=upload_api_data_quality_py_to_s3
AIRFLOW_CTX_EXECUTION_DATE=2023-01-06T00:00:00+00:00
AIRFLOW_CTX_TRY_NUMBER=1
AIRFLOW_CTX_DAG_RUN_ID=scheduled__2023-01-06T00:00:00+00:00
[2023-01-06T12:34:07.478+0000] {base.py:68} INFO - Using connection ID 'aws_credentials' for task execution.
[2023-01-06T12:34:07.479+0000] {connection_wrapper.py:210} INFO - AWS Connection (conn_id='aws_credentials', conn_type='aws') credentials retrieved from login and password.
[2023-01-06T12:34:08.753+0000] {taskinstance.py:1412} INFO - Marking task as SUCCESS. dag_id=atn_import_data_from_apis, task_id=upload_api_data_quality_py_to_s3, execution_date=20230106T000000, start_date=20230106T123407, end_date=20230106T123408
[2023-01-06T12:34:08.832+0000] {local_task_job.py:156} INFO - Task exited with return code 0
[2023-01-06T12:34:09.029+0000] {local_task_job.py:279} INFO - 1 downstream tasks scheduled from follow-on schedule check
