[2023-01-05T10:42:20.696+0000] {taskinstance.py:1171} INFO - Dependencies all met for <TaskInstance: atn_import_data_from_apis.check_get_tickers_recommendations_step manual__2023-01-05T10:05:00.167541+00:00 [queued]>
[2023-01-05T10:42:20.714+0000] {taskinstance.py:1171} INFO - Dependencies all met for <TaskInstance: atn_import_data_from_apis.check_get_tickers_recommendations_step manual__2023-01-05T10:05:00.167541+00:00 [queued]>
[2023-01-05T10:42:20.714+0000] {taskinstance.py:1368} INFO - 
--------------------------------------------------------------------------------
[2023-01-05T10:42:20.714+0000] {taskinstance.py:1369} INFO - Starting attempt 1 of 3
[2023-01-05T10:42:20.714+0000] {taskinstance.py:1370} INFO - 
--------------------------------------------------------------------------------
[2023-01-05T10:42:20.728+0000] {taskinstance.py:1389} INFO - Executing <Task(EmrStepSensor): check_get_tickers_recommendations_step> on 2023-01-05 10:05:00.167541+00:00
[2023-01-05T10:42:20.733+0000] {standard_task_runner.py:52} INFO - Started process 215 to run task
[2023-01-05T10:42:20.736+0000] {standard_task_runner.py:79} INFO - Running: ['***', 'tasks', 'run', 'atn_import_data_from_apis', 'check_get_tickers_recommendations_step', 'manual__2023-01-05T10:05:00.167541+00:00', '--job-id', '3731', '--raw', '--subdir', 'DAGS_FOLDER/market_data_analytics/my_dags/import_data_from_apis.py', '--cfg-path', '/tmp/tmpcazpdvt7', '--error-file', '/tmp/tmpo74_1t1l']
[2023-01-05T10:42:20.737+0000] {standard_task_runner.py:80} INFO - Job 3731: Subtask check_get_tickers_recommendations_step
[2023-01-05T10:42:20.810+0000] {task_command.py:371} INFO - Running <TaskInstance: atn_import_data_from_apis.check_get_tickers_recommendations_step manual__2023-01-05T10:05:00.167541+00:00 [running]> on host 370ed6868bc3
[2023-01-05T10:42:20.912+0000] {taskinstance.py:1583} INFO - Exporting the following env vars:
AIRFLOW_CTX_DAG_OWNER=atn
AIRFLOW_CTX_DAG_ID=atn_import_data_from_apis
AIRFLOW_CTX_TASK_ID=check_get_tickers_recommendations_step
AIRFLOW_CTX_EXECUTION_DATE=2023-01-05T10:05:00.167541+00:00
AIRFLOW_CTX_TRY_NUMBER=1
AIRFLOW_CTX_DAG_RUN_ID=manual__2023-01-05T10:05:00.167541+00:00
[2023-01-05T10:42:20.924+0000] {base.py:68} INFO - Using connection ID 'aws_credentials' for task execution.
[2023-01-05T10:42:20.925+0000] {connection_wrapper.py:210} INFO - AWS Connection (conn_id='aws_credentials', conn_type='aws') credentials retrieved from login and password.
[2023-01-05T10:42:20.967+0000] {emr.py:443} INFO - Poking step s-LJJ13AIXKX2F on cluster j-275LF5U6JZLEP
[2023-01-05T10:42:22.203+0000] {emr.py:69} INFO - Job flow currently PENDING
[2023-01-05T10:43:22.260+0000] {emr.py:443} INFO - Poking step s-LJJ13AIXKX2F on cluster j-275LF5U6JZLEP
[2023-01-05T10:43:23.319+0000] {emr.py:69} INFO - Job flow currently RUNNING
[2023-01-05T10:44:23.370+0000] {emr.py:443} INFO - Poking step s-LJJ13AIXKX2F on cluster j-275LF5U6JZLEP
[2023-01-05T10:44:24.377+0000] {emr.py:69} INFO - Job flow currently COMPLETED
[2023-01-05T10:44:24.378+0000] {base.py:301} INFO - Success criteria met. Exiting.
[2023-01-05T10:44:24.415+0000] {taskinstance.py:1412} INFO - Marking task as SUCCESS. dag_id=atn_import_data_from_apis, task_id=check_get_tickers_recommendations_step, execution_date=20230105T100500, start_date=20230105T104220, end_date=20230105T104424
[2023-01-05T10:44:24.466+0000] {local_task_job.py:156} INFO - Task exited with return code 0
[2023-01-05T10:44:24.522+0000] {local_task_job.py:279} INFO - 1 downstream tasks scheduled from follow-on schedule check
