[2023-01-05T11:09:32.789+0000] {taskinstance.py:1171} INFO - Dependencies all met for <TaskInstance: atn_update_datalake.check_put_tickers_info_dim_step manual__2023-01-05T10:56:03.364986+00:00 [queued]>
[2023-01-05T11:09:32.802+0000] {taskinstance.py:1171} INFO - Dependencies all met for <TaskInstance: atn_update_datalake.check_put_tickers_info_dim_step manual__2023-01-05T10:56:03.364986+00:00 [queued]>
[2023-01-05T11:09:32.802+0000] {taskinstance.py:1368} INFO - 
--------------------------------------------------------------------------------
[2023-01-05T11:09:32.802+0000] {taskinstance.py:1369} INFO - Starting attempt 1 of 3
[2023-01-05T11:09:32.802+0000] {taskinstance.py:1370} INFO - 
--------------------------------------------------------------------------------
[2023-01-05T11:09:32.817+0000] {taskinstance.py:1389} INFO - Executing <Task(EmrStepSensor): check_put_tickers_info_dim_step> on 2023-01-05 10:56:03.364986+00:00
[2023-01-05T11:09:32.823+0000] {standard_task_runner.py:52} INFO - Started process 340 to run task
[2023-01-05T11:09:32.826+0000] {standard_task_runner.py:79} INFO - Running: ['***', 'tasks', 'run', 'atn_update_datalake', 'check_put_tickers_info_dim_step', 'manual__2023-01-05T10:56:03.364986+00:00', '--job-id', '3773', '--raw', '--subdir', 'DAGS_FOLDER/market_data_analytics/my_dags/datalake_update.py', '--cfg-path', '/tmp/tmpxsu3gi6e', '--error-file', '/tmp/tmpyaifby1p']
[2023-01-05T11:09:32.827+0000] {standard_task_runner.py:80} INFO - Job 3773: Subtask check_put_tickers_info_dim_step
[2023-01-05T11:09:32.899+0000] {task_command.py:371} INFO - Running <TaskInstance: atn_update_datalake.check_put_tickers_info_dim_step manual__2023-01-05T10:56:03.364986+00:00 [running]> on host 370ed6868bc3
[2023-01-05T11:09:33.003+0000] {taskinstance.py:1583} INFO - Exporting the following env vars:
AIRFLOW_CTX_DAG_OWNER=atn
AIRFLOW_CTX_DAG_ID=atn_update_datalake
AIRFLOW_CTX_TASK_ID=check_put_tickers_info_dim_step
AIRFLOW_CTX_EXECUTION_DATE=2023-01-05T10:56:03.364986+00:00
AIRFLOW_CTX_TRY_NUMBER=1
AIRFLOW_CTX_DAG_RUN_ID=manual__2023-01-05T10:56:03.364986+00:00
[2023-01-05T11:09:33.017+0000] {base.py:68} INFO - Using connection ID 'aws_credentials' for task execution.
[2023-01-05T11:09:33.018+0000] {connection_wrapper.py:210} INFO - AWS Connection (conn_id='aws_credentials', conn_type='aws') credentials retrieved from login and password.
[2023-01-05T11:09:33.056+0000] {emr.py:443} INFO - Poking step s-PFPBM7DPW8I6 on cluster j-1Z5DDUK8PTRNA
[2023-01-05T11:09:34.128+0000] {emr.py:69} INFO - Job flow currently PENDING
[2023-01-05T11:10:34.182+0000] {emr.py:443} INFO - Poking step s-PFPBM7DPW8I6 on cluster j-1Z5DDUK8PTRNA
[2023-01-05T11:10:35.191+0000] {emr.py:69} INFO - Job flow currently RUNNING
[2023-01-05T11:11:35.252+0000] {emr.py:443} INFO - Poking step s-PFPBM7DPW8I6 on cluster j-1Z5DDUK8PTRNA
[2023-01-05T11:11:36.229+0000] {emr.py:69} INFO - Job flow currently RUNNING
[2023-01-05T11:12:36.280+0000] {emr.py:443} INFO - Poking step s-PFPBM7DPW8I6 on cluster j-1Z5DDUK8PTRNA
[2023-01-05T11:12:37.477+0000] {emr.py:69} INFO - Job flow currently RUNNING
[2023-01-05T11:13:37.538+0000] {emr.py:443} INFO - Poking step s-PFPBM7DPW8I6 on cluster j-1Z5DDUK8PTRNA
[2023-01-05T11:13:38.437+0000] {emr.py:69} INFO - Job flow currently RUNNING
[2023-01-05T11:14:38.490+0000] {emr.py:443} INFO - Poking step s-PFPBM7DPW8I6 on cluster j-1Z5DDUK8PTRNA
[2023-01-05T11:14:39.492+0000] {emr.py:69} INFO - Job flow currently RUNNING
[2023-01-05T11:15:39.546+0000] {emr.py:443} INFO - Poking step s-PFPBM7DPW8I6 on cluster j-1Z5DDUK8PTRNA
[2023-01-05T11:15:40.506+0000] {emr.py:69} INFO - Job flow currently COMPLETED
[2023-01-05T11:15:40.506+0000] {base.py:301} INFO - Success criteria met. Exiting.
[2023-01-05T11:15:40.531+0000] {taskinstance.py:1412} INFO - Marking task as SUCCESS. dag_id=atn_update_datalake, task_id=check_put_tickers_info_dim_step, execution_date=20230105T105603, start_date=20230105T110932, end_date=20230105T111540
[2023-01-05T11:15:40.570+0000] {local_task_job.py:156} INFO - Task exited with return code 0
[2023-01-05T11:15:40.646+0000] {local_task_job.py:279} INFO - 1 downstream tasks scheduled from follow-on schedule check
