[2023-01-08T14:53:27.858+0000] {taskinstance.py:1171} INFO - Dependencies all met for <TaskInstance: atn_import_data_from_apis.check_get_tickers_recommendations_step manual__2023-01-08T14:20:41.774645+00:00 [queued]>
[2023-01-08T14:53:27.876+0000] {taskinstance.py:1171} INFO - Dependencies all met for <TaskInstance: atn_import_data_from_apis.check_get_tickers_recommendations_step manual__2023-01-08T14:20:41.774645+00:00 [queued]>
[2023-01-08T14:53:27.876+0000] {taskinstance.py:1368} INFO - 
--------------------------------------------------------------------------------
[2023-01-08T14:53:27.876+0000] {taskinstance.py:1369} INFO - Starting attempt 1 of 3
[2023-01-08T14:53:27.876+0000] {taskinstance.py:1370} INFO - 
--------------------------------------------------------------------------------
[2023-01-08T14:53:27.890+0000] {taskinstance.py:1389} INFO - Executing <Task(EmrStepSensor): check_get_tickers_recommendations_step> on 2023-01-08 14:20:41.774645+00:00
[2023-01-08T14:53:27.895+0000] {standard_task_runner.py:52} INFO - Started process 216 to run task
[2023-01-08T14:53:27.899+0000] {standard_task_runner.py:79} INFO - Running: ['***', 'tasks', 'run', 'atn_import_data_from_apis', 'check_get_tickers_recommendations_step', 'manual__2023-01-08T14:20:41.774645+00:00', '--job-id', '4017', '--raw', '--subdir', 'DAGS_FOLDER/market_data_analytics/my_dags/import_data_from_apis.py', '--cfg-path', '/tmp/tmpn2rxkh5o', '--error-file', '/tmp/tmpiis4wqpi']
[2023-01-08T14:53:27.900+0000] {standard_task_runner.py:80} INFO - Job 4017: Subtask check_get_tickers_recommendations_step
[2023-01-08T14:53:27.973+0000] {task_command.py:371} INFO - Running <TaskInstance: atn_import_data_from_apis.check_get_tickers_recommendations_step manual__2023-01-08T14:20:41.774645+00:00 [running]> on host 370ed6868bc3
[2023-01-08T14:53:28.088+0000] {taskinstance.py:1583} INFO - Exporting the following env vars:
AIRFLOW_CTX_DAG_OWNER=atn
AIRFLOW_CTX_DAG_ID=atn_import_data_from_apis
AIRFLOW_CTX_TASK_ID=check_get_tickers_recommendations_step
AIRFLOW_CTX_EXECUTION_DATE=2023-01-08T14:20:41.774645+00:00
AIRFLOW_CTX_TRY_NUMBER=1
AIRFLOW_CTX_DAG_RUN_ID=manual__2023-01-08T14:20:41.774645+00:00
[2023-01-08T14:53:28.102+0000] {base.py:68} INFO - Using connection ID 'aws_credentials' for task execution.
[2023-01-08T14:53:28.102+0000] {connection_wrapper.py:210} INFO - AWS Connection (conn_id='aws_credentials', conn_type='aws') credentials retrieved from login and password.
[2023-01-08T14:53:28.147+0000] {emr.py:443} INFO - Poking step s-15E8580GWEP48 on cluster j-9LEVRHTCP62
[2023-01-08T14:53:28.856+0000] {emr.py:69} INFO - Job flow currently PENDING
[2023-01-08T14:54:28.860+0000] {emr.py:443} INFO - Poking step s-15E8580GWEP48 on cluster j-9LEVRHTCP62
[2023-01-08T14:54:29.654+0000] {emr.py:69} INFO - Job flow currently COMPLETED
[2023-01-08T14:54:29.655+0000] {base.py:301} INFO - Success criteria met. Exiting.
[2023-01-08T14:54:29.699+0000] {taskinstance.py:1412} INFO - Marking task as SUCCESS. dag_id=atn_import_data_from_apis, task_id=check_get_tickers_recommendations_step, execution_date=20230108T142041, start_date=20230108T145327, end_date=20230108T145429
[2023-01-08T14:54:29.737+0000] {local_task_job.py:156} INFO - Task exited with return code 0
[2023-01-08T14:54:29.794+0000] {local_task_job.py:279} INFO - 1 downstream tasks scheduled from follow-on schedule check
