[2023-01-05T10:27:26.665+0000] {taskinstance.py:1171} INFO - Dependencies all met for <TaskInstance: atn_import_data_from_apis.add_get_tickers_earnings_step manual__2023-01-05T10:05:00.167541+00:00 [queued]>
[2023-01-05T10:27:26.683+0000] {taskinstance.py:1171} INFO - Dependencies all met for <TaskInstance: atn_import_data_from_apis.add_get_tickers_earnings_step manual__2023-01-05T10:05:00.167541+00:00 [queued]>
[2023-01-05T10:27:26.683+0000] {taskinstance.py:1368} INFO - 
--------------------------------------------------------------------------------
[2023-01-05T10:27:26.683+0000] {taskinstance.py:1369} INFO - Starting attempt 1 of 3
[2023-01-05T10:27:26.683+0000] {taskinstance.py:1370} INFO - 
--------------------------------------------------------------------------------
[2023-01-05T10:27:26.698+0000] {taskinstance.py:1389} INFO - Executing <Task(EmrAddStepsOperator): add_get_tickers_earnings_step> on 2023-01-05 10:05:00.167541+00:00
[2023-01-05T10:27:26.704+0000] {standard_task_runner.py:52} INFO - Started process 185 to run task
[2023-01-05T10:27:26.707+0000] {standard_task_runner.py:79} INFO - Running: ['***', 'tasks', 'run', 'atn_import_data_from_apis', 'add_get_tickers_earnings_step', 'manual__2023-01-05T10:05:00.167541+00:00', '--job-id', '3716', '--raw', '--subdir', 'DAGS_FOLDER/market_data_analytics/my_dags/import_data_from_apis.py', '--cfg-path', '/tmp/tmp5napa8fv', '--error-file', '/tmp/tmp2g6chayp']
[2023-01-05T10:27:26.707+0000] {standard_task_runner.py:80} INFO - Job 3716: Subtask add_get_tickers_earnings_step
[2023-01-05T10:27:26.772+0000] {task_command.py:371} INFO - Running <TaskInstance: atn_import_data_from_apis.add_get_tickers_earnings_step manual__2023-01-05T10:05:00.167541+00:00 [running]> on host 370ed6868bc3
[2023-01-05T10:27:26.868+0000] {taskinstance.py:1583} INFO - Exporting the following env vars:
AIRFLOW_CTX_DAG_OWNER=atn
AIRFLOW_CTX_DAG_ID=atn_import_data_from_apis
AIRFLOW_CTX_TASK_ID=add_get_tickers_earnings_step
AIRFLOW_CTX_EXECUTION_DATE=2023-01-05T10:05:00.167541+00:00
AIRFLOW_CTX_TRY_NUMBER=1
AIRFLOW_CTX_DAG_RUN_ID=manual__2023-01-05T10:05:00.167541+00:00
[2023-01-05T10:27:26.880+0000] {base.py:68} INFO - Using connection ID 'aws_credentials' for task execution.
[2023-01-05T10:27:26.881+0000] {connection_wrapper.py:210} INFO - AWS Connection (conn_id='aws_credentials', conn_type='aws') credentials retrieved from login and password.
[2023-01-05T10:27:26.944+0000] {emr.py:104} INFO - Adding steps to j-275LF5U6JZLEP
[2023-01-05T10:27:28.172+0000] {emr.py:117} INFO - Steps ['s-1ZOIPHNRI06GR'] added to JobFlow
[2023-01-05T10:27:28.215+0000] {taskinstance.py:1412} INFO - Marking task as SUCCESS. dag_id=atn_import_data_from_apis, task_id=add_get_tickers_earnings_step, execution_date=20230105T100500, start_date=20230105T102726, end_date=20230105T102728
[2023-01-05T10:27:28.249+0000] {local_task_job.py:156} INFO - Task exited with return code 0
[2023-01-05T10:27:28.315+0000] {local_task_job.py:279} INFO - 1 downstream tasks scheduled from follow-on schedule check
