[2023-01-08T15:01:54.344+0000] {taskinstance.py:1171} INFO - Dependencies all met for <TaskInstance: atn_import_data_from_apis.add_api_data_quality_ctrl_step manual__2023-01-08T14:20:41.774645+00:00 [queued]>
[2023-01-08T15:01:54.364+0000] {taskinstance.py:1171} INFO - Dependencies all met for <TaskInstance: atn_import_data_from_apis.add_api_data_quality_ctrl_step manual__2023-01-08T14:20:41.774645+00:00 [queued]>
[2023-01-08T15:01:54.364+0000] {taskinstance.py:1368} INFO - 
--------------------------------------------------------------------------------
[2023-01-08T15:01:54.364+0000] {taskinstance.py:1369} INFO - Starting attempt 1 of 3
[2023-01-08T15:01:54.364+0000] {taskinstance.py:1370} INFO - 
--------------------------------------------------------------------------------
[2023-01-08T15:01:54.379+0000] {taskinstance.py:1389} INFO - Executing <Task(EmrAddStepsOperator): add_api_data_quality_ctrl_step> on 2023-01-08 14:20:41.774645+00:00
[2023-01-08T15:01:54.385+0000] {standard_task_runner.py:52} INFO - Started process 234 to run task
[2023-01-08T15:01:54.388+0000] {standard_task_runner.py:79} INFO - Running: ['***', 'tasks', 'run', 'atn_import_data_from_apis', 'add_api_data_quality_ctrl_step', 'manual__2023-01-08T14:20:41.774645+00:00', '--job-id', '4026', '--raw', '--subdir', 'DAGS_FOLDER/market_data_analytics/my_dags/import_data_from_apis.py', '--cfg-path', '/tmp/tmpdct909wq', '--error-file', '/tmp/tmpdv123d0n']
[2023-01-08T15:01:54.388+0000] {standard_task_runner.py:80} INFO - Job 4026: Subtask add_api_data_quality_ctrl_step
[2023-01-08T15:01:54.460+0000] {task_command.py:371} INFO - Running <TaskInstance: atn_import_data_from_apis.add_api_data_quality_ctrl_step manual__2023-01-08T14:20:41.774645+00:00 [running]> on host 370ed6868bc3
[2023-01-08T15:01:54.551+0000] {taskinstance.py:1583} INFO - Exporting the following env vars:
AIRFLOW_CTX_DAG_OWNER=atn
AIRFLOW_CTX_DAG_ID=atn_import_data_from_apis
AIRFLOW_CTX_TASK_ID=add_api_data_quality_ctrl_step
AIRFLOW_CTX_EXECUTION_DATE=2023-01-08T14:20:41.774645+00:00
AIRFLOW_CTX_TRY_NUMBER=1
AIRFLOW_CTX_DAG_RUN_ID=manual__2023-01-08T14:20:41.774645+00:00
[2023-01-08T15:01:54.562+0000] {base.py:68} INFO - Using connection ID 'aws_credentials' for task execution.
[2023-01-08T15:01:54.562+0000] {connection_wrapper.py:210} INFO - AWS Connection (conn_id='aws_credentials', conn_type='aws') credentials retrieved from login and password.
[2023-01-08T15:01:54.626+0000] {emr.py:104} INFO - Adding steps to j-9LEVRHTCP62
[2023-01-08T15:01:55.398+0000] {emr.py:117} INFO - Steps ['s-3GQ8XRZSNHZ33'] added to JobFlow
[2023-01-08T15:01:55.463+0000] {taskinstance.py:1412} INFO - Marking task as SUCCESS. dag_id=atn_import_data_from_apis, task_id=add_api_data_quality_ctrl_step, execution_date=20230108T142041, start_date=20230108T150154, end_date=20230108T150155
[2023-01-08T15:01:55.527+0000] {local_task_job.py:156} INFO - Task exited with return code 0
[2023-01-08T15:01:55.606+0000] {local_task_job.py:279} INFO - 1 downstream tasks scheduled from follow-on schedule check
