[2023-01-05T10:49:47.409+0000] {taskinstance.py:1171} INFO - Dependencies all met for <TaskInstance: atn_import_data_from_apis.check_get_tickers_tweets_step manual__2023-01-05T10:05:00.167541+00:00 [queued]>
[2023-01-05T10:49:47.425+0000] {taskinstance.py:1171} INFO - Dependencies all met for <TaskInstance: atn_import_data_from_apis.check_get_tickers_tweets_step manual__2023-01-05T10:05:00.167541+00:00 [queued]>
[2023-01-05T10:49:47.425+0000] {taskinstance.py:1368} INFO - 
--------------------------------------------------------------------------------
[2023-01-05T10:49:47.426+0000] {taskinstance.py:1369} INFO - Starting attempt 1 of 3
[2023-01-05T10:49:47.426+0000] {taskinstance.py:1370} INFO - 
--------------------------------------------------------------------------------
[2023-01-05T10:49:47.441+0000] {taskinstance.py:1389} INFO - Executing <Task(EmrStepSensor): check_get_tickers_tweets_step> on 2023-01-05 10:05:00.167541+00:00
[2023-01-05T10:49:47.446+0000] {standard_task_runner.py:52} INFO - Started process 231 to run task
[2023-01-05T10:49:47.450+0000] {standard_task_runner.py:79} INFO - Running: ['***', 'tasks', 'run', 'atn_import_data_from_apis', 'check_get_tickers_tweets_step', 'manual__2023-01-05T10:05:00.167541+00:00', '--job-id', '3739', '--raw', '--subdir', 'DAGS_FOLDER/market_data_analytics/my_dags/import_data_from_apis.py', '--cfg-path', '/tmp/tmpqe5hw1n0', '--error-file', '/tmp/tmpq8j6bos9']
[2023-01-05T10:49:47.451+0000] {standard_task_runner.py:80} INFO - Job 3739: Subtask check_get_tickers_tweets_step
[2023-01-05T10:49:47.524+0000] {task_command.py:371} INFO - Running <TaskInstance: atn_import_data_from_apis.check_get_tickers_tweets_step manual__2023-01-05T10:05:00.167541+00:00 [running]> on host 370ed6868bc3
[2023-01-05T10:49:47.628+0000] {taskinstance.py:1583} INFO - Exporting the following env vars:
AIRFLOW_CTX_DAG_OWNER=atn
AIRFLOW_CTX_DAG_ID=atn_import_data_from_apis
AIRFLOW_CTX_TASK_ID=check_get_tickers_tweets_step
AIRFLOW_CTX_EXECUTION_DATE=2023-01-05T10:05:00.167541+00:00
AIRFLOW_CTX_TRY_NUMBER=1
AIRFLOW_CTX_DAG_RUN_ID=manual__2023-01-05T10:05:00.167541+00:00
[2023-01-05T10:49:47.639+0000] {base.py:68} INFO - Using connection ID 'aws_credentials' for task execution.
[2023-01-05T10:49:47.640+0000] {connection_wrapper.py:210} INFO - AWS Connection (conn_id='aws_credentials', conn_type='aws') credentials retrieved from login and password.
[2023-01-05T10:49:47.681+0000] {emr.py:443} INFO - Poking step s-1BHFY92ET1RRX on cluster j-275LF5U6JZLEP
[2023-01-05T10:49:48.480+0000] {emr.py:69} INFO - Job flow currently PENDING
[2023-01-05T10:50:48.540+0000] {emr.py:443} INFO - Poking step s-1BHFY92ET1RRX on cluster j-275LF5U6JZLEP
[2023-01-05T10:50:49.471+0000] {emr.py:69} INFO - Job flow currently RUNNING
[2023-01-05T10:51:49.472+0000] {emr.py:443} INFO - Poking step s-1BHFY92ET1RRX on cluster j-275LF5U6JZLEP
[2023-01-05T10:51:50.301+0000] {emr.py:69} INFO - Job flow currently COMPLETED
[2023-01-05T10:51:50.301+0000] {base.py:301} INFO - Success criteria met. Exiting.
[2023-01-05T10:51:50.321+0000] {taskinstance.py:1412} INFO - Marking task as SUCCESS. dag_id=atn_import_data_from_apis, task_id=check_get_tickers_tweets_step, execution_date=20230105T100500, start_date=20230105T104947, end_date=20230105T105150
[2023-01-05T10:51:50.374+0000] {local_task_job.py:156} INFO - Task exited with return code 0
[2023-01-05T10:51:50.428+0000] {local_task_job.py:279} INFO - 1 downstream tasks scheduled from follow-on schedule check
