[2023-01-06T13:21:32.491+0000] {taskinstance.py:1171} INFO - Dependencies all met for <TaskInstance: atn_import_data_from_apis.trigger_dag_atn_update_datalake scheduled__2023-01-06T00:00:00+00:00 [queued]>
[2023-01-06T13:21:32.507+0000] {taskinstance.py:1171} INFO - Dependencies all met for <TaskInstance: atn_import_data_from_apis.trigger_dag_atn_update_datalake scheduled__2023-01-06T00:00:00+00:00 [queued]>
[2023-01-06T13:21:32.507+0000] {taskinstance.py:1368} INFO - 
--------------------------------------------------------------------------------
[2023-01-06T13:21:32.507+0000] {taskinstance.py:1369} INFO - Starting attempt 1 of 3
[2023-01-06T13:21:32.507+0000] {taskinstance.py:1370} INFO - 
--------------------------------------------------------------------------------
[2023-01-06T13:21:32.521+0000] {taskinstance.py:1389} INFO - Executing <Task(TriggerDagRunOperator): trigger_dag_atn_update_datalake> on 2023-01-06 00:00:00+00:00
[2023-01-06T13:21:32.525+0000] {standard_task_runner.py:52} INFO - Started process 290 to run task
[2023-01-06T13:21:32.528+0000] {standard_task_runner.py:79} INFO - Running: ['***', 'tasks', 'run', 'atn_import_data_from_apis', 'trigger_dag_atn_update_datalake', 'scheduled__2023-01-06T00:00:00+00:00', '--job-id', '3895', '--raw', '--subdir', 'DAGS_FOLDER/market_data_analytics/my_dags/import_data_from_apis.py', '--cfg-path', '/tmp/tmpgb_bwjle', '--error-file', '/tmp/tmpqfcu_h2y']
[2023-01-06T13:21:32.528+0000] {standard_task_runner.py:80} INFO - Job 3895: Subtask trigger_dag_atn_update_datalake
[2023-01-06T13:21:32.541+0000] {warnings.py:110} WARNING - /home/***/.local/lib/python3.7/site-packages/***/configuration.py:538: DeprecationWarning: The sql_alchemy_conn option in [core] has been moved to the sql_alchemy_conn option in [database] - the old setting has been used, but please update your config.
  option = self._get_environment_variables(deprecated_key, deprecated_section, key, section)

[2023-01-06T13:21:32.591+0000] {task_command.py:371} INFO - Running <TaskInstance: atn_import_data_from_apis.trigger_dag_atn_update_datalake scheduled__2023-01-06T00:00:00+00:00 [running]> on host 370ed6868bc3
[2023-01-06T13:21:32.662+0000] {taskinstance.py:1583} INFO - Exporting the following env vars:
AIRFLOW_CTX_DAG_OWNER=atn
AIRFLOW_CTX_DAG_ID=atn_import_data_from_apis
AIRFLOW_CTX_TASK_ID=trigger_dag_atn_update_datalake
AIRFLOW_CTX_EXECUTION_DATE=2023-01-06T00:00:00+00:00
AIRFLOW_CTX_TRY_NUMBER=1
AIRFLOW_CTX_DAG_RUN_ID=scheduled__2023-01-06T00:00:00+00:00
[2023-01-06T13:21:36.069+0000] {taskinstance.py:1412} INFO - Marking task as SUCCESS. dag_id=atn_import_data_from_apis, task_id=trigger_dag_atn_update_datalake, execution_date=20230106T000000, start_date=20230106T132132, end_date=20230106T132136
[2023-01-06T13:21:36.115+0000] {local_task_job.py:156} INFO - Task exited with return code 0
[2023-01-06T13:21:36.150+0000] {local_task_job.py:279} INFO - 1 downstream tasks scheduled from follow-on schedule check
