[2023-01-05T11:24:01.252+0000] {taskinstance.py:1171} INFO - Dependencies all met for <TaskInstance: atn_update_datalake.check_put_tickers_balancesheet_dim_step manual__2023-01-05T10:56:03.364986+00:00 [queued]>
[2023-01-05T11:24:01.268+0000] {taskinstance.py:1171} INFO - Dependencies all met for <TaskInstance: atn_update_datalake.check_put_tickers_balancesheet_dim_step manual__2023-01-05T10:56:03.364986+00:00 [queued]>
[2023-01-05T11:24:01.268+0000] {taskinstance.py:1368} INFO - 
--------------------------------------------------------------------------------
[2023-01-05T11:24:01.268+0000] {taskinstance.py:1369} INFO - Starting attempt 1 of 3
[2023-01-05T11:24:01.268+0000] {taskinstance.py:1370} INFO - 
--------------------------------------------------------------------------------
[2023-01-05T11:24:01.283+0000] {taskinstance.py:1389} INFO - Executing <Task(EmrStepSensor): check_put_tickers_balancesheet_dim_step> on 2023-01-05 10:56:03.364986+00:00
[2023-01-05T11:24:01.288+0000] {standard_task_runner.py:52} INFO - Started process 352 to run task
[2023-01-05T11:24:01.291+0000] {standard_task_runner.py:79} INFO - Running: ['***', 'tasks', 'run', 'atn_update_datalake', 'check_put_tickers_balancesheet_dim_step', 'manual__2023-01-05T10:56:03.364986+00:00', '--job-id', '3779', '--raw', '--subdir', 'DAGS_FOLDER/market_data_analytics/my_dags/datalake_update.py', '--cfg-path', '/tmp/tmpj69dy0n1', '--error-file', '/tmp/tmpb9n76uof']
[2023-01-05T11:24:01.291+0000] {standard_task_runner.py:80} INFO - Job 3779: Subtask check_put_tickers_balancesheet_dim_step
[2023-01-05T11:24:01.353+0000] {task_command.py:371} INFO - Running <TaskInstance: atn_update_datalake.check_put_tickers_balancesheet_dim_step manual__2023-01-05T10:56:03.364986+00:00 [running]> on host 370ed6868bc3
[2023-01-05T11:24:01.454+0000] {taskinstance.py:1583} INFO - Exporting the following env vars:
AIRFLOW_CTX_DAG_OWNER=atn
AIRFLOW_CTX_DAG_ID=atn_update_datalake
AIRFLOW_CTX_TASK_ID=check_put_tickers_balancesheet_dim_step
AIRFLOW_CTX_EXECUTION_DATE=2023-01-05T10:56:03.364986+00:00
AIRFLOW_CTX_TRY_NUMBER=1
AIRFLOW_CTX_DAG_RUN_ID=manual__2023-01-05T10:56:03.364986+00:00
[2023-01-05T11:24:01.468+0000] {base.py:68} INFO - Using connection ID 'aws_credentials' for task execution.
[2023-01-05T11:24:01.468+0000] {connection_wrapper.py:210} INFO - AWS Connection (conn_id='aws_credentials', conn_type='aws') credentials retrieved from login and password.
[2023-01-05T11:24:01.507+0000] {emr.py:443} INFO - Poking step s-3JZ6FPRPB5RX on cluster j-1Z5DDUK8PTRNA
[2023-01-05T11:24:02.382+0000] {emr.py:69} INFO - Job flow currently PENDING
[2023-01-05T11:25:02.444+0000] {emr.py:443} INFO - Poking step s-3JZ6FPRPB5RX on cluster j-1Z5DDUK8PTRNA
[2023-01-05T11:25:03.706+0000] {emr.py:69} INFO - Job flow currently RUNNING
[2023-01-05T11:26:03.746+0000] {emr.py:443} INFO - Poking step s-3JZ6FPRPB5RX on cluster j-1Z5DDUK8PTRNA
[2023-01-05T11:26:06.966+0000] {emr.py:69} INFO - Job flow currently RUNNING
[2023-01-05T11:27:07.005+0000] {emr.py:443} INFO - Poking step s-3JZ6FPRPB5RX on cluster j-1Z5DDUK8PTRNA
[2023-01-05T11:27:08.104+0000] {emr.py:69} INFO - Job flow currently RUNNING
[2023-01-05T11:28:08.126+0000] {emr.py:443} INFO - Poking step s-3JZ6FPRPB5RX on cluster j-1Z5DDUK8PTRNA
[2023-01-05T11:28:09.017+0000] {emr.py:69} INFO - Job flow currently COMPLETED
[2023-01-05T11:28:09.019+0000] {base.py:301} INFO - Success criteria met. Exiting.
[2023-01-05T11:28:09.052+0000] {taskinstance.py:1412} INFO - Marking task as SUCCESS. dag_id=atn_update_datalake, task_id=check_put_tickers_balancesheet_dim_step, execution_date=20230105T105603, start_date=20230105T112401, end_date=20230105T112809
[2023-01-05T11:28:09.085+0000] {local_task_job.py:156} INFO - Task exited with return code 0
[2023-01-05T11:28:09.151+0000] {local_task_job.py:279} INFO - 1 downstream tasks scheduled from follow-on schedule check
