[2023-01-08T15:07:13.807+0000] {taskinstance.py:1171} INFO - Dependencies all met for <TaskInstance: atn_update_datalake.check_put_market_dim_step manual__2023-01-08T15:06:09.206673+00:00 [queued]>
[2023-01-08T15:07:13.819+0000] {taskinstance.py:1171} INFO - Dependencies all met for <TaskInstance: atn_update_datalake.check_put_market_dim_step manual__2023-01-08T15:06:09.206673+00:00 [queued]>
[2023-01-08T15:07:13.819+0000] {taskinstance.py:1368} INFO - 
--------------------------------------------------------------------------------
[2023-01-08T15:07:13.820+0000] {taskinstance.py:1369} INFO - Starting attempt 1 of 3
[2023-01-08T15:07:13.820+0000] {taskinstance.py:1370} INFO - 
--------------------------------------------------------------------------------
[2023-01-08T15:07:13.832+0000] {taskinstance.py:1389} INFO - Executing <Task(EmrStepSensor): check_put_market_dim_step> on 2023-01-08 15:06:09.206673+00:00
[2023-01-08T15:07:13.837+0000] {standard_task_runner.py:52} INFO - Started process 333 to run task
[2023-01-08T15:07:13.840+0000] {standard_task_runner.py:79} INFO - Running: ['***', 'tasks', 'run', 'atn_update_datalake', 'check_put_market_dim_step', 'manual__2023-01-08T15:06:09.206673+00:00', '--job-id', '4055', '--raw', '--subdir', 'DAGS_FOLDER/market_data_analytics/my_dags/datalake_update.py', '--cfg-path', '/tmp/tmpgocvsgjy', '--error-file', '/tmp/tmpusif_dh6']
[2023-01-08T15:07:13.840+0000] {standard_task_runner.py:80} INFO - Job 4055: Subtask check_put_market_dim_step
[2023-01-08T15:07:13.913+0000] {task_command.py:371} INFO - Running <TaskInstance: atn_update_datalake.check_put_market_dim_step manual__2023-01-08T15:06:09.206673+00:00 [running]> on host 370ed6868bc3
[2023-01-08T15:07:14.032+0000] {taskinstance.py:1583} INFO - Exporting the following env vars:
AIRFLOW_CTX_DAG_OWNER=atn
AIRFLOW_CTX_DAG_ID=atn_update_datalake
AIRFLOW_CTX_TASK_ID=check_put_market_dim_step
AIRFLOW_CTX_EXECUTION_DATE=2023-01-08T15:06:09.206673+00:00
AIRFLOW_CTX_TRY_NUMBER=1
AIRFLOW_CTX_DAG_RUN_ID=manual__2023-01-08T15:06:09.206673+00:00
[2023-01-08T15:07:14.047+0000] {base.py:68} INFO - Using connection ID 'aws_credentials' for task execution.
[2023-01-08T15:07:14.049+0000] {connection_wrapper.py:210} INFO - AWS Connection (conn_id='aws_credentials', conn_type='aws') credentials retrieved from login and password.
[2023-01-08T15:07:14.091+0000] {emr.py:443} INFO - Poking step s-2VSA9L5Y0H3GP on cluster j-36MHGJC6JXK5R
[2023-01-08T15:07:14.813+0000] {emr.py:69} INFO - Job flow currently PENDING
[2023-01-08T15:08:14.869+0000] {emr.py:443} INFO - Poking step s-2VSA9L5Y0H3GP on cluster j-36MHGJC6JXK5R
[2023-01-08T15:08:15.598+0000] {emr.py:69} INFO - Job flow currently PENDING
[2023-01-08T15:09:15.660+0000] {emr.py:443} INFO - Poking step s-2VSA9L5Y0H3GP on cluster j-36MHGJC6JXK5R
[2023-01-08T15:09:16.409+0000] {emr.py:69} INFO - Job flow currently PENDING
[2023-01-08T15:10:16.470+0000] {emr.py:443} INFO - Poking step s-2VSA9L5Y0H3GP on cluster j-36MHGJC6JXK5R
[2023-01-08T15:10:17.225+0000] {emr.py:69} INFO - Job flow currently PENDING
[2023-01-08T15:11:17.284+0000] {emr.py:443} INFO - Poking step s-2VSA9L5Y0H3GP on cluster j-36MHGJC6JXK5R
[2023-01-08T15:11:18.057+0000] {emr.py:69} INFO - Job flow currently PENDING
[2023-01-08T15:12:18.118+0000] {emr.py:443} INFO - Poking step s-2VSA9L5Y0H3GP on cluster j-36MHGJC6JXK5R
[2023-01-08T15:12:18.935+0000] {emr.py:69} INFO - Job flow currently PENDING
[2023-01-08T15:13:18.997+0000] {emr.py:443} INFO - Poking step s-2VSA9L5Y0H3GP on cluster j-36MHGJC6JXK5R
[2023-01-08T15:13:19.822+0000] {emr.py:69} INFO - Job flow currently PENDING
[2023-01-08T15:14:19.854+0000] {emr.py:443} INFO - Poking step s-2VSA9L5Y0H3GP on cluster j-36MHGJC6JXK5R
[2023-01-08T15:14:20.726+0000] {emr.py:69} INFO - Job flow currently RUNNING
[2023-01-08T15:15:20.774+0000] {emr.py:443} INFO - Poking step s-2VSA9L5Y0H3GP on cluster j-36MHGJC6JXK5R
[2023-01-08T15:15:21.482+0000] {emr.py:69} INFO - Job flow currently RUNNING
[2023-01-08T15:16:21.544+0000] {emr.py:443} INFO - Poking step s-2VSA9L5Y0H3GP on cluster j-36MHGJC6JXK5R
[2023-01-08T15:16:22.379+0000] {emr.py:69} INFO - Job flow currently COMPLETED
[2023-01-08T15:16:22.380+0000] {base.py:301} INFO - Success criteria met. Exiting.
[2023-01-08T15:16:22.431+0000] {taskinstance.py:1412} INFO - Marking task as SUCCESS. dag_id=atn_update_datalake, task_id=check_put_market_dim_step, execution_date=20230108T150609, start_date=20230108T150713, end_date=20230108T151622
[2023-01-08T15:16:22.479+0000] {local_task_job.py:156} INFO - Task exited with return code 0
[2023-01-08T15:16:22.701+0000] {local_task_job.py:279} INFO - 1 downstream tasks scheduled from follow-on schedule check
