[2023-01-05T10:16:39.754+0000] {taskinstance.py:1171} INFO - Dependencies all met for <TaskInstance: atn_import_data_from_apis.check_get_tickers_info_step manual__2023-01-05T10:05:00.167541+00:00 [queued]>
[2023-01-05T10:16:39.768+0000] {taskinstance.py:1171} INFO - Dependencies all met for <TaskInstance: atn_import_data_from_apis.check_get_tickers_info_step manual__2023-01-05T10:05:00.167541+00:00 [queued]>
[2023-01-05T10:16:39.769+0000] {taskinstance.py:1368} INFO - 
--------------------------------------------------------------------------------
[2023-01-05T10:16:39.769+0000] {taskinstance.py:1369} INFO - Starting attempt 1 of 3
[2023-01-05T10:16:39.769+0000] {taskinstance.py:1370} INFO - 
--------------------------------------------------------------------------------
[2023-01-05T10:16:39.783+0000] {taskinstance.py:1389} INFO - Executing <Task(EmrStepSensor): check_get_tickers_info_step> on 2023-01-05 10:05:00.167541+00:00
[2023-01-05T10:16:39.789+0000] {standard_task_runner.py:52} INFO - Started process 167 to run task
[2023-01-05T10:16:39.793+0000] {standard_task_runner.py:79} INFO - Running: ['***', 'tasks', 'run', 'atn_import_data_from_apis', 'check_get_tickers_info_step', 'manual__2023-01-05T10:05:00.167541+00:00', '--job-id', '3707', '--raw', '--subdir', 'DAGS_FOLDER/market_data_analytics/my_dags/import_data_from_apis.py', '--cfg-path', '/tmp/tmpvz2k2beq', '--error-file', '/tmp/tmpp08rjrgf']
[2023-01-05T10:16:39.793+0000] {standard_task_runner.py:80} INFO - Job 3707: Subtask check_get_tickers_info_step
[2023-01-05T10:16:39.862+0000] {task_command.py:371} INFO - Running <TaskInstance: atn_import_data_from_apis.check_get_tickers_info_step manual__2023-01-05T10:05:00.167541+00:00 [running]> on host 370ed6868bc3
[2023-01-05T10:16:39.972+0000] {taskinstance.py:1583} INFO - Exporting the following env vars:
AIRFLOW_CTX_DAG_OWNER=atn
AIRFLOW_CTX_DAG_ID=atn_import_data_from_apis
AIRFLOW_CTX_TASK_ID=check_get_tickers_info_step
AIRFLOW_CTX_EXECUTION_DATE=2023-01-05T10:05:00.167541+00:00
AIRFLOW_CTX_TRY_NUMBER=1
AIRFLOW_CTX_DAG_RUN_ID=manual__2023-01-05T10:05:00.167541+00:00
[2023-01-05T10:16:39.983+0000] {base.py:68} INFO - Using connection ID 'aws_credentials' for task execution.
[2023-01-05T10:16:39.984+0000] {connection_wrapper.py:210} INFO - AWS Connection (conn_id='aws_credentials', conn_type='aws') credentials retrieved from login and password.
[2023-01-05T10:16:40.022+0000] {emr.py:443} INFO - Poking step s-2XKIO615MDE2Z on cluster j-275LF5U6JZLEP
[2023-01-05T10:16:41.213+0000] {emr.py:69} INFO - Job flow currently PENDING
[2023-01-05T10:17:41.274+0000] {emr.py:443} INFO - Poking step s-2XKIO615MDE2Z on cluster j-275LF5U6JZLEP
[2023-01-05T10:17:46.190+0000] {emr.py:69} INFO - Job flow currently RUNNING
[2023-01-05T10:18:46.250+0000] {emr.py:443} INFO - Poking step s-2XKIO615MDE2Z on cluster j-275LF5U6JZLEP
[2023-01-05T10:18:48.453+0000] {emr.py:69} INFO - Job flow currently COMPLETED
[2023-01-05T10:18:48.454+0000] {base.py:301} INFO - Success criteria met. Exiting.
[2023-01-05T10:18:48.483+0000] {taskinstance.py:1412} INFO - Marking task as SUCCESS. dag_id=atn_import_data_from_apis, task_id=check_get_tickers_info_step, execution_date=20230105T100500, start_date=20230105T101639, end_date=20230105T101848
[2023-01-05T10:18:48.545+0000] {local_task_job.py:156} INFO - Task exited with return code 0
[2023-01-05T10:18:48.616+0000] {local_task_job.py:279} INFO - 0 downstream tasks scheduled from follow-on schedule check
