[2023-01-05T11:54:18.231+0000] {taskinstance.py:1171} INFO - Dependencies all met for <TaskInstance: atn_update_datalake.check_put_tickers_shares_dim_step manual__2023-01-05T10:56:03.364986+00:00 [queued]>
[2023-01-05T11:54:18.244+0000] {taskinstance.py:1171} INFO - Dependencies all met for <TaskInstance: atn_update_datalake.check_put_tickers_shares_dim_step manual__2023-01-05T10:56:03.364986+00:00 [queued]>
[2023-01-05T11:54:18.245+0000] {taskinstance.py:1368} INFO - 
--------------------------------------------------------------------------------
[2023-01-05T11:54:18.245+0000] {taskinstance.py:1369} INFO - Starting attempt 1 of 3
[2023-01-05T11:54:18.245+0000] {taskinstance.py:1370} INFO - 
--------------------------------------------------------------------------------
[2023-01-05T11:54:18.261+0000] {taskinstance.py:1389} INFO - Executing <Task(EmrStepSensor): check_put_tickers_shares_dim_step> on 2023-01-05 10:56:03.364986+00:00
[2023-01-05T11:54:18.266+0000] {standard_task_runner.py:52} INFO - Started process 384 to run task
[2023-01-05T11:54:18.269+0000] {standard_task_runner.py:79} INFO - Running: ['***', 'tasks', 'run', 'atn_update_datalake', 'check_put_tickers_shares_dim_step', 'manual__2023-01-05T10:56:03.364986+00:00', '--job-id', '3795', '--raw', '--subdir', 'DAGS_FOLDER/market_data_analytics/my_dags/datalake_update.py', '--cfg-path', '/tmp/tmp4cam9tn4', '--error-file', '/tmp/tmpjevkatha']
[2023-01-05T11:54:18.269+0000] {standard_task_runner.py:80} INFO - Job 3795: Subtask check_put_tickers_shares_dim_step
[2023-01-05T11:54:18.340+0000] {task_command.py:371} INFO - Running <TaskInstance: atn_update_datalake.check_put_tickers_shares_dim_step manual__2023-01-05T10:56:03.364986+00:00 [running]> on host 370ed6868bc3
[2023-01-05T11:54:18.441+0000] {taskinstance.py:1583} INFO - Exporting the following env vars:
AIRFLOW_CTX_DAG_OWNER=atn
AIRFLOW_CTX_DAG_ID=atn_update_datalake
AIRFLOW_CTX_TASK_ID=check_put_tickers_shares_dim_step
AIRFLOW_CTX_EXECUTION_DATE=2023-01-05T10:56:03.364986+00:00
AIRFLOW_CTX_TRY_NUMBER=1
AIRFLOW_CTX_DAG_RUN_ID=manual__2023-01-05T10:56:03.364986+00:00
[2023-01-05T11:54:18.452+0000] {base.py:68} INFO - Using connection ID 'aws_credentials' for task execution.
[2023-01-05T11:54:18.453+0000] {connection_wrapper.py:210} INFO - AWS Connection (conn_id='aws_credentials', conn_type='aws') credentials retrieved from login and password.
[2023-01-05T11:54:18.489+0000] {emr.py:443} INFO - Poking step s-11PO3KM1D8HEU on cluster j-1Z5DDUK8PTRNA
[2023-01-05T11:54:19.378+0000] {emr.py:69} INFO - Job flow currently PENDING
[2023-01-05T11:55:19.431+0000] {emr.py:443} INFO - Poking step s-11PO3KM1D8HEU on cluster j-1Z5DDUK8PTRNA
[2023-01-05T11:55:20.501+0000] {emr.py:69} INFO - Job flow currently RUNNING
[2023-01-05T11:56:20.563+0000] {emr.py:443} INFO - Poking step s-11PO3KM1D8HEU on cluster j-1Z5DDUK8PTRNA
[2023-01-05T11:56:21.505+0000] {emr.py:69} INFO - Job flow currently RUNNING
[2023-01-05T11:57:21.566+0000] {emr.py:443} INFO - Poking step s-11PO3KM1D8HEU on cluster j-1Z5DDUK8PTRNA
[2023-01-05T11:57:22.556+0000] {emr.py:69} INFO - Job flow currently RUNNING
[2023-01-05T11:58:22.617+0000] {emr.py:443} INFO - Poking step s-11PO3KM1D8HEU on cluster j-1Z5DDUK8PTRNA
[2023-01-05T11:58:23.941+0000] {emr.py:69} INFO - Job flow currently COMPLETED
[2023-01-05T11:58:23.942+0000] {base.py:301} INFO - Success criteria met. Exiting.
[2023-01-05T11:58:23.967+0000] {taskinstance.py:1412} INFO - Marking task as SUCCESS. dag_id=atn_update_datalake, task_id=check_put_tickers_shares_dim_step, execution_date=20230105T105603, start_date=20230105T115418, end_date=20230105T115823
[2023-01-05T11:58:24.023+0000] {local_task_job.py:156} INFO - Task exited with return code 0
[2023-01-05T11:58:24.069+0000] {local_task_job.py:279} INFO - 0 downstream tasks scheduled from follow-on schedule check
