[2023-01-08T16:25:44.804+0000] {taskinstance.py:1171} INFO - Dependencies all met for <TaskInstance: atn_update_datalake.end_emr_cluster manual__2023-01-08T15:06:09.206673+00:00 [queued]>
[2023-01-08T16:25:44.818+0000] {taskinstance.py:1171} INFO - Dependencies all met for <TaskInstance: atn_update_datalake.end_emr_cluster manual__2023-01-08T15:06:09.206673+00:00 [queued]>
[2023-01-08T16:25:44.818+0000] {taskinstance.py:1368} INFO - 
--------------------------------------------------------------------------------
[2023-01-08T16:25:44.818+0000] {taskinstance.py:1369} INFO - Starting attempt 1 of 3
[2023-01-08T16:25:44.818+0000] {taskinstance.py:1370} INFO - 
--------------------------------------------------------------------------------
[2023-01-08T16:25:44.832+0000] {taskinstance.py:1389} INFO - Executing <Task(EmrTerminateJobFlowOperator): end_emr_cluster> on 2023-01-08 15:06:09.206673+00:00
[2023-01-08T16:25:44.837+0000] {standard_task_runner.py:52} INFO - Started process 407 to run task
[2023-01-08T16:25:44.841+0000] {standard_task_runner.py:79} INFO - Running: ['***', 'tasks', 'run', 'atn_update_datalake', 'end_emr_cluster', 'manual__2023-01-08T15:06:09.206673+00:00', '--job-id', '4092', '--raw', '--subdir', 'DAGS_FOLDER/market_data_analytics/my_dags/datalake_update.py', '--cfg-path', '/tmp/tmpvruz96ds', '--error-file', '/tmp/tmphhtzqgrj']
[2023-01-08T16:25:44.841+0000] {standard_task_runner.py:80} INFO - Job 4092: Subtask end_emr_cluster
[2023-01-08T16:25:44.906+0000] {task_command.py:371} INFO - Running <TaskInstance: atn_update_datalake.end_emr_cluster manual__2023-01-08T15:06:09.206673+00:00 [running]> on host 370ed6868bc3
[2023-01-08T16:25:44.986+0000] {taskinstance.py:1583} INFO - Exporting the following env vars:
AIRFLOW_CTX_DAG_OWNER=atn
AIRFLOW_CTX_DAG_ID=atn_update_datalake
AIRFLOW_CTX_TASK_ID=end_emr_cluster
AIRFLOW_CTX_EXECUTION_DATE=2023-01-08T15:06:09.206673+00:00
AIRFLOW_CTX_TRY_NUMBER=1
AIRFLOW_CTX_DAG_RUN_ID=manual__2023-01-08T15:06:09.206673+00:00
[2023-01-08T16:25:44.998+0000] {base.py:68} INFO - Using connection ID 'aws_credentials' for task execution.
[2023-01-08T16:25:44.999+0000] {connection_wrapper.py:210} INFO - AWS Connection (conn_id='aws_credentials', conn_type='aws') credentials retrieved from login and password.
[2023-01-08T16:25:45.050+0000] {emr.py:410} INFO - Terminating JobFlow j-36MHGJC6JXK5R
[2023-01-08T16:25:45.827+0000] {emr.py:416} INFO - JobFlow with id j-36MHGJC6JXK5R terminated
[2023-01-08T16:25:45.842+0000] {taskinstance.py:1412} INFO - Marking task as SUCCESS. dag_id=atn_update_datalake, task_id=end_emr_cluster, execution_date=20230108T150609, start_date=20230108T162544, end_date=20230108T162545
[2023-01-08T16:25:45.898+0000] {local_task_job.py:156} INFO - Task exited with return code 0
[2023-01-08T16:25:45.955+0000] {local_task_job.py:279} INFO - 1 downstream tasks scheduled from follow-on schedule check
