[2023-01-06T14:02:34.864+0000] {taskinstance.py:1171} INFO - Dependencies all met for <TaskInstance: atn_update_datalake.check_put_tickers_earnings_dim_step manual__2023-01-06T13:21:32.663212+00:00 [queued]>
[2023-01-06T14:02:34.877+0000] {taskinstance.py:1171} INFO - Dependencies all met for <TaskInstance: atn_update_datalake.check_put_tickers_earnings_dim_step manual__2023-01-06T13:21:32.663212+00:00 [queued]>
[2023-01-06T14:02:34.877+0000] {taskinstance.py:1368} INFO - 
--------------------------------------------------------------------------------
[2023-01-06T14:02:34.877+0000] {taskinstance.py:1369} INFO - Starting attempt 1 of 3
[2023-01-06T14:02:34.877+0000] {taskinstance.py:1370} INFO - 
--------------------------------------------------------------------------------
[2023-01-06T14:02:34.892+0000] {taskinstance.py:1389} INFO - Executing <Task(EmrStepSensor): check_put_tickers_earnings_dim_step> on 2023-01-06 13:21:32.663212+00:00
[2023-01-06T14:02:34.898+0000] {standard_task_runner.py:52} INFO - Started process 411 to run task
[2023-01-06T14:02:34.919+0000] {standard_task_runner.py:79} INFO - Running: ['***', 'tasks', 'run', 'atn_update_datalake', 'check_put_tickers_earnings_dim_step', 'manual__2023-01-06T13:21:32.663212+00:00', '--job-id', '3935', '--raw', '--subdir', 'DAGS_FOLDER/market_data_analytics/my_dags/datalake_update.py', '--cfg-path', '/tmp/tmp_yh1_y1a', '--error-file', '/tmp/tmpw2rogb0g']
[2023-01-06T14:02:34.921+0000] {standard_task_runner.py:80} INFO - Job 3935: Subtask check_put_tickers_earnings_dim_step
[2023-01-06T14:02:35.022+0000] {task_command.py:371} INFO - Running <TaskInstance: atn_update_datalake.check_put_tickers_earnings_dim_step manual__2023-01-06T13:21:32.663212+00:00 [running]> on host 370ed6868bc3
[2023-01-06T14:02:35.114+0000] {taskinstance.py:1583} INFO - Exporting the following env vars:
AIRFLOW_CTX_DAG_OWNER=atn
AIRFLOW_CTX_DAG_ID=atn_update_datalake
AIRFLOW_CTX_TASK_ID=check_put_tickers_earnings_dim_step
AIRFLOW_CTX_EXECUTION_DATE=2023-01-06T13:21:32.663212+00:00
AIRFLOW_CTX_TRY_NUMBER=1
AIRFLOW_CTX_DAG_RUN_ID=manual__2023-01-06T13:21:32.663212+00:00
[2023-01-06T14:02:35.124+0000] {base.py:68} INFO - Using connection ID 'aws_credentials' for task execution.
[2023-01-06T14:02:35.125+0000] {connection_wrapper.py:210} INFO - AWS Connection (conn_id='aws_credentials', conn_type='aws') credentials retrieved from login and password.
[2023-01-06T14:02:35.162+0000] {emr.py:443} INFO - Poking step s-3R7NC5SA1HDB1 on cluster j-3G7PO8Y3OE3BT
[2023-01-06T14:02:36.144+0000] {emr.py:69} INFO - Job flow currently PENDING
[2023-01-06T14:03:36.203+0000] {emr.py:443} INFO - Poking step s-3R7NC5SA1HDB1 on cluster j-3G7PO8Y3OE3BT
[2023-01-06T14:03:37.159+0000] {emr.py:69} INFO - Job flow currently RUNNING
[2023-01-06T14:04:37.211+0000] {emr.py:443} INFO - Poking step s-3R7NC5SA1HDB1 on cluster j-3G7PO8Y3OE3BT
[2023-01-06T14:04:38.349+0000] {emr.py:69} INFO - Job flow currently RUNNING
[2023-01-06T14:05:38.410+0000] {emr.py:443} INFO - Poking step s-3R7NC5SA1HDB1 on cluster j-3G7PO8Y3OE3BT
[2023-01-06T14:05:39.323+0000] {emr.py:69} INFO - Job flow currently RUNNING
[2023-01-06T14:06:39.383+0000] {emr.py:443} INFO - Poking step s-3R7NC5SA1HDB1 on cluster j-3G7PO8Y3OE3BT
[2023-01-06T14:06:40.272+0000] {emr.py:69} INFO - Job flow currently COMPLETED
[2023-01-06T14:06:40.273+0000] {base.py:301} INFO - Success criteria met. Exiting.
[2023-01-06T14:06:40.295+0000] {taskinstance.py:1412} INFO - Marking task as SUCCESS. dag_id=atn_update_datalake, task_id=check_put_tickers_earnings_dim_step, execution_date=20230106T132132, start_date=20230106T140234, end_date=20230106T140640
[2023-01-06T14:06:40.429+0000] {local_task_job.py:156} INFO - Task exited with return code 0
[2023-01-06T14:06:40.519+0000] {local_task_job.py:279} INFO - 1 downstream tasks scheduled from follow-on schedule check
