[2023-01-08T15:06:08.880+0000] {taskinstance.py:1171} INFO - Dependencies all met for <TaskInstance: atn_import_data_from_apis.trigger_dag_atn_update_datalake manual__2023-01-08T14:20:41.774645+00:00 [queued]>
[2023-01-08T15:06:08.921+0000] {taskinstance.py:1171} INFO - Dependencies all met for <TaskInstance: atn_import_data_from_apis.trigger_dag_atn_update_datalake manual__2023-01-08T14:20:41.774645+00:00 [queued]>
[2023-01-08T15:06:08.922+0000] {taskinstance.py:1368} INFO - 
--------------------------------------------------------------------------------
[2023-01-08T15:06:08.922+0000] {taskinstance.py:1369} INFO - Starting attempt 1 of 3
[2023-01-08T15:06:08.922+0000] {taskinstance.py:1370} INFO - 
--------------------------------------------------------------------------------
[2023-01-08T15:06:08.954+0000] {taskinstance.py:1389} INFO - Executing <Task(TriggerDagRunOperator): trigger_dag_atn_update_datalake> on 2023-01-08 14:20:41.774645+00:00
[2023-01-08T15:06:08.962+0000] {standard_task_runner.py:52} INFO - Started process 244 to run task
[2023-01-08T15:06:08.966+0000] {standard_task_runner.py:79} INFO - Running: ['***', 'tasks', 'run', 'atn_import_data_from_apis', 'trigger_dag_atn_update_datalake', 'manual__2023-01-08T14:20:41.774645+00:00', '--job-id', '4031', '--raw', '--subdir', 'DAGS_FOLDER/market_data_analytics/my_dags/import_data_from_apis.py', '--cfg-path', '/tmp/tmpg48lqyv_', '--error-file', '/tmp/tmpumghkr15']
[2023-01-08T15:06:08.967+0000] {standard_task_runner.py:80} INFO - Job 4031: Subtask trigger_dag_atn_update_datalake
[2023-01-08T15:06:09.043+0000] {task_command.py:371} INFO - Running <TaskInstance: atn_import_data_from_apis.trigger_dag_atn_update_datalake manual__2023-01-08T14:20:41.774645+00:00 [running]> on host 370ed6868bc3
[2023-01-08T15:06:09.205+0000] {taskinstance.py:1583} INFO - Exporting the following env vars:
AIRFLOW_CTX_DAG_OWNER=atn
AIRFLOW_CTX_DAG_ID=atn_import_data_from_apis
AIRFLOW_CTX_TASK_ID=trigger_dag_atn_update_datalake
AIRFLOW_CTX_EXECUTION_DATE=2023-01-08T14:20:41.774645+00:00
AIRFLOW_CTX_TRY_NUMBER=1
AIRFLOW_CTX_DAG_RUN_ID=manual__2023-01-08T14:20:41.774645+00:00
[2023-01-08T15:06:14.394+0000] {taskinstance.py:1412} INFO - Marking task as SUCCESS. dag_id=atn_import_data_from_apis, task_id=trigger_dag_atn_update_datalake, execution_date=20230108T142041, start_date=20230108T150608, end_date=20230108T150614
[2023-01-08T15:06:14.441+0000] {local_task_job.py:156} INFO - Task exited with return code 0
[2023-01-08T15:06:14.476+0000] {local_task_job.py:279} INFO - 1 downstream tasks scheduled from follow-on schedule check
