[2023-01-06T12:52:06.477+0000] {taskinstance.py:1171} INFO - Dependencies all met for <TaskInstance: atn_import_data_from_apis.check_get_tickers_eps_step scheduled__2023-01-06T00:00:00+00:00 [queued]>
[2023-01-06T12:52:06.490+0000] {taskinstance.py:1171} INFO - Dependencies all met for <TaskInstance: atn_import_data_from_apis.check_get_tickers_eps_step scheduled__2023-01-06T00:00:00+00:00 [queued]>
[2023-01-06T12:52:06.490+0000] {taskinstance.py:1368} INFO - 
--------------------------------------------------------------------------------
[2023-01-06T12:52:06.491+0000] {taskinstance.py:1369} INFO - Starting attempt 1 of 3
[2023-01-06T12:52:06.491+0000] {taskinstance.py:1370} INFO - 
--------------------------------------------------------------------------------
[2023-01-06T12:52:06.504+0000] {taskinstance.py:1389} INFO - Executing <Task(EmrStepSensor): check_get_tickers_eps_step> on 2023-01-06 00:00:00+00:00
[2023-01-06T12:52:06.509+0000] {standard_task_runner.py:52} INFO - Started process 228 to run task
[2023-01-06T12:52:06.512+0000] {standard_task_runner.py:79} INFO - Running: ['***', 'tasks', 'run', 'atn_import_data_from_apis', 'check_get_tickers_eps_step', 'scheduled__2023-01-06T00:00:00+00:00', '--job-id', '3864', '--raw', '--subdir', 'DAGS_FOLDER/market_data_analytics/my_dags/import_data_from_apis.py', '--cfg-path', '/tmp/tmp4e8a313n', '--error-file', '/tmp/tmpi3aho0bz']
[2023-01-06T12:52:06.512+0000] {standard_task_runner.py:80} INFO - Job 3864: Subtask check_get_tickers_eps_step
[2023-01-06T12:52:06.525+0000] {warnings.py:110} WARNING - /home/***/.local/lib/python3.7/site-packages/***/configuration.py:538: DeprecationWarning: The sql_alchemy_conn option in [core] has been moved to the sql_alchemy_conn option in [database] - the old setting has been used, but please update your config.
  option = self._get_environment_variables(deprecated_key, deprecated_section, key, section)

[2023-01-06T12:52:06.608+0000] {task_command.py:371} INFO - Running <TaskInstance: atn_import_data_from_apis.check_get_tickers_eps_step scheduled__2023-01-06T00:00:00+00:00 [running]> on host 370ed6868bc3
[2023-01-06T12:52:06.811+0000] {taskinstance.py:1583} INFO - Exporting the following env vars:
AIRFLOW_CTX_DAG_OWNER=atn
AIRFLOW_CTX_DAG_ID=atn_import_data_from_apis
AIRFLOW_CTX_TASK_ID=check_get_tickers_eps_step
AIRFLOW_CTX_EXECUTION_DATE=2023-01-06T00:00:00+00:00
AIRFLOW_CTX_TRY_NUMBER=1
AIRFLOW_CTX_DAG_RUN_ID=scheduled__2023-01-06T00:00:00+00:00
[2023-01-06T12:52:06.825+0000] {base.py:68} INFO - Using connection ID 'aws_credentials' for task execution.
[2023-01-06T12:52:06.826+0000] {connection_wrapper.py:210} INFO - AWS Connection (conn_id='aws_credentials', conn_type='aws') credentials retrieved from login and password.
[2023-01-06T12:52:06.896+0000] {emr.py:443} INFO - Poking step s-3L3RE8Z85H0XE on cluster j-3J07UP5RPSGPC
[2023-01-06T12:52:08.868+0000] {emr.py:69} INFO - Job flow currently PENDING
[2023-01-06T12:53:08.925+0000] {emr.py:443} INFO - Poking step s-3L3RE8Z85H0XE on cluster j-3J07UP5RPSGPC
[2023-01-06T12:53:09.921+0000] {emr.py:69} INFO - Job flow currently RUNNING
[2023-01-06T12:54:09.975+0000] {emr.py:443} INFO - Poking step s-3L3RE8Z85H0XE on cluster j-3J07UP5RPSGPC
[2023-01-06T12:54:10.954+0000] {emr.py:69} INFO - Job flow currently COMPLETED
[2023-01-06T12:54:10.955+0000] {base.py:301} INFO - Success criteria met. Exiting.
[2023-01-06T12:54:10.983+0000] {taskinstance.py:1412} INFO - Marking task as SUCCESS. dag_id=atn_import_data_from_apis, task_id=check_get_tickers_eps_step, execution_date=20230106T000000, start_date=20230106T125206, end_date=20230106T125410
[2023-01-06T12:54:11.026+0000] {local_task_job.py:156} INFO - Task exited with return code 0
[2023-01-06T12:54:11.093+0000] {local_task_job.py:279} INFO - 1 downstream tasks scheduled from follow-on schedule check
