[2023-01-05T10:56:03.136+0000] {taskinstance.py:1171} INFO - Dependencies all met for <TaskInstance: atn_import_data_from_apis.trigger_dag_atn_update_datalake manual__2023-01-05T10:05:00.167541+00:00 [queued]>
[2023-01-05T10:56:03.155+0000] {taskinstance.py:1171} INFO - Dependencies all met for <TaskInstance: atn_import_data_from_apis.trigger_dag_atn_update_datalake manual__2023-01-05T10:05:00.167541+00:00 [queued]>
[2023-01-05T10:56:03.155+0000] {taskinstance.py:1368} INFO - 
--------------------------------------------------------------------------------
[2023-01-05T10:56:03.155+0000] {taskinstance.py:1369} INFO - Starting attempt 1 of 3
[2023-01-05T10:56:03.155+0000] {taskinstance.py:1370} INFO - 
--------------------------------------------------------------------------------
[2023-01-05T10:56:03.174+0000] {taskinstance.py:1389} INFO - Executing <Task(TriggerDagRunOperator): trigger_dag_atn_update_datalake> on 2023-01-05 10:05:00.167541+00:00
[2023-01-05T10:56:03.182+0000] {standard_task_runner.py:52} INFO - Started process 243 to run task
[2023-01-05T10:56:03.185+0000] {standard_task_runner.py:79} INFO - Running: ['***', 'tasks', 'run', 'atn_import_data_from_apis', 'trigger_dag_atn_update_datalake', 'manual__2023-01-05T10:05:00.167541+00:00', '--job-id', '3745', '--raw', '--subdir', 'DAGS_FOLDER/market_data_analytics/my_dags/import_data_from_apis.py', '--cfg-path', '/tmp/tmp8crwnvvo', '--error-file', '/tmp/tmpacuo2q_7']
[2023-01-05T10:56:03.186+0000] {standard_task_runner.py:80} INFO - Job 3745: Subtask trigger_dag_atn_update_datalake
[2023-01-05T10:56:03.268+0000] {task_command.py:371} INFO - Running <TaskInstance: atn_import_data_from_apis.trigger_dag_atn_update_datalake manual__2023-01-05T10:05:00.167541+00:00 [running]> on host 370ed6868bc3
[2023-01-05T10:56:03.363+0000] {taskinstance.py:1583} INFO - Exporting the following env vars:
AIRFLOW_CTX_DAG_OWNER=atn
AIRFLOW_CTX_DAG_ID=atn_import_data_from_apis
AIRFLOW_CTX_TASK_ID=trigger_dag_atn_update_datalake
AIRFLOW_CTX_EXECUTION_DATE=2023-01-05T10:05:00.167541+00:00
AIRFLOW_CTX_TRY_NUMBER=1
AIRFLOW_CTX_DAG_RUN_ID=manual__2023-01-05T10:05:00.167541+00:00
[2023-01-05T10:56:07.822+0000] {taskinstance.py:1412} INFO - Marking task as SUCCESS. dag_id=atn_import_data_from_apis, task_id=trigger_dag_atn_update_datalake, execution_date=20230105T100500, start_date=20230105T105603, end_date=20230105T105607
[2023-01-05T10:56:07.855+0000] {local_task_job.py:156} INFO - Task exited with return code 0
[2023-01-05T10:56:07.898+0000] {local_task_job.py:279} INFO - 1 downstream tasks scheduled from follow-on schedule check
