[2023-01-08T15:06:05.896+0000] {taskinstance.py:1171} INFO - Dependencies all met for <TaskInstance: atn_import_data_from_apis.end_emr_cluster manual__2023-01-08T14:20:41.774645+00:00 [queued]>
[2023-01-08T15:06:05.916+0000] {taskinstance.py:1171} INFO - Dependencies all met for <TaskInstance: atn_import_data_from_apis.end_emr_cluster manual__2023-01-08T14:20:41.774645+00:00 [queued]>
[2023-01-08T15:06:05.916+0000] {taskinstance.py:1368} INFO - 
--------------------------------------------------------------------------------
[2023-01-08T15:06:05.916+0000] {taskinstance.py:1369} INFO - Starting attempt 1 of 3
[2023-01-08T15:06:05.917+0000] {taskinstance.py:1370} INFO - 
--------------------------------------------------------------------------------
[2023-01-08T15:06:05.932+0000] {taskinstance.py:1389} INFO - Executing <Task(EmrTerminateJobFlowOperator): end_emr_cluster> on 2023-01-08 14:20:41.774645+00:00
[2023-01-08T15:06:05.938+0000] {standard_task_runner.py:52} INFO - Started process 242 to run task
[2023-01-08T15:06:05.940+0000] {standard_task_runner.py:79} INFO - Running: ['***', 'tasks', 'run', 'atn_import_data_from_apis', 'end_emr_cluster', 'manual__2023-01-08T14:20:41.774645+00:00', '--job-id', '4030', '--raw', '--subdir', 'DAGS_FOLDER/market_data_analytics/my_dags/import_data_from_apis.py', '--cfg-path', '/tmp/tmpwfwzio2h', '--error-file', '/tmp/tmpu2wdjsz7']
[2023-01-08T15:06:05.941+0000] {standard_task_runner.py:80} INFO - Job 4030: Subtask end_emr_cluster
[2023-01-08T15:06:06.060+0000] {task_command.py:371} INFO - Running <TaskInstance: atn_import_data_from_apis.end_emr_cluster manual__2023-01-08T14:20:41.774645+00:00 [running]> on host 370ed6868bc3
[2023-01-08T15:06:06.345+0000] {taskinstance.py:1583} INFO - Exporting the following env vars:
AIRFLOW_CTX_DAG_OWNER=atn
AIRFLOW_CTX_DAG_ID=atn_import_data_from_apis
AIRFLOW_CTX_TASK_ID=end_emr_cluster
AIRFLOW_CTX_EXECUTION_DATE=2023-01-08T14:20:41.774645+00:00
AIRFLOW_CTX_TRY_NUMBER=1
AIRFLOW_CTX_DAG_RUN_ID=manual__2023-01-08T14:20:41.774645+00:00
[2023-01-08T15:06:06.408+0000] {base.py:68} INFO - Using connection ID 'aws_credentials' for task execution.
[2023-01-08T15:06:06.409+0000] {connection_wrapper.py:210} INFO - AWS Connection (conn_id='aws_credentials', conn_type='aws') credentials retrieved from login and password.
[2023-01-08T15:06:06.588+0000] {emr.py:410} INFO - Terminating JobFlow j-9LEVRHTCP62
[2023-01-08T15:06:07.327+0000] {emr.py:416} INFO - JobFlow with id j-9LEVRHTCP62 terminated
[2023-01-08T15:06:07.355+0000] {taskinstance.py:1412} INFO - Marking task as SUCCESS. dag_id=atn_import_data_from_apis, task_id=end_emr_cluster, execution_date=20230108T142041, start_date=20230108T150605, end_date=20230108T150607
[2023-01-08T15:06:07.401+0000] {local_task_job.py:156} INFO - Task exited with return code 0
[2023-01-08T15:06:07.578+0000] {local_task_job.py:279} INFO - 1 downstream tasks scheduled from follow-on schedule check
