[2023-01-05T10:44:26.124+0000] {taskinstance.py:1171} INFO - Dependencies all met for <TaskInstance: atn_import_data_from_apis.add_get_tickers_shares_step manual__2023-01-05T10:05:00.167541+00:00 [queued]>
[2023-01-05T10:44:26.141+0000] {taskinstance.py:1171} INFO - Dependencies all met for <TaskInstance: atn_import_data_from_apis.add_get_tickers_shares_step manual__2023-01-05T10:05:00.167541+00:00 [queued]>
[2023-01-05T10:44:26.141+0000] {taskinstance.py:1368} INFO - 
--------------------------------------------------------------------------------
[2023-01-05T10:44:26.141+0000] {taskinstance.py:1369} INFO - Starting attempt 1 of 3
[2023-01-05T10:44:26.141+0000] {taskinstance.py:1370} INFO - 
--------------------------------------------------------------------------------
[2023-01-05T10:44:26.154+0000] {taskinstance.py:1389} INFO - Executing <Task(EmrAddStepsOperator): add_get_tickers_shares_step> on 2023-01-05 10:05:00.167541+00:00
[2023-01-05T10:44:26.160+0000] {standard_task_runner.py:52} INFO - Started process 217 to run task
[2023-01-05T10:44:26.163+0000] {standard_task_runner.py:79} INFO - Running: ['***', 'tasks', 'run', 'atn_import_data_from_apis', 'add_get_tickers_shares_step', 'manual__2023-01-05T10:05:00.167541+00:00', '--job-id', '3732', '--raw', '--subdir', 'DAGS_FOLDER/market_data_analytics/my_dags/import_data_from_apis.py', '--cfg-path', '/tmp/tmp_0hxdp4m', '--error-file', '/tmp/tmp3omaf9a5']
[2023-01-05T10:44:26.164+0000] {standard_task_runner.py:80} INFO - Job 3732: Subtask add_get_tickers_shares_step
[2023-01-05T10:44:26.228+0000] {task_command.py:371} INFO - Running <TaskInstance: atn_import_data_from_apis.add_get_tickers_shares_step manual__2023-01-05T10:05:00.167541+00:00 [running]> on host 370ed6868bc3
[2023-01-05T10:44:26.324+0000] {taskinstance.py:1583} INFO - Exporting the following env vars:
AIRFLOW_CTX_DAG_OWNER=atn
AIRFLOW_CTX_DAG_ID=atn_import_data_from_apis
AIRFLOW_CTX_TASK_ID=add_get_tickers_shares_step
AIRFLOW_CTX_EXECUTION_DATE=2023-01-05T10:05:00.167541+00:00
AIRFLOW_CTX_TRY_NUMBER=1
AIRFLOW_CTX_DAG_RUN_ID=manual__2023-01-05T10:05:00.167541+00:00
[2023-01-05T10:44:26.336+0000] {base.py:68} INFO - Using connection ID 'aws_credentials' for task execution.
[2023-01-05T10:44:26.337+0000] {connection_wrapper.py:210} INFO - AWS Connection (conn_id='aws_credentials', conn_type='aws') credentials retrieved from login and password.
[2023-01-05T10:44:26.410+0000] {emr.py:104} INFO - Adding steps to j-275LF5U6JZLEP
[2023-01-05T10:44:27.240+0000] {emr.py:117} INFO - Steps ['s-278KE5DPKM6DA'] added to JobFlow
[2023-01-05T10:44:27.301+0000] {taskinstance.py:1412} INFO - Marking task as SUCCESS. dag_id=atn_import_data_from_apis, task_id=add_get_tickers_shares_step, execution_date=20230105T100500, start_date=20230105T104426, end_date=20230105T104427
[2023-01-05T10:44:27.342+0000] {local_task_job.py:156} INFO - Task exited with return code 0
[2023-01-05T10:44:27.399+0000] {local_task_job.py:279} INFO - 1 downstream tasks scheduled from follow-on schedule check
