[2023-01-06T12:34:19.484+0000] {taskinstance.py:1171} INFO - Dependencies all met for <TaskInstance: atn_import_data_from_apis.check_stocksymbol_step scheduled__2023-01-06T00:00:00+00:00 [queued]>
[2023-01-06T12:34:19.497+0000] {taskinstance.py:1171} INFO - Dependencies all met for <TaskInstance: atn_import_data_from_apis.check_stocksymbol_step scheduled__2023-01-06T00:00:00+00:00 [queued]>
[2023-01-06T12:34:19.498+0000] {taskinstance.py:1368} INFO - 
--------------------------------------------------------------------------------
[2023-01-06T12:34:19.498+0000] {taskinstance.py:1369} INFO - Starting attempt 1 of 3
[2023-01-06T12:34:19.498+0000] {taskinstance.py:1370} INFO - 
--------------------------------------------------------------------------------
[2023-01-06T12:34:19.512+0000] {taskinstance.py:1389} INFO - Executing <Task(EmrStepSensor): check_stocksymbol_step> on 2023-01-06 00:00:00+00:00
[2023-01-06T12:34:19.517+0000] {standard_task_runner.py:52} INFO - Started process 208 to run task
[2023-01-06T12:34:19.520+0000] {standard_task_runner.py:79} INFO - Running: ['***', 'tasks', 'run', 'atn_import_data_from_apis', 'check_stocksymbol_step', 'scheduled__2023-01-06T00:00:00+00:00', '--job-id', '3854', '--raw', '--subdir', 'DAGS_FOLDER/market_data_analytics/my_dags/import_data_from_apis.py', '--cfg-path', '/tmp/tmp4fxule0o', '--error-file', '/tmp/tmptoqnbzdz']
[2023-01-06T12:34:19.521+0000] {standard_task_runner.py:80} INFO - Job 3854: Subtask check_stocksymbol_step
[2023-01-06T12:34:19.536+0000] {warnings.py:110} WARNING - /home/***/.local/lib/python3.7/site-packages/***/configuration.py:538: DeprecationWarning: The sql_alchemy_conn option in [core] has been moved to the sql_alchemy_conn option in [database] - the old setting has been used, but please update your config.
  option = self._get_environment_variables(deprecated_key, deprecated_section, key, section)

[2023-01-06T12:34:19.590+0000] {task_command.py:371} INFO - Running <TaskInstance: atn_import_data_from_apis.check_stocksymbol_step scheduled__2023-01-06T00:00:00+00:00 [running]> on host 370ed6868bc3
[2023-01-06T12:34:19.722+0000] {taskinstance.py:1583} INFO - Exporting the following env vars:
AIRFLOW_CTX_DAG_OWNER=atn
AIRFLOW_CTX_DAG_ID=atn_import_data_from_apis
AIRFLOW_CTX_TASK_ID=check_stocksymbol_step
AIRFLOW_CTX_EXECUTION_DATE=2023-01-06T00:00:00+00:00
AIRFLOW_CTX_TRY_NUMBER=1
AIRFLOW_CTX_DAG_RUN_ID=scheduled__2023-01-06T00:00:00+00:00
[2023-01-06T12:34:19.733+0000] {base.py:68} INFO - Using connection ID 'aws_credentials' for task execution.
[2023-01-06T12:34:19.734+0000] {connection_wrapper.py:210} INFO - AWS Connection (conn_id='aws_credentials', conn_type='aws') credentials retrieved from login and password.
[2023-01-06T12:34:19.796+0000] {emr.py:443} INFO - Poking step s-7XN5PAQBMO3L on cluster j-3J07UP5RPSGPC
[2023-01-06T12:34:21.062+0000] {emr.py:69} INFO - Job flow currently PENDING
[2023-01-06T12:35:21.123+0000] {emr.py:443} INFO - Poking step s-7XN5PAQBMO3L on cluster j-3J07UP5RPSGPC
[2023-01-06T12:35:22.097+0000] {emr.py:69} INFO - Job flow currently PENDING
[2023-01-06T12:36:22.159+0000] {emr.py:443} INFO - Poking step s-7XN5PAQBMO3L on cluster j-3J07UP5RPSGPC
[2023-01-06T12:36:23.277+0000] {emr.py:69} INFO - Job flow currently PENDING
[2023-01-06T12:37:23.332+0000] {emr.py:443} INFO - Poking step s-7XN5PAQBMO3L on cluster j-3J07UP5RPSGPC
[2023-01-06T12:37:24.628+0000] {emr.py:69} INFO - Job flow currently PENDING
[2023-01-06T12:38:24.661+0000] {emr.py:443} INFO - Poking step s-7XN5PAQBMO3L on cluster j-3J07UP5RPSGPC
[2023-01-06T12:38:25.934+0000] {emr.py:69} INFO - Job flow currently PENDING
[2023-01-06T12:39:25.994+0000] {emr.py:443} INFO - Poking step s-7XN5PAQBMO3L on cluster j-3J07UP5RPSGPC
[2023-01-06T12:39:26.896+0000] {emr.py:69} INFO - Job flow currently PENDING
[2023-01-06T12:40:26.916+0000] {emr.py:443} INFO - Poking step s-7XN5PAQBMO3L on cluster j-3J07UP5RPSGPC
[2023-01-06T12:40:27.976+0000] {emr.py:69} INFO - Job flow currently PENDING
[2023-01-06T12:41:28.003+0000] {emr.py:443} INFO - Poking step s-7XN5PAQBMO3L on cluster j-3J07UP5RPSGPC
[2023-01-06T12:41:29.518+0000] {emr.py:69} INFO - Job flow currently PENDING
[2023-01-06T12:42:29.557+0000] {emr.py:443} INFO - Poking step s-7XN5PAQBMO3L on cluster j-3J07UP5RPSGPC
[2023-01-06T12:42:31.056+0000] {emr.py:69} INFO - Job flow currently PENDING
[2023-01-06T12:43:31.107+0000] {emr.py:443} INFO - Poking step s-7XN5PAQBMO3L on cluster j-3J07UP5RPSGPC
[2023-01-06T12:43:32.170+0000] {emr.py:69} INFO - Job flow currently RUNNING
[2023-01-06T12:44:32.231+0000] {emr.py:443} INFO - Poking step s-7XN5PAQBMO3L on cluster j-3J07UP5RPSGPC
[2023-01-06T12:44:33.115+0000] {emr.py:69} INFO - Job flow currently RUNNING
[2023-01-06T12:45:33.123+0000] {emr.py:443} INFO - Poking step s-7XN5PAQBMO3L on cluster j-3J07UP5RPSGPC
[2023-01-06T12:45:34.266+0000] {emr.py:69} INFO - Job flow currently COMPLETED
[2023-01-06T12:45:34.268+0000] {base.py:301} INFO - Success criteria met. Exiting.
[2023-01-06T12:45:34.318+0000] {taskinstance.py:1412} INFO - Marking task as SUCCESS. dag_id=atn_import_data_from_apis, task_id=check_stocksymbol_step, execution_date=20230106T000000, start_date=20230106T123419, end_date=20230106T124534
[2023-01-06T12:45:34.368+0000] {local_task_job.py:156} INFO - Task exited with return code 0
[2023-01-06T12:45:34.443+0000] {local_task_job.py:279} INFO - 1 downstream tasks scheduled from follow-on schedule check
