[2023-01-08T15:59:54.640+0000] {taskinstance.py:1171} INFO - Dependencies all met for <TaskInstance: atn_update_datalake.check_put_tickers_recommendations_dim_step manual__2023-01-08T15:06:09.206673+00:00 [queued]>
[2023-01-08T15:59:54.654+0000] {taskinstance.py:1171} INFO - Dependencies all met for <TaskInstance: atn_update_datalake.check_put_tickers_recommendations_dim_step manual__2023-01-08T15:06:09.206673+00:00 [queued]>
[2023-01-08T15:59:54.654+0000] {taskinstance.py:1368} INFO - 
--------------------------------------------------------------------------------
[2023-01-08T15:59:54.654+0000] {taskinstance.py:1369} INFO - Starting attempt 1 of 3
[2023-01-08T15:59:54.654+0000] {taskinstance.py:1370} INFO - 
--------------------------------------------------------------------------------
[2023-01-08T15:59:54.668+0000] {taskinstance.py:1389} INFO - Executing <Task(EmrStepSensor): check_put_tickers_recommendations_dim_step> on 2023-01-08 15:06:09.206673+00:00
[2023-01-08T15:59:54.674+0000] {standard_task_runner.py:52} INFO - Started process 381 to run task
[2023-01-08T15:59:54.677+0000] {standard_task_runner.py:79} INFO - Running: ['***', 'tasks', 'run', 'atn_update_datalake', 'check_put_tickers_recommendations_dim_step', 'manual__2023-01-08T15:06:09.206673+00:00', '--job-id', '4079', '--raw', '--subdir', 'DAGS_FOLDER/market_data_analytics/my_dags/datalake_update.py', '--cfg-path', '/tmp/tmpogy93jyd', '--error-file', '/tmp/tmpa01ddqit']
[2023-01-08T15:59:54.678+0000] {standard_task_runner.py:80} INFO - Job 4079: Subtask check_put_tickers_recommendations_dim_step
[2023-01-08T15:59:54.745+0000] {task_command.py:371} INFO - Running <TaskInstance: atn_update_datalake.check_put_tickers_recommendations_dim_step manual__2023-01-08T15:06:09.206673+00:00 [running]> on host 370ed6868bc3
[2023-01-08T15:59:54.845+0000] {taskinstance.py:1583} INFO - Exporting the following env vars:
AIRFLOW_CTX_DAG_OWNER=atn
AIRFLOW_CTX_DAG_ID=atn_update_datalake
AIRFLOW_CTX_TASK_ID=check_put_tickers_recommendations_dim_step
AIRFLOW_CTX_EXECUTION_DATE=2023-01-08T15:06:09.206673+00:00
AIRFLOW_CTX_TRY_NUMBER=1
AIRFLOW_CTX_DAG_RUN_ID=manual__2023-01-08T15:06:09.206673+00:00
[2023-01-08T15:59:54.855+0000] {base.py:68} INFO - Using connection ID 'aws_credentials' for task execution.
[2023-01-08T15:59:54.856+0000] {connection_wrapper.py:210} INFO - AWS Connection (conn_id='aws_credentials', conn_type='aws') credentials retrieved from login and password.
[2023-01-08T15:59:54.895+0000] {emr.py:443} INFO - Poking step s-1CMZDF3N5ZXNJ on cluster j-36MHGJC6JXK5R
[2023-01-08T15:59:55.614+0000] {emr.py:69} INFO - Job flow currently PENDING
[2023-01-08T16:00:55.626+0000] {emr.py:443} INFO - Poking step s-1CMZDF3N5ZXNJ on cluster j-36MHGJC6JXK5R
[2023-01-08T16:00:56.369+0000] {emr.py:69} INFO - Job flow currently RUNNING
[2023-01-08T16:01:56.423+0000] {emr.py:443} INFO - Poking step s-1CMZDF3N5ZXNJ on cluster j-36MHGJC6JXK5R
[2023-01-08T16:01:57.212+0000] {emr.py:69} INFO - Job flow currently RUNNING
[2023-01-08T16:02:57.273+0000] {emr.py:443} INFO - Poking step s-1CMZDF3N5ZXNJ on cluster j-36MHGJC6JXK5R
[2023-01-08T16:02:58.145+0000] {emr.py:69} INFO - Job flow currently COMPLETED
[2023-01-08T16:02:58.146+0000] {base.py:301} INFO - Success criteria met. Exiting.
[2023-01-08T16:02:58.179+0000] {taskinstance.py:1412} INFO - Marking task as SUCCESS. dag_id=atn_update_datalake, task_id=check_put_tickers_recommendations_dim_step, execution_date=20230108T150609, start_date=20230108T155954, end_date=20230108T160258
[2023-01-08T16:02:58.222+0000] {local_task_job.py:156} INFO - Task exited with return code 0
[2023-01-08T16:02:58.273+0000] {local_task_job.py:279} INFO - 1 downstream tasks scheduled from follow-on schedule check
