[2023-01-08T14:22:02.692+0000] {taskinstance.py:1171} INFO - Dependencies all met for <TaskInstance: atn_import_data_from_apis.check_stocksymbol_step manual__2023-01-08T14:20:41.774645+00:00 [queued]>
[2023-01-08T14:22:02.707+0000] {taskinstance.py:1171} INFO - Dependencies all met for <TaskInstance: atn_import_data_from_apis.check_stocksymbol_step manual__2023-01-08T14:20:41.774645+00:00 [queued]>
[2023-01-08T14:22:02.707+0000] {taskinstance.py:1368} INFO - 
--------------------------------------------------------------------------------
[2023-01-08T14:22:02.707+0000] {taskinstance.py:1369} INFO - Starting attempt 1 of 3
[2023-01-08T14:22:02.707+0000] {taskinstance.py:1370} INFO - 
--------------------------------------------------------------------------------
[2023-01-08T14:22:02.724+0000] {taskinstance.py:1389} INFO - Executing <Task(EmrStepSensor): check_stocksymbol_step> on 2023-01-08 14:20:41.774645+00:00
[2023-01-08T14:22:02.728+0000] {standard_task_runner.py:52} INFO - Started process 164 to run task
[2023-01-08T14:22:02.731+0000] {standard_task_runner.py:79} INFO - Running: ['***', 'tasks', 'run', 'atn_import_data_from_apis', 'check_stocksymbol_step', 'manual__2023-01-08T14:20:41.774645+00:00', '--job-id', '3991', '--raw', '--subdir', 'DAGS_FOLDER/market_data_analytics/my_dags/import_data_from_apis.py', '--cfg-path', '/tmp/tmpzb3u9syz', '--error-file', '/tmp/tmpl2pas2xg']
[2023-01-08T14:22:02.732+0000] {standard_task_runner.py:80} INFO - Job 3991: Subtask check_stocksymbol_step
[2023-01-08T14:22:02.798+0000] {task_command.py:371} INFO - Running <TaskInstance: atn_import_data_from_apis.check_stocksymbol_step manual__2023-01-08T14:20:41.774645+00:00 [running]> on host 370ed6868bc3
[2023-01-08T14:22:02.900+0000] {taskinstance.py:1583} INFO - Exporting the following env vars:
AIRFLOW_CTX_DAG_OWNER=atn
AIRFLOW_CTX_DAG_ID=atn_import_data_from_apis
AIRFLOW_CTX_TASK_ID=check_stocksymbol_step
AIRFLOW_CTX_EXECUTION_DATE=2023-01-08T14:20:41.774645+00:00
AIRFLOW_CTX_TRY_NUMBER=1
AIRFLOW_CTX_DAG_RUN_ID=manual__2023-01-08T14:20:41.774645+00:00
[2023-01-08T14:22:02.910+0000] {base.py:68} INFO - Using connection ID 'aws_credentials' for task execution.
[2023-01-08T14:22:02.911+0000] {connection_wrapper.py:210} INFO - AWS Connection (conn_id='aws_credentials', conn_type='aws') credentials retrieved from login and password.
[2023-01-08T14:22:02.953+0000] {emr.py:443} INFO - Poking step s-G2167PMOM97D on cluster j-9LEVRHTCP62
[2023-01-08T14:22:03.668+0000] {emr.py:69} INFO - Job flow currently PENDING
[2023-01-08T14:23:03.728+0000] {emr.py:443} INFO - Poking step s-G2167PMOM97D on cluster j-9LEVRHTCP62
[2023-01-08T14:23:04.592+0000] {emr.py:69} INFO - Job flow currently PENDING
[2023-01-08T14:24:04.632+0000] {emr.py:443} INFO - Poking step s-G2167PMOM97D on cluster j-9LEVRHTCP62
[2023-01-08T14:24:05.417+0000] {emr.py:69} INFO - Job flow currently PENDING
[2023-01-08T14:25:05.477+0000] {emr.py:443} INFO - Poking step s-G2167PMOM97D on cluster j-9LEVRHTCP62
[2023-01-08T14:25:06.374+0000] {emr.py:69} INFO - Job flow currently PENDING
[2023-01-08T14:26:06.434+0000] {emr.py:443} INFO - Poking step s-G2167PMOM97D on cluster j-9LEVRHTCP62
[2023-01-08T14:26:07.282+0000] {emr.py:69} INFO - Job flow currently PENDING
[2023-01-08T14:27:07.344+0000] {emr.py:443} INFO - Poking step s-G2167PMOM97D on cluster j-9LEVRHTCP62
[2023-01-08T14:27:08.087+0000] {emr.py:69} INFO - Job flow currently PENDING
[2023-01-08T14:28:08.143+0000] {emr.py:443} INFO - Poking step s-G2167PMOM97D on cluster j-9LEVRHTCP62
[2023-01-08T14:28:09.037+0000] {emr.py:69} INFO - Job flow currently PENDING
[2023-01-08T14:29:09.099+0000] {emr.py:443} INFO - Poking step s-G2167PMOM97D on cluster j-9LEVRHTCP62
[2023-01-08T14:29:09.860+0000] {emr.py:69} INFO - Job flow currently PENDING
[2023-01-08T14:30:09.894+0000] {emr.py:443} INFO - Poking step s-G2167PMOM97D on cluster j-9LEVRHTCP62
[2023-01-08T14:30:10.612+0000] {emr.py:69} INFO - Job flow currently PENDING
[2023-01-08T14:31:10.644+0000] {emr.py:443} INFO - Poking step s-G2167PMOM97D on cluster j-9LEVRHTCP62
[2023-01-08T14:31:11.439+0000] {emr.py:69} INFO - Job flow currently RUNNING
[2023-01-08T14:32:11.440+0000] {emr.py:443} INFO - Poking step s-G2167PMOM97D on cluster j-9LEVRHTCP62
[2023-01-08T14:32:12.168+0000] {emr.py:69} INFO - Job flow currently RUNNING
[2023-01-08T14:33:12.174+0000] {emr.py:443} INFO - Poking step s-G2167PMOM97D on cluster j-9LEVRHTCP62
[2023-01-08T14:33:12.924+0000] {emr.py:69} INFO - Job flow currently COMPLETED
[2023-01-08T14:33:12.925+0000] {base.py:301} INFO - Success criteria met. Exiting.
[2023-01-08T14:33:12.987+0000] {taskinstance.py:1412} INFO - Marking task as SUCCESS. dag_id=atn_import_data_from_apis, task_id=check_stocksymbol_step, execution_date=20230108T142041, start_date=20230108T142202, end_date=20230108T143312
[2023-01-08T14:33:13.036+0000] {local_task_job.py:156} INFO - Task exited with return code 0
[2023-01-08T14:33:13.107+0000] {local_task_job.py:279} INFO - 1 downstream tasks scheduled from follow-on schedule check
