[2023-01-06T12:51:01.280+0000] {taskinstance.py:1171} INFO - Dependencies all met for <TaskInstance: atn_import_data_from_apis.check_get_tickers_cashflow_step scheduled__2023-01-06T00:00:00+00:00 [queued]>
[2023-01-06T12:51:01.291+0000] {taskinstance.py:1171} INFO - Dependencies all met for <TaskInstance: atn_import_data_from_apis.check_get_tickers_cashflow_step scheduled__2023-01-06T00:00:00+00:00 [queued]>
[2023-01-06T12:51:01.291+0000] {taskinstance.py:1368} INFO - 
--------------------------------------------------------------------------------
[2023-01-06T12:51:01.291+0000] {taskinstance.py:1369} INFO - Starting attempt 1 of 3
[2023-01-06T12:51:01.291+0000] {taskinstance.py:1370} INFO - 
--------------------------------------------------------------------------------
[2023-01-06T12:51:01.305+0000] {taskinstance.py:1389} INFO - Executing <Task(EmrStepSensor): check_get_tickers_cashflow_step> on 2023-01-06 00:00:00+00:00
[2023-01-06T12:51:01.310+0000] {standard_task_runner.py:52} INFO - Started process 224 to run task
[2023-01-06T12:51:01.313+0000] {standard_task_runner.py:79} INFO - Running: ['***', 'tasks', 'run', 'atn_import_data_from_apis', 'check_get_tickers_cashflow_step', 'scheduled__2023-01-06T00:00:00+00:00', '--job-id', '3862', '--raw', '--subdir', 'DAGS_FOLDER/market_data_analytics/my_dags/import_data_from_apis.py', '--cfg-path', '/tmp/tmp073vdds4', '--error-file', '/tmp/tmp8rrr4auc']
[2023-01-06T12:51:01.314+0000] {standard_task_runner.py:80} INFO - Job 3862: Subtask check_get_tickers_cashflow_step
[2023-01-06T12:51:01.328+0000] {warnings.py:110} WARNING - /home/***/.local/lib/python3.7/site-packages/***/configuration.py:538: DeprecationWarning: The sql_alchemy_conn option in [core] has been moved to the sql_alchemy_conn option in [database] - the old setting has been used, but please update your config.
  option = self._get_environment_variables(deprecated_key, deprecated_section, key, section)

[2023-01-06T12:51:01.378+0000] {task_command.py:371} INFO - Running <TaskInstance: atn_import_data_from_apis.check_get_tickers_cashflow_step scheduled__2023-01-06T00:00:00+00:00 [running]> on host 370ed6868bc3
[2023-01-06T12:51:01.472+0000] {taskinstance.py:1583} INFO - Exporting the following env vars:
AIRFLOW_CTX_DAG_OWNER=atn
AIRFLOW_CTX_DAG_ID=atn_import_data_from_apis
AIRFLOW_CTX_TASK_ID=check_get_tickers_cashflow_step
AIRFLOW_CTX_EXECUTION_DATE=2023-01-06T00:00:00+00:00
AIRFLOW_CTX_TRY_NUMBER=1
AIRFLOW_CTX_DAG_RUN_ID=scheduled__2023-01-06T00:00:00+00:00
[2023-01-06T12:51:01.482+0000] {base.py:68} INFO - Using connection ID 'aws_credentials' for task execution.
[2023-01-06T12:51:01.483+0000] {connection_wrapper.py:210} INFO - AWS Connection (conn_id='aws_credentials', conn_type='aws') credentials retrieved from login and password.
[2023-01-06T12:51:01.519+0000] {emr.py:443} INFO - Poking step s-FGPBVMAV9DXT on cluster j-3J07UP5RPSGPC
[2023-01-06T12:51:02.375+0000] {emr.py:69} INFO - Job flow currently PENDING
[2023-01-06T12:52:02.414+0000] {emr.py:443} INFO - Poking step s-FGPBVMAV9DXT on cluster j-3J07UP5RPSGPC
[2023-01-06T12:52:03.507+0000] {emr.py:69} INFO - Job flow currently COMPLETED
[2023-01-06T12:52:03.507+0000] {base.py:301} INFO - Success criteria met. Exiting.
[2023-01-06T12:52:03.549+0000] {taskinstance.py:1412} INFO - Marking task as SUCCESS. dag_id=atn_import_data_from_apis, task_id=check_get_tickers_cashflow_step, execution_date=20230106T000000, start_date=20230106T125101, end_date=20230106T125203
[2023-01-06T12:52:03.612+0000] {local_task_job.py:156} INFO - Task exited with return code 0
[2023-01-06T12:52:03.764+0000] {local_task_job.py:279} INFO - 1 downstream tasks scheduled from follow-on schedule check
