[2023-01-05T10:35:58.169+0000] {taskinstance.py:1171} INFO - Dependencies all met for <TaskInstance: atn_import_data_from_apis.check_get_tickers_analysis_step manual__2023-01-05T10:05:00.167541+00:00 [queued]>
[2023-01-05T10:35:58.186+0000] {taskinstance.py:1171} INFO - Dependencies all met for <TaskInstance: atn_import_data_from_apis.check_get_tickers_analysis_step manual__2023-01-05T10:05:00.167541+00:00 [queued]>
[2023-01-05T10:35:58.186+0000] {taskinstance.py:1368} INFO - 
--------------------------------------------------------------------------------
[2023-01-05T10:35:58.187+0000] {taskinstance.py:1369} INFO - Starting attempt 1 of 3
[2023-01-05T10:35:58.187+0000] {taskinstance.py:1370} INFO - 
--------------------------------------------------------------------------------
[2023-01-05T10:35:58.203+0000] {taskinstance.py:1389} INFO - Executing <Task(EmrStepSensor): check_get_tickers_analysis_step> on 2023-01-05 10:05:00.167541+00:00
[2023-01-05T10:35:58.208+0000] {standard_task_runner.py:52} INFO - Started process 203 to run task
[2023-01-05T10:35:58.212+0000] {standard_task_runner.py:79} INFO - Running: ['***', 'tasks', 'run', 'atn_import_data_from_apis', 'check_get_tickers_analysis_step', 'manual__2023-01-05T10:05:00.167541+00:00', '--job-id', '3725', '--raw', '--subdir', 'DAGS_FOLDER/market_data_analytics/my_dags/import_data_from_apis.py', '--cfg-path', '/tmp/tmp_wl6hwcn', '--error-file', '/tmp/tmp4k6a44dd']
[2023-01-05T10:35:58.212+0000] {standard_task_runner.py:80} INFO - Job 3725: Subtask check_get_tickers_analysis_step
[2023-01-05T10:35:58.338+0000] {task_command.py:371} INFO - Running <TaskInstance: atn_import_data_from_apis.check_get_tickers_analysis_step manual__2023-01-05T10:05:00.167541+00:00 [running]> on host 370ed6868bc3
[2023-01-05T10:35:58.444+0000] {taskinstance.py:1583} INFO - Exporting the following env vars:
AIRFLOW_CTX_DAG_OWNER=atn
AIRFLOW_CTX_DAG_ID=atn_import_data_from_apis
AIRFLOW_CTX_TASK_ID=check_get_tickers_analysis_step
AIRFLOW_CTX_EXECUTION_DATE=2023-01-05T10:05:00.167541+00:00
AIRFLOW_CTX_TRY_NUMBER=1
AIRFLOW_CTX_DAG_RUN_ID=manual__2023-01-05T10:05:00.167541+00:00
[2023-01-05T10:35:58.456+0000] {base.py:68} INFO - Using connection ID 'aws_credentials' for task execution.
[2023-01-05T10:35:58.457+0000] {connection_wrapper.py:210} INFO - AWS Connection (conn_id='aws_credentials', conn_type='aws') credentials retrieved from login and password.
[2023-01-05T10:35:58.496+0000] {emr.py:443} INFO - Poking step s-38J43SXJHHYDS on cluster j-275LF5U6JZLEP
[2023-01-05T10:35:59.313+0000] {emr.py:69} INFO - Job flow currently PENDING
[2023-01-05T10:36:59.343+0000] {emr.py:443} INFO - Poking step s-38J43SXJHHYDS on cluster j-275LF5U6JZLEP
[2023-01-05T10:37:00.274+0000] {emr.py:69} INFO - Job flow currently RUNNING
[2023-01-05T10:38:00.330+0000] {emr.py:443} INFO - Poking step s-38J43SXJHHYDS on cluster j-275LF5U6JZLEP
[2023-01-05T10:38:01.381+0000] {emr.py:69} INFO - Job flow currently COMPLETED
[2023-01-05T10:38:01.382+0000] {base.py:301} INFO - Success criteria met. Exiting.
[2023-01-05T10:38:01.418+0000] {taskinstance.py:1412} INFO - Marking task as SUCCESS. dag_id=atn_import_data_from_apis, task_id=check_get_tickers_analysis_step, execution_date=20230105T100500, start_date=20230105T103558, end_date=20230105T103801
[2023-01-05T10:38:01.445+0000] {local_task_job.py:156} INFO - Task exited with return code 0
[2023-01-05T10:38:01.504+0000] {local_task_job.py:279} INFO - 1 downstream tasks scheduled from follow-on schedule check
